<?xml version="1.0" encoding="UTF-8"?>
<coverage generated="1765296447608" clover="3.2.0">
  <project timestamp="1765296447608" name="All files">
    <metrics statements="429" coveredstatements="395" conditionals="266" coveredconditionals="232" methods="50" coveredmethods="47" elements="745" coveredelements="674" complexity="0" loc="429" ncloc="429" packages="1" files="1" classes="1"/>
    <file name="TemplateResolver.node.ts" path="E:\JLS Projects\TemplateProcessor Rebuild\temp-n8n-node\nodes\TemplateResolver\TemplateResolver.node.ts">
      <metrics statements="429" coveredstatements="395" conditionals="266" coveredconditionals="232" methods="50" coveredmethods="47"/>
      <line num="1" count="1" type="stmt"/>
      <line num="77" count="1" type="stmt"/>
      <line num="78" count="1" type="stmt"/>
      <line num="89" count="1" type="stmt"/>
      <line num="90" count="65" type="stmt"/>
      <line num="99" count="1" type="stmt"/>
      <line num="100" count="23" type="cond" truecount="4" falsecount="0"/>
      <line num="102" count="20" type="cond" truecount="2" falsecount="0"/>
      <line num="103" count="3" type="stmt"/>
      <line num="105" count="20" type="stmt"/>
      <line num="113" count="1" type="stmt"/>
      <line num="114" count="22" type="stmt"/>
      <line num="115" count="22" type="stmt"/>
      <line num="118" count="22" type="stmt"/>
      <line num="119" count="22" type="stmt"/>
      <line num="121" count="22" type="stmt"/>
      <line num="129" count="1" type="stmt"/>
      <line num="130" count="24" type="cond" truecount="2" falsecount="0"/>
      <line num="132" count="23" type="stmt"/>
      <line num="133" count="23" type="stmt"/>
      <line num="135" count="23" type="cond" truecount="4" falsecount="0"/>
      <line num="136" count="22" type="stmt"/>
      <line num="138" count="1" type="stmt"/>
      <line num="146" count="1" type="stmt"/>
      <line num="147" count="24" type="stmt"/>
      <line num="148" count="24" type="stmt"/>
      <line num="150" count="34" type="stmt"/>
      <line num="151" count="34" type="stmt"/>
      <line num="159" count="1" type="stmt"/>
      <line num="160" count="17" type="stmt"/>
      <line num="163" count="17" type="stmt"/>
      <line num="165" count="17" type="stmt"/>
      <line num="166" count="12" type="stmt"/>
      <line num="167" count="14" type="stmt"/>
      <line num="168" count="14" type="cond" truecount="1" falsecount="1"/>
      <line num="173" count="17" type="stmt"/>
      <line num="174" count="17" type="stmt"/>
      <line num="175" count="3" type="stmt"/>
      <line num="176" count="3" type="stmt"/>
      <line num="177" count="3" type="cond" truecount="1" falsecount="1"/>
      <line num="181" count="17" type="stmt"/>
      <line num="189" count="1" type="stmt"/>
      <line num="190" count="12" type="stmt"/>
      <line num="191" count="12" type="stmt"/>
      <line num="194" count="12" type="stmt"/>
      <line num="195" count="5" type="stmt"/>
      <line num="197" count="12" type="stmt"/>
      <line num="205" count="1" type="stmt"/>
      <line num="206" count="13" type="stmt"/>
      <line num="207" count="13" type="stmt"/>
      <line num="210" count="13" type="stmt"/>
      <line num="211" count="6" type="stmt"/>
      <line num="213" count="13" type="stmt"/>
      <line num="221" count="1" type="stmt"/>
      <line num="222" count="13" type="stmt"/>
      <line num="223" count="13" type="stmt"/>
      <line num="226" count="13" type="stmt"/>
      <line num="227" count="5" type="stmt"/>
      <line num="229" count="13" type="stmt"/>
      <line num="237" count="1" type="stmt"/>
      <line num="238" count="8" type="stmt"/>
      <line num="240" count="8" type="stmt"/>
      <line num="241" count="9" type="stmt"/>
      <line num="243" count="8" type="stmt"/>
      <line num="244" count="3" type="stmt"/>
      <line num="246" count="8" type="stmt"/>
      <line num="247" count="1" type="stmt"/>
      <line num="249" count="8" type="stmt"/>
      <line num="250" count="1" type="stmt"/>
      <line num="252" count="8" type="stmt"/>
      <line num="253" count="1" type="stmt"/>
      <line num="256" count="8" type="stmt"/>
      <line num="269" count="1" type="stmt"/>
      <line num="270" count="5" type="stmt"/>
      <line num="279" count="1" type="stmt"/>
      <line num="280" count="103" type="cond" truecount="2" falsecount="0"/>
      <line num="281" count="99" type="stmt"/>
      <line num="282" count="99" type="cond" truecount="2" falsecount="0"/>
      <line num="293" count="1" type="stmt"/>
      <line num="299" count="59" type="stmt"/>
      <line num="300" count="59" type="cond" truecount="2" falsecount="0"/>
      <line num="302" count="59" type="cond" truecount="19" falsecount="0"/>
      <line num="306" count="13" type="stmt"/>
      <line num="310" count="4" type="stmt"/>
      <line num="313" count="17" type="stmt"/>
      <line num="316" count="4" type="stmt"/>
      <line num="318" count="2" type="stmt"/>
      <line num="320" count="2" type="stmt"/>
      <line num="322" count="2" type="stmt"/>
      <line num="324" count="2" type="stmt"/>
      <line num="326" count="3" type="cond" truecount="1" falsecount="1"/>
      <line num="328" count="3" type="cond" truecount="2" falsecount="0"/>
      <line num="330" count="2" type="stmt"/>
      <line num="332" count="3" type="cond" truecount="2" falsecount="0"/>
      <line num="334" count="2" type="stmt"/>
      <line num="344" count="1" type="stmt"/>
      <line num="345" count="113" type="stmt"/>
      <line num="347" count="113" type="cond" truecount="2" falsecount="0"/>
      <line num="348" count="91" type="stmt"/>
      <line num="351" count="22" type="stmt"/>
      <line num="352" count="22" type="stmt"/>
      <line num="353" count="22" type="stmt"/>
      <line num="355" count="22" type="stmt"/>
      <line num="363" count="1" type="stmt"/>
      <line num="364" count="67" type="stmt"/>
      <line num="365" count="67" type="stmt"/>
      <line num="366" count="67" type="stmt"/>
      <line num="367" count="67" type="stmt"/>
      <line num="369" count="67" type="stmt"/>
      <line num="370" count="267" type="stmt"/>
      <line num="372" count="267" type="cond" truecount="5" falsecount="0"/>
      <line num="373" count="5" type="stmt"/>
      <line num="374" count="5" type="stmt"/>
      <line num="375" count="5" type="stmt"/>
      <line num="376" count="262" type="cond" truecount="4" falsecount="0"/>
      <line num="377" count="5" type="stmt"/>
      <line num="378" count="5" type="stmt"/>
      <line num="379" count="5" type="stmt"/>
      <line num="380" count="257" type="cond" truecount="4" falsecount="0"/>
      <line num="381" count="11" type="cond" truecount="1" falsecount="1"/>
      <line num="382" count="11" type="stmt"/>
      <line num="383" count="11" type="stmt"/>
      <line num="384" count="246" type="cond" truecount="4" falsecount="0"/>
      <line num="385" count="11" type="cond" truecount="2" falsecount="0"/>
      <line num="386" count="11" type="stmt"/>
      <line num="387" count="11" type="stmt"/>
      <line num="388" count="235" type="cond" truecount="2" falsecount="0"/>
      <line num="389" count="200" type="stmt"/>
      <line num="390" count="200" type="cond" truecount="2" falsecount="0"/>
      <line num="391" count="14" type="cond" truecount="2" falsecount="0"/>
      <line num="392" count="14" type="stmt"/>
      <line num="393" count="14" type="stmt"/>
      <line num="394" count="14" type="stmt"/>
      <line num="395" count="186" type="cond" truecount="2" falsecount="0"/>
      <line num="396" count="9" type="cond" truecount="2" falsecount="0"/>
      <line num="397" count="9" type="stmt"/>
      <line num="398" count="9" type="stmt"/>
      <line num="399" count="9" type="stmt"/>
      <line num="401" count="177" type="stmt"/>
      <line num="404" count="35" type="stmt"/>
      <line num="408" count="67" type="cond" truecount="2" falsecount="0"/>
      <line num="409" count="67" type="stmt"/>
      <line num="418" count="1" type="stmt"/>
      <line num="419" count="75" type="stmt"/>
      <line num="420" count="75" type="stmt"/>
      <line num="422" count="75" type="stmt"/>
      <line num="423" count="124" type="cond" truecount="4" falsecount="0"/>
      <line num="424" count="25" type="stmt"/>
      <line num="425" count="99" type="cond" truecount="2" falsecount="0"/>
      <line num="426" count="6" type="stmt"/>
      <line num="427" count="93" type="cond" truecount="2" falsecount="0"/>
      <line num="428" count="3" type="stmt"/>
      <line num="430" count="90" type="stmt"/>
      <line num="435" count="75" type="stmt"/>
      <line num="436" count="75" type="stmt"/>
      <line num="437" count="25" type="cond" truecount="2" falsecount="0"/>
      <line num="438" count="14" type="cond" truecount="2" falsecount="0"/>
      <line num="439" count="14" type="stmt"/>
      <line num="441" count="11" type="stmt"/>
      <line num="446" count="75" type="stmt"/>
      <line num="447" count="75" type="stmt"/>
      <line num="448" count="11" type="cond" truecount="1" falsecount="1"/>
      <line num="449" count="11" type="cond" truecount="2" falsecount="0"/>
      <line num="450" count="11" type="stmt"/>
      <line num="452" count="0" type="stmt"/>
      <line num="456" count="75" type="cond" truecount="4" falsecount="0"/>
      <line num="465" count="1" type="stmt"/>
      <line num="466" count="57" type="stmt"/>
      <line num="467" count="57" type="stmt"/>
      <line num="470" count="57" type="stmt"/>
      <line num="471" count="7" type="stmt"/>
      <line num="472" count="7" type="stmt"/>
      <line num="473" count="7" type="stmt"/>
      <line num="474" count="7" type="stmt"/>
      <line num="475" count="7" type="stmt"/>
      <line num="478" count="57" type="stmt"/>
      <line num="491" count="1" type="stmt"/>
      <line num="492" count="41" type="stmt"/>
      <line num="493" count="41" type="stmt"/>
      <line num="495" count="41" type="stmt"/>
      <line num="496" count="415" type="stmt"/>
      <line num="498" count="415" type="cond" truecount="2" falsecount="0"/>
      <line num="499" count="49" type="stmt"/>
      <line num="500" count="49" type="stmt"/>
      <line num="501" count="366" type="cond" truecount="2" falsecount="0"/>
      <line num="502" count="47" type="cond" truecount="2" falsecount="0"/>
      <line num="503" count="8" type="stmt"/>
      <line num="504" count="8" type="stmt"/>
      <line num="506" count="319" type="stmt"/>
      <line num="510" count="2" type="stmt"/>
      <line num="518" count="1" type="stmt"/>
      <line num="519" count="67" type="stmt"/>
      <line num="520" count="67" type="stmt"/>
      <line num="522" count="67" type="stmt"/>
      <line num="523" count="789" type="stmt"/>
      <line num="524" count="789" type="stmt"/>
      <line num="526" count="789" type="cond" truecount="2" falsecount="0"/>
      <line num="527" count="752" type="stmt"/>
      <line num="528" count="752" type="stmt"/>
      <line num="531" count="37" type="stmt"/>
      <line num="532" count="37" type="stmt"/>
      <line num="533" count="37" type="stmt"/>
      <line num="534" count="37" type="stmt"/>
      <line num="536" count="37" type="cond" truecount="2" falsecount="0"/>
      <line num="537" count="1" type="stmt"/>
      <line num="538" count="1" type="stmt"/>
      <line num="541" count="36" type="stmt"/>
      <line num="547" count="36" type="stmt"/>
      <line num="550" count="67" type="stmt"/>
      <line num="558" count="1" type="stmt"/>
      <line num="559" count="46" type="stmt"/>
      <line num="560" count="46" type="stmt"/>
      <line num="561" count="46" type="stmt"/>
      <line num="563" count="46" type="stmt"/>
      <line num="564" count="361" type="stmt"/>
      <line num="566" count="361" type="cond" truecount="2" falsecount="0"/>
      <line num="567" count="7" type="stmt"/>
      <line num="568" count="7" type="stmt"/>
      <line num="569" count="354" type="cond" truecount="2" falsecount="0"/>
      <line num="570" count="7" type="stmt"/>
      <line num="571" count="7" type="stmt"/>
      <line num="572" count="347" type="cond" truecount="2" falsecount="0"/>
      <line num="573" count="322" type="stmt"/>
      <line num="574" count="322" type="cond" truecount="2" falsecount="0"/>
      <line num="575" count="13" type="stmt"/>
      <line num="581" count="13" type="stmt"/>
      <line num="582" count="13" type="stmt"/>
      <line num="585" count="309" type="stmt"/>
      <line num="586" count="309" type="cond" truecount="2" falsecount="0"/>
      <line num="587" count="9" type="stmt"/>
      <line num="593" count="9" type="stmt"/>
      <line num="594" count="9" type="stmt"/>
      <line num="597" count="300" type="stmt"/>
      <line num="599" count="25" type="stmt"/>
      <line num="603" count="46" type="stmt"/>
      <line num="611" count="1" type="stmt"/>
      <line num="612" count="40" type="stmt"/>
      <line num="614" count="40" type="cond" truecount="2" falsecount="0"/>
      <line num="615" count="28" type="stmt"/>
      <line num="618" count="12" type="stmt"/>
      <line num="624" count="12" type="stmt"/>
      <line num="625" count="17" type="stmt"/>
      <line num="626" count="17" type="stmt"/>
      <line num="627" count="17" type="cond" truecount="8" falsecount="0"/>
      <line num="628" count="17" type="stmt"/>
      <line num="630" count="17" type="cond" truecount="4" falsecount="0"/>
      <line num="631" count="10" type="stmt"/>
      <line num="632" count="7" type="cond" truecount="1" falsecount="1"/>
      <line num="633" count="7" type="stmt"/>
      <line num="634" count="7" type="stmt"/>
      <line num="638" count="12" type="stmt"/>
      <line num="648" count="1" type="stmt"/>
      <line num="653" count="36" type="stmt"/>
      <line num="655" count="36" type="cond" truecount="2" falsecount="0"/>
      <line num="656" count="22" type="stmt"/>
      <line num="659" count="14" type="stmt"/>
      <line num="660" count="7" type="cond" truecount="2" falsecount="0"/>
      <line num="661" count="6" type="stmt"/>
      <line num="665" count="8" type="cond" truecount="4" falsecount="0"/>
      <line num="674" count="1" type="stmt"/>
      <line num="675" count="32" type="stmt"/>
      <line num="676" count="32" type="stmt"/>
      <line num="678" count="32" type="stmt"/>
      <line num="679" count="62" type="stmt"/>
      <line num="680" count="62" type="cond" truecount="2" falsecount="0"/>
      <line num="683" count="30" type="stmt"/>
      <line num="685" count="30" type="stmt"/>
      <line num="686" count="30" type="stmt"/>
      <line num="687" count="31" type="stmt"/>
      <line num="688" count="31" type="cond" truecount="1" falsecount="1"/>
      <line num="690" count="31" type="stmt"/>
      <line num="691" count="31" type="stmt"/>
      <line num="692" count="31" type="stmt"/>
      <line num="695" count="30" type="cond" truecount="1" falsecount="1"/>
      <line num="696" count="30" type="stmt"/>
      <line num="699" count="32" type="stmt"/>
      <line num="711" count="1" type="stmt"/>
      <line num="717" count="25" type="stmt"/>
      <line num="719" count="25" type="stmt"/>
      <line num="722" count="25" type="stmt"/>
      <line num="723" count="35" type="stmt"/>
      <line num="731" count="25" type="stmt"/>
      <line num="732" count="25" type="cond" truecount="6" falsecount="0"/>
      <line num="733" count="6" type="stmt"/>
      <line num="740" count="25" type="stmt"/>
      <line num="742" count="25" type="stmt"/>
      <line num="743" count="25" type="stmt"/>
      <line num="745" count="25" type="stmt"/>
      <line num="746" count="41" type="stmt"/>
      <line num="747" count="41" type="stmt"/>
      <line num="748" count="41" type="cond" truecount="8" falsecount="0"/>
      <line num="749" count="41" type="stmt"/>
      <line num="751" count="41" type="cond" truecount="4" falsecount="0"/>
      <line num="752" count="35" type="stmt"/>
      <line num="753" count="6" type="cond" truecount="1" falsecount="1"/>
      <line num="754" count="6" type="stmt"/>
      <line num="758" count="25" type="stmt"/>
      <line num="767" count="1" type="stmt"/>
      <line num="768" count="18" type="stmt"/>
      <line num="770" count="18" type="stmt"/>
      <line num="771" count="24" type="cond" truecount="2" falsecount="0"/>
      <line num="772" count="15" type="stmt"/>
      <line num="776" count="3" type="cond" truecount="8" falsecount="0"/>
      <line num="785" count="1" type="stmt"/>
      <line num="786" count="20" type="stmt"/>
      <line num="788" count="20" type="stmt"/>
      <line num="789" count="11" type="cond" truecount="4" falsecount="0"/>
      <line num="790" count="11" type="stmt"/>
      <line num="804" count="1" type="stmt"/>
      <line num="805" count="31" type="stmt"/>
      <line num="806" count="31" type="stmt"/>
      <line num="808" count="31" type="cond" truecount="2" falsecount="0"/>
      <line num="809" count="7" type="cond" truecount="4" falsecount="0"/>
      <line num="810" count="6" type="stmt"/>
      <line num="812" count="1" type="stmt"/>
      <line num="816" count="30" type="stmt"/>
      <line num="826" count="1" type="stmt"/>
      <line num="827" count="45" type="stmt"/>
      <line num="830" count="45" type="stmt"/>
      <line num="831" count="45" type="stmt"/>
      <line num="832" count="10" type="cond" truecount="5" falsecount="0"/>
      <line num="833" count="9" type="cond" truecount="4" falsecount="0"/>
      <line num="835" count="1" type="stmt"/>
      <line num="839" count="45" type="stmt"/>
      <line num="840" count="45" type="stmt"/>
      <line num="844" count="45" type="stmt"/>
      <line num="855" count="1" type="stmt"/>
      <line num="861" count="23" type="stmt"/>
      <line num="862" count="23" type="cond" truecount="2" falsecount="0"/>
      <line num="864" count="21" type="cond" truecount="2" falsecount="0"/>
      <line num="865" count="39" type="stmt"/>
      <line num="874" count="1" type="stmt"/>
      <line num="875" count="23" type="stmt"/>
      <line num="876" count="23" type="stmt"/>
      <line num="878" count="23" type="stmt"/>
      <line num="879" count="37" type="stmt"/>
      <line num="880" count="37" type="stmt"/>
      <line num="882" count="37" type="stmt"/>
      <line num="883" count="16" type="stmt"/>
      <line num="886" count="37" type="stmt"/>
      <line num="889" count="23" type="stmt"/>
      <line num="903" count="1" type="stmt"/>
      <line num="908" count="15" type="stmt"/>
      <line num="910" count="15" type="stmt"/>
      <line num="911" count="15" type="cond" truecount="2" falsecount="0"/>
      <line num="912" count="14" type="cond" truecount="1" falsecount="1"/>
      <line num="913" count="14" type="stmt"/>
      <line num="918" count="15" type="cond" truecount="4" falsecount="0"/>
      <line num="919" count="13" type="stmt"/>
      <line num="922" count="2" type="cond" truecount="1" falsecount="1"/>
      <line num="923" count="2" type="cond" truecount="1" falsecount="1"/>
      <line num="924" count="2" type="cond" truecount="4" falsecount="2"/>
      <line num="925" count="0" type="stmt"/>
      <line num="929" count="2" type="stmt"/>
      <line num="938" count="1" type="stmt"/>
      <line num="939" count="19" type="stmt"/>
      <line num="941" count="19" type="stmt"/>
      <line num="942" count="19" type="stmt"/>
      <line num="943" count="19" type="stmt"/>
      <line num="944" count="19" type="stmt"/>
      <line num="946" count="19" type="stmt"/>
      <line num="947" count="42" type="stmt"/>
      <line num="949" count="42" type="cond" truecount="2" falsecount="0"/>
      <line num="950" count="12" type="stmt"/>
      <line num="951" count="12" type="cond" truecount="2" falsecount="0"/>
      <line num="952" count="11" type="stmt"/>
      <line num="953" count="11" type="stmt"/>
      <line num="954" count="11" type="stmt"/>
      <line num="957" count="30" type="stmt"/>
      <line num="959" count="30" type="stmt"/>
      <line num="960" count="30" type="stmt"/>
      <line num="962" count="30" type="cond" truecount="5" falsecount="0"/>
      <line num="963" count="2" type="stmt"/>
      <line num="964" count="2" type="stmt"/>
      <line num="969" count="19" type="stmt"/>
      <line num="982" count="1" type="stmt"/>
      <line num="983" count="27" type="stmt"/>
      <line num="984" count="27" type="stmt"/>
      <line num="985" count="27" type="cond" truecount="2" falsecount="0"/>
      <line num="998" count="1" type="stmt"/>
      <line num="999" count="21" type="stmt"/>
      <line num="1017" count="1" type="stmt"/>
      <line num="1018" count="16" type="cond" truecount="4" falsecount="0"/>
      <line num="1019" count="3" type="stmt"/>
      <line num="1022" count="13" type="stmt"/>
      <line num="1025" count="13" type="stmt"/>
      <line num="1026" count="13" type="stmt"/>
      <line num="1027" count="13" type="stmt"/>
      <line num="1028" count="13" type="stmt"/>
      <line num="1029" count="13" type="stmt"/>
      <line num="1031" count="13" type="stmt"/>
      <line num="1042" count="1" type="stmt"/>
      <line num="1044" count="1" type="stmt"/>
      <line num="1052" count="1" type="stmt"/>
      <line num="1056" count="2" type="stmt"/>
      <line num="1060" count="2" type="stmt"/>
      <line num="1068" count="1" type="stmt"/>
      <line num="1069" count="0" type="stmt"/>
      <line num="1170" count="0" type="stmt"/>
      <line num="1171" count="0" type="stmt"/>
      <line num="1173" count="0" type="stmt"/>
      <line num="1174" count="0" type="stmt"/>
      <line num="1176" count="0" type="stmt"/>
      <line num="1177" count="0" type="stmt"/>
      <line num="1180" count="0" type="stmt"/>
      <line num="1181" count="0" type="stmt"/>
      <line num="1182" count="0" type="stmt"/>
      <line num="1185" count="0" type="stmt"/>
      <line num="1188" count="0" type="stmt"/>
      <line num="1189" count="0" type="cond" truecount="0" falsecount="6"/>
      <line num="1190" count="0" type="stmt"/>
      <line num="1191" count="0" type="cond" truecount="0" falsecount="4"/>
      <line num="1192" count="0" type="stmt"/>
      <line num="1198" count="0" type="stmt"/>
      <line num="1200" count="0" type="cond" truecount="0" falsecount="4"/>
      <line num="1201" count="0" type="stmt"/>
      <line num="1210" count="0" type="cond" truecount="0" falsecount="2"/>
      <line num="1211" count="0" type="stmt"/>
      <line num="1212" count="0" type="stmt"/>
      <line num="1217" count="0" type="stmt"/>
      <line num="1220" count="0" type="stmt"/>
      <line num="1224" count="0" type="cond" truecount="0" falsecount="2"/>
      <line num="1225" count="0" type="stmt"/>
      <line num="1233" count="0" type="stmt"/>
      <line num="1238" count="0" type="cond" truecount="0" falsecount="2"/>
      <line num="1239" count="0" type="stmt"/>
      <line num="1243" count="0" type="stmt"/>
      <line num="1245" count="0" type="stmt"/>
      <line num="1249" count="0" type="stmt"/>
    </file>
  </project>
</coverage>
