{"E:\\JLS Projects\\TemplateProcessor Rebuild\\n8n-nodes-template-resolver\\nodes\\TemplateResolver\\TemplateResolver.node.ts": {"path":"E:\\JLS Projects\\TemplateProcessor Rebuild\\n8n-nodes-template-resolver\\nodes\\TemplateResolver\\TemplateResolver.node.ts","statementMap":{"0":{"start":{"line":89,"column":0},"end":{"line":89,"column":16}},"1":{"start":{"line":99,"column":0},"end":{"line":99,"column":16}},"2":{"start":{"line":113,"column":0},"end":{"line":113,"column":16}},"3":{"start":{"line":129,"column":0},"end":{"line":129,"column":16}},"4":{"start":{"line":146,"column":0},"end":{"line":146,"column":16}},"5":{"start":{"line":159,"column":0},"end":{"line":159,"column":16}},"6":{"start":{"line":189,"column":0},"end":{"line":189,"column":16}},"7":{"start":{"line":205,"column":0},"end":{"line":205,"column":16}},"8":{"start":{"line":221,"column":0},"end":{"line":221,"column":16}},"9":{"start":{"line":237,"column":0},"end":{"line":237,"column":16}},"10":{"start":{"line":269,"column":0},"end":{"line":269,"column":16}},"11":{"start":{"line":279,"column":0},"end":{"line":279,"column":16}},"12":{"start":{"line":293,"column":0},"end":{"line":293,"column":16}},"13":{"start":{"line":344,"column":0},"end":{"line":344,"column":16}},"14":{"start":{"line":363,"column":0},"end":{"line":363,"column":16}},"15":{"start":{"line":418,"column":0},"end":{"line":418,"column":16}},"16":{"start":{"line":465,"column":0},"end":{"line":465,"column":16}},"17":{"start":{"line":491,"column":0},"end":{"line":491,"column":16}},"18":{"start":{"line":518,"column":0},"end":{"line":518,"column":16}},"19":{"start":{"line":558,"column":0},"end":{"line":558,"column":16}},"20":{"start":{"line":611,"column":0},"end":{"line":611,"column":16}},"21":{"start":{"line":648,"column":0},"end":{"line":648,"column":16}},"22":{"start":{"line":674,"column":0},"end":{"line":674,"column":16}},"23":{"start":{"line":711,"column":0},"end":{"line":711,"column":16}},"24":{"start":{"line":767,"column":0},"end":{"line":767,"column":16}},"25":{"start":{"line":785,"column":0},"end":{"line":785,"column":16}},"26":{"start":{"line":804,"column":0},"end":{"line":804,"column":16}},"27":{"start":{"line":862,"column":0},"end":{"line":862,"column":16}},"28":{"start":{"line":891,"column":0},"end":{"line":891,"column":16}},"29":{"start":{"line":923,"column":0},"end":{"line":923,"column":16}},"30":{"start":{"line":952,"column":0},"end":{"line":952,"column":16}},"31":{"start":{"line":987,"column":0},"end":{"line":987,"column":16}},"32":{"start":{"line":1031,"column":0},"end":{"line":1031,"column":16}},"33":{"start":{"line":1053,"column":0},"end":{"line":1053,"column":16}},"34":{"start":{"line":1072,"column":0},"end":{"line":1072,"column":16}},"35":{"start":{"line":1,"column":0},"end":{"line":1,"column":null}},"36":{"start":{"line":77,"column":26},"end":{"line":77,"column":28}},"37":{"start":{"line":78,"column":18},"end":{"line":78,"column":29}},"38":{"start":{"line":90,"column":2},"end":{"line":90,"column":48}},"39":{"start":{"line":100,"column":2},"end":{"line":100,"column":56}},"40":{"start":{"line":100,"column":49},"end":{"line":100,"column":56}},"41":{"start":{"line":102,"column":2},"end":{"line":104,"column":3}},"42":{"start":{"line":103,"column":4},"end":{"line":103,"column":41}},"43":{"start":{"line":105,"column":2},"end":{"line":105,"column":25}},"44":{"start":{"line":114,"column":30},"end":{"line":114,"column":32}},"45":{"start":{"line":115,"column":16},"end":{"line":115,"column":44}},"46":{"start":{"line":118,"column":2},"end":{"line":120,"column":3}},"47":{"start":{"line":119,"column":4},"end":{"line":119,"column":29}},"48":{"start":{"line":121,"column":2},"end":{"line":121,"column":19}},"49":{"start":{"line":130,"column":2},"end":{"line":130,"column":30}},"50":{"start":{"line":130,"column":18},"end":{"line":130,"column":30}},"51":{"start":{"line":132,"column":24},"end":{"line":132,"column":54}},"52":{"start":{"line":133,"column":17},"end":{"line":133,"column":43}},"53":{"start":{"line":135,"column":2},"end":{"line":137,"column":3}},"54":{"start":{"line":136,"column":4},"end":{"line":136,"column":21}},"55":{"start":{"line":138,"column":2},"end":{"line":138,"column":14}},"56":{"start":{"line":147,"column":24},"end":{"line":147,"column":56}},"57":{"start":{"line":148,"column":2},"end":{"line":151,"column":31}},"58":{"start":{"line":150,"column":14},"end":{"line":150,"column":22}},"59":{"start":{"line":151,"column":17},"end":{"line":151,"column":29}},"60":{"start":{"line":160,"column":30},"end":{"line":160,"column":32}},"61":{"start":{"line":163,"column":18},"end":{"line":163,"column":41}},"62":{"start":{"line":165,"column":2},"end":{"line":170,"column":3}},"63":{"start":{"line":166,"column":4},"end":{"line":169,"column":5}},"64":{"start":{"line":167,"column":22},"end":{"line":167,"column":61}},"65":{"start":{"line":168,"column":6},"end":{"line":168,"column":43}},"66":{"start":{"line":168,"column":19},"end":{"line":168,"column":43}},"67":{"start":{"line":173,"column":22},"end":{"line":173,"column":54}},"68":{"start":{"line":174,"column":2},"end":{"line":179,"column":3}},"69":{"start":{"line":175,"column":4},"end":{"line":178,"column":5}},"70":{"start":{"line":176,"column":22},"end":{"line":176,"column":61}},"71":{"start":{"line":177,"column":6},"end":{"line":177,"column":43}},"72":{"start":{"line":177,"column":19},"end":{"line":177,"column":43}},"73":{"start":{"line":181,"column":2},"end":{"line":181,"column":19}},"74":{"start":{"line":190,"column":30},"end":{"line":190,"column":32}},"75":{"start":{"line":191,"column":16},"end":{"line":191,"column":49}},"76":{"start":{"line":194,"column":2},"end":{"line":196,"column":3}},"77":{"start":{"line":195,"column":4},"end":{"line":195,"column":29}},"78":{"start":{"line":197,"column":2},"end":{"line":197,"column":19}},"79":{"start":{"line":206,"column":30},"end":{"line":206,"column":32}},"80":{"start":{"line":207,"column":16},"end":{"line":207,"column":64}},"81":{"start":{"line":210,"column":2},"end":{"line":212,"column":3}},"82":{"start":{"line":211,"column":4},"end":{"line":211,"column":29}},"83":{"start":{"line":213,"column":2},"end":{"line":213,"column":19}},"84":{"start":{"line":222,"column":30},"end":{"line":222,"column":32}},"85":{"start":{"line":223,"column":16},"end":{"line":223,"column":49}},"86":{"start":{"line":226,"column":2},"end":{"line":228,"column":3}},"87":{"start":{"line":227,"column":4},"end":{"line":227,"column":29}},"88":{"start":{"line":229,"column":2},"end":{"line":229,"column":19}},"89":{"start":{"line":238,"column":20},"end":{"line":238,"column":37}},"90":{"start":{"line":240,"column":2},"end":{"line":242,"column":3}},"91":{"start":{"line":241,"column":4},"end":{"line":241,"column":35}},"92":{"start":{"line":243,"column":2},"end":{"line":245,"column":3}},"93":{"start":{"line":244,"column":4},"end":{"line":244,"column":35}},"94":{"start":{"line":246,"column":2},"end":{"line":248,"column":3}},"95":{"start":{"line":247,"column":4},"end":{"line":247,"column":35}},"96":{"start":{"line":249,"column":2},"end":{"line":251,"column":3}},"97":{"start":{"line":250,"column":4},"end":{"line":250,"column":35}},"98":{"start":{"line":252,"column":2},"end":{"line":254,"column":3}},"99":{"start":{"line":253,"column":4},"end":{"line":253,"column":35}},"100":{"start":{"line":256,"column":2},"end":{"line":256,"column":38}},"101":{"start":{"line":270,"column":2},"end":{"line":270,"column":29}},"102":{"start":{"line":280,"column":2},"end":{"line":280,"column":41}},"103":{"start":{"line":280,"column":28},"end":{"line":280,"column":41}},"104":{"start":{"line":281,"column":16},"end":{"line":281,"column":35}},"105":{"start":{"line":282,"column":2},"end":{"line":282,"column":54}},"106":{"start":{"line":299,"column":19},"end":{"line":299,"column":41}},"107":{"start":{"line":300,"column":19},"end":{"line":300,"column":59}},"108":{"start":{"line":302,"column":2},"end":{"line":335,"column":3}},"109":{"start":{"line":306,"column":6},"end":{"line":306,"column":39}},"110":{"start":{"line":310,"column":6},"end":{"line":310,"column":39}},"111":{"start":{"line":313,"column":6},"end":{"line":313,"column":36}},"112":{"start":{"line":316,"column":6},"end":{"line":316,"column":36}},"113":{"start":{"line":318,"column":6},"end":{"line":318,"column":45}},"114":{"start":{"line":320,"column":6},"end":{"line":320,"column":46}},"115":{"start":{"line":322,"column":6},"end":{"line":322,"column":47}},"116":{"start":{"line":324,"column":6},"end":{"line":324,"column":45}},"117":{"start":{"line":326,"column":6},"end":{"line":326,"column":65}},"118":{"start":{"line":328,"column":6},"end":{"line":328,"column":65}},"119":{"start":{"line":330,"column":6},"end":{"line":330,"column":37}},"120":{"start":{"line":332,"column":6},"end":{"line":332,"column":64}},"121":{"start":{"line":334,"column":6},"end":{"line":334,"column":36}},"122":{"start":{"line":345,"column":17},"end":{"line":345,"column":46}},"123":{"start":{"line":347,"column":2},"end":{"line":349,"column":3}},"124":{"start":{"line":348,"column":4},"end":{"line":348,"column":50}},"125":{"start":{"line":351,"column":18},"end":{"line":351,"column":27}},"126":{"start":{"line":352,"column":19},"end":{"line":352,"column":28}},"127":{"start":{"line":353,"column":23},"end":{"line":353,"column":76}},"128":{"start":{"line":355,"column":2},"end":{"line":355,"column":72}},"129":{"start":{"line":364,"column":27},"end":{"line":364,"column":29}},"130":{"start":{"line":365,"column":16},"end":{"line":365,"column":18}},"131":{"start":{"line":366,"column":17},"end":{"line":366,"column":22}},"132":{"start":{"line":367,"column":18},"end":{"line":367,"column":20}},"133":{"start":{"line":369,"column":2},"end":{"line":406,"column":3}},"134":{"start":{"line":369,"column":15},"end":{"line":369,"column":16}},"135":{"start":{"line":370,"column":17},"end":{"line":370,"column":30}},"136":{"start":{"line":372,"column":4},"end":{"line":405,"column":5}},"137":{"start":{"line":373,"column":6},"end":{"line":373,"column":22}},"138":{"start":{"line":374,"column":6},"end":{"line":374,"column":23}},"139":{"start":{"line":375,"column":6},"end":{"line":375,"column":22}},"140":{"start":{"line":376,"column":11},"end":{"line":405,"column":5}},"141":{"start":{"line":377,"column":6},"end":{"line":377,"column":23}},"142":{"start":{"line":378,"column":6},"end":{"line":378,"column":21}},"143":{"start":{"line":379,"column":6},"end":{"line":379,"column":22}},"144":{"start":{"line":380,"column":11},"end":{"line":405,"column":5}},"145":{"start":{"line":381,"column":6},"end":{"line":381,"column":54}},"146":{"start":{"line":381,"column":26},"end":{"line":381,"column":54}},"147":{"start":{"line":382,"column":6},"end":{"line":382,"column":23}},"148":{"start":{"line":383,"column":6},"end":{"line":383,"column":19}},"149":{"start":{"line":384,"column":11},"end":{"line":405,"column":5}},"150":{"start":{"line":385,"column":6},"end":{"line":385,"column":54}},"151":{"start":{"line":385,"column":26},"end":{"line":385,"column":54}},"152":{"start":{"line":386,"column":6},"end":{"line":386,"column":23}},"153":{"start":{"line":387,"column":6},"end":{"line":387,"column":19}},"154":{"start":{"line":388,"column":11},"end":{"line":405,"column":5}},"155":{"start":{"line":389,"column":24},"end":{"line":389,"column":57}},"156":{"start":{"line":390,"column":6},"end":{"line":402,"column":7}},"157":{"start":{"line":391,"column":8},"end":{"line":391,"column":56}},"158":{"start":{"line":391,"column":28},"end":{"line":391,"column":56}},"159":{"start":{"line":392,"column":8},"end":{"line":392,"column":27}},"160":{"start":{"line":393,"column":8},"end":{"line":393,"column":21}},"161":{"start":{"line":394,"column":8},"end":{"line":394,"column":15}},"162":{"start":{"line":395,"column":13},"end":{"line":402,"column":7}},"163":{"start":{"line":396,"column":8},"end":{"line":396,"column":56}},"164":{"start":{"line":396,"column":28},"end":{"line":396,"column":56}},"165":{"start":{"line":397,"column":8},"end":{"line":397,"column":26}},"166":{"start":{"line":398,"column":8},"end":{"line":398,"column":21}},"167":{"start":{"line":399,"column":8},"end":{"line":399,"column":15}},"168":{"start":{"line":401,"column":8},"end":{"line":401,"column":24}},"169":{"start":{"line":404,"column":6},"end":{"line":404,"column":22}},"170":{"start":{"line":408,"column":2},"end":{"line":408,"column":50}},"171":{"start":{"line":408,"column":22},"end":{"line":408,"column":50}},"172":{"start":{"line":409,"column":2},"end":{"line":409,"column":16}},"173":{"start":{"line":419,"column":29},"end":{"line":419,"column":31}},"174":{"start":{"line":420,"column":30},"end":{"line":420,"column":32}},"175":{"start":{"line":422,"column":2},"end":{"line":432,"column":3}},"176":{"start":{"line":423,"column":4},"end":{"line":431,"column":5}},"177":{"start":{"line":424,"column":6},"end":{"line":424,"column":28}},"178":{"start":{"line":425,"column":11},"end":{"line":431,"column":5}},"179":{"start":{"line":426,"column":6},"end":{"line":426,"column":25}},"180":{"start":{"line":427,"column":11},"end":{"line":431,"column":5}},"181":{"start":{"line":428,"column":6},"end":{"line":428,"column":26}},"182":{"start":{"line":430,"column":6},"end":{"line":430,"column":62}},"183":{"start":{"line":435,"column":10},"end":{"line":435,"column":11}},"184":{"start":{"line":436,"column":2},"end":{"line":443,"column":3}},"185":{"start":{"line":437,"column":4},"end":{"line":442,"column":5}},"186":{"start":{"line":438,"column":6},"end":{"line":438,"column":57}},"187":{"start":{"line":439,"column":6},"end":{"line":439,"column":29}},"188":{"start":{"line":441,"column":6},"end":{"line":441,"column":10}},"189":{"start":{"line":446,"column":2},"end":{"line":446,"column":8}},"190":{"start":{"line":447,"column":2},"end":{"line":454,"column":3}},"191":{"start":{"line":448,"column":4},"end":{"line":453,"column":5}},"192":{"start":{"line":449,"column":6},"end":{"line":449,"column":57}},"193":{"start":{"line":450,"column":6},"end":{"line":450,"column":29}},"194":{"start":{"line":452,"column":6},"end":{"line":452,"column":10}},"195":{"start":{"line":456,"column":2},"end":{"line":456,"column":29}},"196":{"start":{"line":466,"column":17},"end":{"line":466,"column":47}},"197":{"start":{"line":467,"column":18},"end":{"line":467,"column":29}},"198":{"start":{"line":470,"column":2},"end":{"line":476,"column":3}},"199":{"start":{"line":471,"column":17},"end":{"line":471,"column":41}},"200":{"start":{"line":472,"column":18},"end":{"line":472,"column":44}},"201":{"start":{"line":473,"column":16},"end":{"line":473,"column":46}},"202":{"start":{"line":474,"column":19},"end":{"line":474,"column":57}},"203":{"start":{"line":475,"column":4},"end":{"line":475,"column":59}},"204":{"start":{"line":478,"column":2},"end":{"line":478,"column":52}},"205":{"start":{"line":492,"column":12},"end":{"line":492,"column":19}},"206":{"start":{"line":493,"column":14},"end":{"line":493,"column":15}},"207":{"start":{"line":495,"column":2},"end":{"line":508,"column":3}},"208":{"start":{"line":496,"column":22},"end":{"line":496,"column":42}},"209":{"start":{"line":498,"column":4},"end":{"line":507,"column":5}},"210":{"start":{"line":499,"column":6},"end":{"line":499,"column":14}},"211":{"start":{"line":500,"column":6},"end":{"line":500,"column":63}},"212":{"start":{"line":501,"column":11},"end":{"line":507,"column":5}},"213":{"start":{"line":502,"column":6},"end":{"line":502,"column":34}},"214":{"start":{"line":502,"column":23},"end":{"line":502,"column":34}},"215":{"start":{"line":503,"column":6},"end":{"line":503,"column":14}},"216":{"start":{"line":504,"column":6},"end":{"line":504,"column":30}},"217":{"start":{"line":506,"column":6},"end":{"line":506,"column":12}},"218":{"start":{"line":510,"column":2},"end":{"line":510,"column":12}},"219":{"start":{"line":519,"column":34},"end":{"line":519,"column":36}},"220":{"start":{"line":520,"column":12},"end":{"line":520,"column":13}},"221":{"start":{"line":522,"column":2},"end":{"line":548,"column":3}},"222":{"start":{"line":523,"column":22},"end":{"line":523,"column":42}},"223":{"start":{"line":524,"column":20},"end":{"line":524,"column":60}},"224":{"start":{"line":526,"column":4},"end":{"line":529,"column":5}},"225":{"start":{"line":527,"column":6},"end":{"line":527,"column":12}},"226":{"start":{"line":528,"column":6},"end":{"line":528,"column":15}},"227":{"start":{"line":531,"column":18},"end":{"line":531,"column":21}},"228":{"start":{"line":532,"column":23},"end":{"line":532,"column":33}},"229":{"start":{"line":533,"column":25},"end":{"line":533,"column":48}},"230":{"start":{"line":534,"column":21},"end":{"line":534,"column":52}},"231":{"start":{"line":536,"column":4},"end":{"line":539,"column":5}},"232":{"start":{"line":537,"column":6},"end":{"line":537,"column":31}},"233":{"start":{"line":538,"column":6},"end":{"line":538,"column":15}},"234":{"start":{"line":541,"column":4},"end":{"line":545,"column":7}},"235":{"start":{"line":547,"column":4},"end":{"line":547,"column":38}},"236":{"start":{"line":550,"column":2},"end":{"line":550,"column":16}},"237":{"start":{"line":559,"column":34},"end":{"line":559,"column":36}},"238":{"start":{"line":560,"column":12},"end":{"line":560,"column":13}},"239":{"start":{"line":561,"column":14},"end":{"line":561,"column":15}},"240":{"start":{"line":563,"column":2},"end":{"line":601,"column":3}},"241":{"start":{"line":564,"column":22},"end":{"line":564,"column":44}},"242":{"start":{"line":566,"column":4},"end":{"line":600,"column":5}},"243":{"start":{"line":567,"column":6},"end":{"line":567,"column":14}},"244":{"start":{"line":568,"column":6},"end":{"line":568,"column":61}},"245":{"start":{"line":569,"column":11},"end":{"line":600,"column":5}},"246":{"start":{"line":570,"column":6},"end":{"line":570,"column":14}},"247":{"start":{"line":571,"column":6},"end":{"line":571,"column":30}},"248":{"start":{"line":572,"column":11},"end":{"line":600,"column":5}},"249":{"start":{"line":573,"column":26},"end":{"line":573,"column":75}},"250":{"start":{"line":574,"column":6},"end":{"line":583,"column":7}},"251":{"start":{"line":575,"column":8},"end":{"line":580,"column":11}},"252":{"start":{"line":581,"column":8},"end":{"line":581,"column":37}},"253":{"start":{"line":582,"column":8},"end":{"line":582,"column":17}},"254":{"start":{"line":585,"column":24},"end":{"line":585,"column":57}},"255":{"start":{"line":586,"column":6},"end":{"line":595,"column":7}},"256":{"start":{"line":587,"column":8},"end":{"line":592,"column":11}},"257":{"start":{"line":593,"column":8},"end":{"line":593,"column":35}},"258":{"start":{"line":594,"column":8},"end":{"line":594,"column":17}},"259":{"start":{"line":597,"column":6},"end":{"line":597,"column":12}},"260":{"start":{"line":599,"column":6},"end":{"line":599,"column":12}},"261":{"start":{"line":603,"column":2},"end":{"line":603,"column":17}},"262":{"start":{"line":612,"column":18},"end":{"line":612,"column":44}},"263":{"start":{"line":614,"column":2},"end":{"line":616,"column":3}},"264":{"start":{"line":615,"column":4},"end":{"line":615,"column":73}},"265":{"start":{"line":618,"column":38},"end":{"line":622,"column":4}},"266":{"start":{"line":624,"column":2},"end":{"line":636,"column":3}},"267":{"start":{"line":624,"column":15},"end":{"line":624,"column":16}},"268":{"start":{"line":625,"column":19},"end":{"line":625,"column":29}},"269":{"start":{"line":626,"column":18},"end":{"line":626,"column":49}},"270":{"start":{"line":627,"column":16},"end":{"line":627,"column":58}},"271":{"start":{"line":628,"column":26},"end":{"line":628,"column":55}},"272":{"start":{"line":630,"column":4},"end":{"line":635,"column":5}},"273":{"start":{"line":631,"column":6},"end":{"line":631,"column":90}},"274":{"start":{"line":632,"column":11},"end":{"line":635,"column":5}},"275":{"start":{"line":633,"column":6},"end":{"line":633,"column":41}},"276":{"start":{"line":634,"column":6},"end":{"line":634,"column":12}},"277":{"start":{"line":638,"column":2},"end":{"line":638,"column":16}},"278":{"start":{"line":653,"column":19},"end":{"line":653,"column":52}},"279":{"start":{"line":655,"column":2},"end":{"line":657,"column":3}},"280":{"start":{"line":656,"column":4},"end":{"line":656,"column":30}},"281":{"start":{"line":659,"column":2},"end":{"line":663,"column":3}},"282":{"start":{"line":660,"column":4},"end":{"line":662,"column":5}},"283":{"start":{"line":661,"column":6},"end":{"line":661,"column":28}},"284":{"start":{"line":665,"column":2},"end":{"line":665,"column":36}},"285":{"start":{"line":675,"column":15},"end":{"line":675,"column":23}},"286":{"start":{"line":676,"column":19},"end":{"line":676,"column":20}},"287":{"start":{"line":678,"column":2},"end":{"line":697,"column":3}},"288":{"start":{"line":679,"column":19},"end":{"line":679,"column":39}},"289":{"start":{"line":680,"column":4},"end":{"line":680,"column":35}},"290":{"start":{"line":680,"column":29},"end":{"line":680,"column":35}},"291":{"start":{"line":683,"column":4},"end":{"line":683,"column":63}},"292":{"start":{"line":683,"column":26},"end":{"line":683,"column":61}},"293":{"start":{"line":685,"column":18},"end":{"line":685,"column":23}},"294":{"start":{"line":686,"column":4},"end":{"line":693,"column":5}},"295":{"start":{"line":687,"column":18},"end":{"line":687,"column":49}},"296":{"start":{"line":688,"column":6},"end":{"line":688,"column":31}},"297":{"start":{"line":688,"column":22},"end":{"line":688,"column":31}},"298":{"start":{"line":690,"column":26},"end":{"line":690,"column":94}},"299":{"start":{"line":691,"column":6},"end":{"line":691,"column":60}},"300":{"start":{"line":692,"column":6},"end":{"line":692,"column":21}},"301":{"start":{"line":695,"column":4},"end":{"line":695,"column":24}},"302":{"start":{"line":695,"column":18},"end":{"line":695,"column":24}},"303":{"start":{"line":696,"column":4},"end":{"line":696,"column":17}},"304":{"start":{"line":699,"column":2},"end":{"line":699,"column":16}},"305":{"start":{"line":717,"column":7},"end":{"line":717,"column":9}},"306":{"start":{"line":719,"column":20},"end":{"line":719,"column":67}},"307":{"start":{"line":722,"column":2},"end":{"line":729,"column":3}},"308":{"start":{"line":723,"column":4},"end":{"line":728,"column":7}},"309":{"start":{"line":731,"column":23},"end":{"line":731,"column":55}},"310":{"start":{"line":732,"column":2},"end":{"line":738,"column":3}},"311":{"start":{"line":733,"column":4},"end":{"line":737,"column":7}},"312":{"start":{"line":740,"column":2},"end":{"line":740,"column":50}},"313":{"start":{"line":740,"column":25},"end":{"line":740,"column":48}},"314":{"start":{"line":742,"column":36},"end":{"line":742,"column":38}},"315":{"start":{"line":743,"column":38},"end":{"line":743,"column":42}},"316":{"start":{"line":745,"column":2},"end":{"line":756,"column":3}},"317":{"start":{"line":745,"column":15},"end":{"line":745,"column":16}},"318":{"start":{"line":746,"column":19},"end":{"line":746,"column":29}},"319":{"start":{"line":747,"column":18},"end":{"line":747,"column":49}},"320":{"start":{"line":748,"column":16},"end":{"line":748,"column":58}},"321":{"start":{"line":749,"column":26},"end":{"line":749,"column":55}},"322":{"start":{"line":751,"column":4},"end":{"line":755,"column":5}},"323":{"start":{"line":752,"column":6},"end":{"line":752,"column":72}},"324":{"start":{"line":753,"column":11},"end":{"line":755,"column":5}},"325":{"start":{"line":754,"column":6},"end":{"line":754,"column":37}},"326":{"start":{"line":758,"column":2},"end":{"line":758,"column":41}},"327":{"start":{"line":768,"column":42},"end":{"line":768,"column":67}},"328":{"start":{"line":770,"column":2},"end":{"line":774,"column":3}},"329":{"start":{"line":771,"column":4},"end":{"line":773,"column":5}},"330":{"start":{"line":772,"column":6},"end":{"line":772,"column":35}},"331":{"start":{"line":776,"column":2},"end":{"line":776,"column":38}},"332":{"start":{"line":786,"column":16},"end":{"line":786,"column":64}},"333":{"start":{"line":788,"column":2},"end":{"line":791,"column":5}},"334":{"start":{"line":789,"column":21},"end":{"line":789,"column":57}},"335":{"start":{"line":790,"column":4},"end":{"line":790,"column":48}},"336":{"start":{"line":805,"column":16},"end":{"line":805,"column":31}},"337":{"start":{"line":806,"column":31},"end":{"line":806,"column":54}},"338":{"start":{"line":809,"column":2},"end":{"line":819,"column":3}},"339":{"start":{"line":810,"column":20},"end":{"line":810,"column":34}},"340":{"start":{"line":811,"column":4},"end":{"line":818,"column":5}},"341":{"start":{"line":813,"column":6},"end":{"line":817,"column":7}},"342":{"start":{"line":814,"column":8},"end":{"line":814,"column":38}},"343":{"start":{"line":821,"column":2},"end":{"line":850,"column":3}},"344":{"start":{"line":821,"column":15},"end":{"line":821,"column":16}},"345":{"start":{"line":823,"column":4},"end":{"line":835,"column":5}},"346":{"start":{"line":824,"column":22},"end":{"line":824,"column":36}},"347":{"start":{"line":825,"column":6},"end":{"line":834,"column":7}},"348":{"start":{"line":827,"column":8},"end":{"line":831,"column":9}},"349":{"start":{"line":828,"column":10},"end":{"line":828,"column":40}},"350":{"start":{"line":830,"column":10},"end":{"line":830,"column":27}},"351":{"start":{"line":833,"column":8},"end":{"line":833,"column":25}},"352":{"start":{"line":837,"column":4},"end":{"line":849,"column":5}},"353":{"start":{"line":838,"column":6},"end":{"line":838,"column":69}},"354":{"start":{"line":839,"column":11},"end":{"line":849,"column":5}},"355":{"start":{"line":841,"column":20},"end":{"line":841,"column":42}},"356":{"start":{"line":842,"column":6},"end":{"line":846,"column":7}},"357":{"start":{"line":843,"column":8},"end":{"line":843,"column":33}},"358":{"start":{"line":845,"column":8},"end":{"line":845,"column":25}},"359":{"start":{"line":848,"column":6},"end":{"line":848,"column":23}},"360":{"start":{"line":852,"column":2},"end":{"line":852,"column":17}},"361":{"start":{"line":863,"column":15},"end":{"line":863,"column":19}},"362":{"start":{"line":866,"column":19},"end":{"line":866,"column":76}},"363":{"start":{"line":867,"column":2},"end":{"line":872,"column":5}},"364":{"start":{"line":868,"column":4},"end":{"line":870,"column":5}},"365":{"start":{"line":869,"column":6},"end":{"line":869,"column":73}},"366":{"start":{"line":871,"column":4},"end":{"line":871,"column":14}},"367":{"start":{"line":875,"column":22},"end":{"line":875,"column":70}},"368":{"start":{"line":876,"column":2},"end":{"line":878,"column":4}},"369":{"start":{"line":880,"column":2},"end":{"line":880,"column":16}},"370":{"start":{"line":897,"column":13},"end":{"line":897,"column":52}},"371":{"start":{"line":900,"column":2},"end":{"line":909,"column":3}},"372":{"start":{"line":901,"column":20},"end":{"line":901,"column":31}},"373":{"start":{"line":902,"column":4},"end":{"line":908,"column":5}},"374":{"start":{"line":903,"column":6},"end":{"line":907,"column":7}},"375":{"start":{"line":904,"column":8},"end":{"line":904,"column":35}},"376":{"start":{"line":906,"column":8},"end":{"line":906,"column":18}},"377":{"start":{"line":911,"column":2},"end":{"line":911,"column":38}},"378":{"start":{"line":911,"column":28},"end":{"line":911,"column":38}},"379":{"start":{"line":913,"column":22},"end":{"line":913,"column":41}},"380":{"start":{"line":914,"column":2},"end":{"line":914,"column":76}},"381":{"start":{"line":914,"column":26},"end":{"line":914,"column":65}},"382":{"start":{"line":924,"column":15},"end":{"line":924,"column":23}},"383":{"start":{"line":925,"column":16},"end":{"line":925,"column":20}},"384":{"start":{"line":927,"column":2},"end":{"line":936,"column":3}},"385":{"start":{"line":928,"column":19},"end":{"line":928,"column":25}},"386":{"start":{"line":929,"column":18},"end":{"line":929,"column":97}},"387":{"start":{"line":931,"column":4},"end":{"line":933,"column":6}},"388":{"start":{"line":932,"column":6},"end":{"line":932,"column":50}},"389":{"start":{"line":935,"column":4},"end":{"line":935,"column":32}},"390":{"start":{"line":938,"column":2},"end":{"line":938,"column":16}},"391":{"start":{"line":957,"column":107},"end":{"line":957,"column":112}},"392":{"start":{"line":959,"column":21},"end":{"line":959,"column":25}},"393":{"start":{"line":960,"column":2},"end":{"line":965,"column":3}},"394":{"start":{"line":961,"column":23},"end":{"line":961,"column":93}},"395":{"start":{"line":962,"column":4},"end":{"line":964,"column":6}},"396":{"start":{"line":967,"column":2},"end":{"line":969,"column":3}},"397":{"start":{"line":968,"column":4},"end":{"line":968,"column":64}},"398":{"start":{"line":971,"column":2},"end":{"line":976,"column":3}},"399":{"start":{"line":972,"column":21},"end":{"line":972,"column":106}},"400":{"start":{"line":973,"column":4},"end":{"line":975,"column":5}},"401":{"start":{"line":974,"column":6},"end":{"line":974,"column":60}},"402":{"start":{"line":978,"column":2},"end":{"line":978,"column":26}},"403":{"start":{"line":988,"column":24},"end":{"line":988,"column":162}},"404":{"start":{"line":990,"column":16},"end":{"line":990,"column":36}},"405":{"start":{"line":991,"column":27},"end":{"line":991,"column":29}},"406":{"start":{"line":992,"column":16},"end":{"line":992,"column":17}},"407":{"start":{"line":993,"column":15},"end":{"line":993,"column":20}},"408":{"start":{"line":995,"column":2},"end":{"line":1016,"column":3}},"409":{"start":{"line":996,"column":18},"end":{"line":996,"column":43}},"410":{"start":{"line":998,"column":4},"end":{"line":1015,"column":5}},"411":{"start":{"line":999,"column":21},"end":{"line":999,"column":67}},"412":{"start":{"line":1000,"column":6},"end":{"line":1004,"column":7}},"413":{"start":{"line":1001,"column":8},"end":{"line":1001,"column":35}},"414":{"start":{"line":1002,"column":8},"end":{"line":1002,"column":18}},"415":{"start":{"line":1003,"column":8},"end":{"line":1003,"column":22}},"416":{"start":{"line":1006,"column":6},"end":{"line":1006,"column":24}},"417":{"start":{"line":1008,"column":23},"end":{"line":1008,"column":47}},"418":{"start":{"line":1009,"column":22},"end":{"line":1009,"column":40}},"419":{"start":{"line":1011,"column":6},"end":{"line":1014,"column":7}},"420":{"start":{"line":1012,"column":8},"end":{"line":1012,"column":20}},"421":{"start":{"line":1013,"column":8},"end":{"line":1013,"column":23}},"422":{"start":{"line":1018,"column":2},"end":{"line":1018,"column":27}},"423":{"start":{"line":1033,"column":2},"end":{"line":1041,"column":5}},"424":{"start":{"line":1035,"column":4},"end":{"line":1038,"column":5}},"425":{"start":{"line":1036,"column":20},"end":{"line":1036,"column":59}},"426":{"start":{"line":1037,"column":6},"end":{"line":1037,"column":48}},"427":{"start":{"line":1039,"column":18},"end":{"line":1039,"column":40}},"428":{"start":{"line":1040,"column":4},"end":{"line":1040,"column":46}},"429":{"start":{"line":1054,"column":2},"end":{"line":1059,"column":33}},"430":{"start":{"line":1073,"column":2},"end":{"line":1075,"column":3}},"431":{"start":{"line":1074,"column":4},"end":{"line":1074,"column":14}},"432":{"start":{"line":1077,"column":15},"end":{"line":1077,"column":46}},"433":{"start":{"line":1080,"column":2},"end":{"line":1080,"column":46}},"434":{"start":{"line":1081,"column":2},"end":{"line":1081,"column":48}},"435":{"start":{"line":1082,"column":2},"end":{"line":1082,"column":47}},"436":{"start":{"line":1083,"column":2},"end":{"line":1083,"column":47}},"437":{"start":{"line":1084,"column":2},"end":{"line":1084,"column":50}},"438":{"start":{"line":1086,"column":2},"end":{"line":1086,"column":37}},"439":{"start":{"line":1099,"column":4},"end":{"line":1099,"column":41}},"440":{"start":{"line":1097,"column":0},"end":{"line":1097,"column":13}},"441":{"start":{"line":1111,"column":4},"end":{"line":1111,"column":31}},"442":{"start":{"line":1115,"column":4},"end":{"line":1115,"column":53}},"443":{"start":{"line":1107,"column":0},"end":{"line":1107,"column":13}},"444":{"start":{"line":1124,"column":2},"end":{"line":1223,"column":4}},"445":{"start":{"line":1226,"column":18},"end":{"line":1226,"column":37}},"446":{"start":{"line":1227,"column":45},"end":{"line":1227,"column":47}},"447":{"start":{"line":1229,"column":4},"end":{"line":1303,"column":5}},"448":{"start":{"line":1229,"column":25},"end":{"line":1229,"column":26}},"449":{"start":{"line":1230,"column":6},"end":{"line":1302,"column":7}},"450":{"start":{"line":1232,"column":25},"end":{"line":1232,"column":79}},"451":{"start":{"line":1233,"column":33},"end":{"line":1235,"column":40}},"452":{"start":{"line":1236,"column":27},"end":{"line":1236,"column":84}},"453":{"start":{"line":1237,"column":38},"end":{"line":1237,"column":106}},"454":{"start":{"line":1238,"column":28},"end":{"line":1238,"column":85}},"455":{"start":{"line":1241,"column":34},"end":{"line":1241,"column":63}},"456":{"start":{"line":1244,"column":39},"end":{"line":1244,"column":48}},"457":{"start":{"line":1245,"column":8},"end":{"line":1251,"column":9}},"458":{"start":{"line":1246,"column":10},"end":{"line":1250,"column":11}},"459":{"start":{"line":1247,"column":12},"end":{"line":1249,"column":13}},"460":{"start":{"line":1248,"column":14},"end":{"line":1248,"column":65}},"461":{"start":{"line":1254,"column":33},"end":{"line":1254,"column":81}},"462":{"start":{"line":1254,"column":63},"end":{"line":1254,"column":80}},"463":{"start":{"line":1256,"column":8},"end":{"line":1263,"column":9}},"464":{"start":{"line":1257,"column":10},"end":{"line":1262,"column":12}},"465":{"start":{"line":1266,"column":8},"end":{"line":1270,"column":9}},"466":{"start":{"line":1267,"column":10},"end":{"line":1269,"column":11}},"467":{"start":{"line":1268,"column":12},"end":{"line":1268,"column":33}},"468":{"start":{"line":1273,"column":25},"end":{"line":1273,"column":61}},"469":{"start":{"line":1276,"column":73},"end":{"line":1278,"column":10}},"470":{"start":{"line":1280,"column":8},"end":{"line":1287,"column":9}},"471":{"start":{"line":1281,"column":10},"end":{"line":1286,"column":12}},"472":{"start":{"line":1289,"column":8},"end":{"line":1292,"column":11}},"473":{"start":{"line":1294,"column":8},"end":{"line":1300,"column":9}},"474":{"start":{"line":1295,"column":10},"end":{"line":1298,"column":13}},"475":{"start":{"line":1299,"column":10},"end":{"line":1299,"column":19}},"476":{"start":{"line":1301,"column":8},"end":{"line":1301,"column":20}},"477":{"start":{"line":1305,"column":4},"end":{"line":1305,"column":24}},"478":{"start":{"line":1123,"column":0},"end":{"line":1123,"column":13}}},"fnMap":{"0":{"name":"isValidVariableName","decl":{"start":{"line":89,"column":16},"end":{"line":89,"column":35}},"loc":{"start":{"line":89,"column":48},"end":{"line":91,"column":1}}},"1":{"name":"addVariableToSet","decl":{"start":{"line":99,"column":16},"end":{"line":99,"column":32}},"loc":{"start":{"line":99,"column":72},"end":{"line":106,"column":1}}},"2":{"name":"extractSubstitutionVariables","decl":{"start":{"line":113,"column":16},"end":{"line":113,"column":44}},"loc":{"start":{"line":113,"column":61},"end":{"line":122,"column":1}}},"3":{"name":"extractVariableFromCondition","decl":{"start":{"line":129,"column":16},"end":{"line":129,"column":44}},"loc":{"start":{"line":129,"column":62},"end":{"line":139,"column":1}}},"4":{"name":"splitConditionExpression","decl":{"start":{"line":146,"column":16},"end":{"line":146,"column":40}},"loc":{"start":{"line":146,"column":59},"end":{"line":152,"column":1}}},"5":{"name":"(anonymous_5)","decl":{"start":{"line":150,"column":9},"end":{"line":150,"column":10}},"loc":{"start":{"line":150,"column":14},"end":{"line":150,"column":22}}},"6":{"name":"(anonymous_6)","decl":{"start":{"line":151,"column":12},"end":{"line":151,"column":13}},"loc":{"start":{"line":151,"column":17},"end":{"line":151,"column":29}}},"7":{"name":"extractIfVariables","decl":{"start":{"line":159,"column":16},"end":{"line":159,"column":34}},"loc":{"start":{"line":159,"column":51},"end":{"line":182,"column":1}}},"8":{"name":"extractCaseVariables","decl":{"start":{"line":189,"column":16},"end":{"line":189,"column":36}},"loc":{"start":{"line":189,"column":53},"end":{"line":198,"column":1}}},"9":{"name":"extractForVariables","decl":{"start":{"line":205,"column":16},"end":{"line":205,"column":35}},"loc":{"start":{"line":205,"column":52},"end":{"line":214,"column":1}}},"10":{"name":"extractListItemVariables","decl":{"start":{"line":221,"column":16},"end":{"line":221,"column":40}},"loc":{"start":{"line":221,"column":57},"end":{"line":230,"column":1}}},"11":{"name":"extractAllVariables","decl":{"start":{"line":237,"column":16},"end":{"line":237,"column":35}},"loc":{"start":{"line":237,"column":52},"end":{"line":257,"column":1}}},"12":{"name":"getVariable","decl":{"start":{"line":269,"column":16},"end":{"line":269,"column":27}},"loc":{"start":{"line":269,"column":64},"end":{"line":271,"column":1}}},"13":{"name":"isVariableTruthy","decl":{"start":{"line":279,"column":16},"end":{"line":279,"column":32}},"loc":{"start":{"line":279,"column":69},"end":{"line":283,"column":1}}},"14":{"name":"evaluateComparison","decl":{"start":{"line":293,"column":16},"end":{"line":293,"column":34}},"loc":{"start":{"line":297,"column":22},"end":{"line":336,"column":1}}},"15":{"name":"evaluateSingleCondition","decl":{"start":{"line":344,"column":16},"end":{"line":344,"column":39}},"loc":{"start":{"line":344,"column":81},"end":{"line":356,"column":1}}},"16":{"name":"tokenizeExpression","decl":{"start":{"line":363,"column":16},"end":{"line":363,"column":34}},"loc":{"start":{"line":363,"column":53},"end":{"line":410,"column":1}}},"17":{"name":"evaluateFlatExpression","decl":{"start":{"line":418,"column":16},"end":{"line":418,"column":38}},"loc":{"start":{"line":418,"column":79},"end":{"line":457,"column":1}}},"18":{"name":"evaluateExpression","decl":{"start":{"line":465,"column":16},"end":{"line":465,"column":34}},"loc":{"start":{"line":465,"column":77},"end":{"line":479,"column":1}}},"19":{"name":"findMatchingEndif","decl":{"start":{"line":491,"column":16},"end":{"line":491,"column":33}},"loc":{"start":{"line":491,"column":64},"end":{"line":511,"column":1}}},"20":{"name":"findIfBlocks","decl":{"start":{"line":518,"column":16},"end":{"line":518,"column":28}},"loc":{"start":{"line":518,"column":42},"end":{"line":551,"column":1}}},"21":{"name":"findBranchMarkers","decl":{"start":{"line":558,"column":16},"end":{"line":558,"column":33}},"loc":{"start":{"line":558,"column":49},"end":{"line":604,"column":1}}},"22":{"name":"parseConditionalBranches","decl":{"start":{"line":611,"column":16},"end":{"line":611,"column":40}},"loc":{"start":{"line":611,"column":56},"end":{"line":639,"column":1}}},"23":{"name":"evaluateConditionalBlock","decl":{"start":{"line":648,"column":16},"end":{"line":648,"column":40}},"loc":{"start":{"line":651,"column":17},"end":{"line":666,"column":1}}},"24":{"name":"processIfBlocks","decl":{"start":{"line":674,"column":16},"end":{"line":674,"column":31}},"loc":{"start":{"line":674,"column":72},"end":{"line":700,"column":1}}},"25":{"name":"(anonymous_25)","decl":{"start":{"line":683,"column":16},"end":{"line":683,"column":17}},"loc":{"start":{"line":683,"column":26},"end":{"line":683,"column":61}}},"26":{"name":"parseWhenClauses","decl":{"start":{"line":711,"column":16},"end":{"line":711,"column":32}},"loc":{"start":{"line":711,"column":48},"end":{"line":759,"column":1}}},"27":{"name":"(anonymous_27)","decl":{"start":{"line":740,"column":15},"end":{"line":740,"column":16}},"loc":{"start":{"line":740,"column":25},"end":{"line":740,"column":48}}},"28":{"name":"evaluateCaseBlock","decl":{"start":{"line":767,"column":16},"end":{"line":767,"column":33}},"loc":{"start":{"line":767,"column":67},"end":{"line":777,"column":1}}},"29":{"name":"processCaseBlocks","decl":{"start":{"line":785,"column":16},"end":{"line":785,"column":33}},"loc":{"start":{"line":785,"column":74},"end":{"line":792,"column":1}}},"30":{"name":"(anonymous_30)","decl":{"start":{"line":788,"column":33},"end":{"line":788,"column":34}},"loc":{"start":{"line":788,"column":62},"end":{"line":791,"column":3}}},"31":{"name":"resolveVariablePath","decl":{"start":{"line":804,"column":16},"end":{"line":804,"column":35}},"loc":{"start":{"line":804,"column":72},"end":{"line":853,"column":1}}},"32":{"name":"expandLoopItem","decl":{"start":{"line":862,"column":16},"end":{"line":862,"column":30}},"loc":{"start":{"line":862,"column":85},"end":{"line":881,"column":1}}},"33":{"name":"(anonymous_33)","decl":{"start":{"line":867,"column":36},"end":{"line":867,"column":37}},"loc":{"start":{"line":867,"column":49},"end":{"line":872,"column":3}}},"34":{"name":"processForLoop","decl":{"start":{"line":891,"column":16},"end":{"line":891,"column":30}},"loc":{"start":{"line":895,"column":14},"end":{"line":915,"column":1}}},"35":{"name":"(anonymous_35)","decl":{"start":{"line":914,"column":18},"end":{"line":914,"column":22}},"loc":{"start":{"line":914,"column":26},"end":{"line":914,"column":65}}},"36":{"name":"processForBlocks","decl":{"start":{"line":923,"column":16},"end":{"line":923,"column":32}},"loc":{"start":{"line":923,"column":73},"end":{"line":939,"column":1}}},"37":{"name":"(anonymous_37)","decl":{"start":{"line":931,"column":35},"end":{"line":931,"column":36}},"loc":{"start":{"line":932,"column":6},"end":{"line":932,"column":50}}},"38":{"name":"processListItemLine","decl":{"start":{"line":952,"column":16},"end":{"line":952,"column":35}},"loc":{"start":{"line":955,"column":17},"end":{"line":979,"column":1}}},"39":{"name":"processListItems","decl":{"start":{"line":987,"column":16},"end":{"line":987,"column":32}},"loc":{"start":{"line":987,"column":73},"end":{"line":1019,"column":1}}},"40":{"name":"substituteVariables","decl":{"start":{"line":1031,"column":16},"end":{"line":1031,"column":35}},"loc":{"start":{"line":1031,"column":76},"end":{"line":1042,"column":1}}},"41":{"name":"(anonymous_41)","decl":{"start":{"line":1033,"column":49},"end":{"line":1033,"column":50}},"loc":{"start":{"line":1033,"column":73},"end":{"line":1041,"column":3}}},"42":{"name":"normalizeWhitespace","decl":{"start":{"line":1053,"column":16},"end":{"line":1053,"column":35}},"loc":{"start":{"line":1053,"column":51},"end":{"line":1060,"column":1}}},"43":{"name":"resolveTemplate","decl":{"start":{"line":1072,"column":16},"end":{"line":1072,"column":31}},"loc":{"start":{"line":1072,"column":72},"end":{"line":1087,"column":1}}},"44":{"name":"(anonymous_44)","decl":{"start":{"line":1098,"column":2},"end":{"line":1098,"column":22}},"loc":{"start":{"line":1098,"column":39},"end":{"line":1100,"column":3}}},"45":{"name":"(anonymous_45)","decl":{"start":{"line":1110,"column":2},"end":{"line":1110,"column":14}},"loc":{"start":{"line":1110,"column":36},"end":{"line":1112,"column":3}}},"46":{"name":"(anonymous_46)","decl":{"start":{"line":1114,"column":2},"end":{"line":1114,"column":9}},"loc":{"start":{"line":1114,"column":26},"end":{"line":1116,"column":3}}},"47":{"name":"(anonymous_47)","decl":{"start":{"line":1123,"column":0},"end":{"line":1123,"column":13}},"loc":{"start":{"line":1123,"column":0},"end":{"line":1307,"column":1}}},"48":{"name":"(anonymous_48)","decl":{"start":{"line":1225,"column":2},"end":{"line":1225,"column":7}},"loc":{"start":{"line":1225,"column":15},"end":{"line":1306,"column":3}}},"49":{"name":"(anonymous_49)","decl":{"start":{"line":1254,"column":58},"end":{"line":1254,"column":59}},"loc":{"start":{"line":1254,"column":63},"end":{"line":1254,"column":80}}}},"branchMap":{"0":{"loc":{"start":{"line":100,"column":2},"end":{"line":100,"column":56}},"type":"if","locations":[{"start":{"line":100,"column":2},"end":{"line":100,"column":56}},{"start":{},"end":{}}]},"1":{"loc":{"start":{"line":100,"column":6},"end":{"line":100,"column":47}},"type":"binary-expr","locations":[{"start":{"line":100,"column":6},"end":{"line":100,"column":14}},{"start":{"line":100,"column":18},"end":{"line":100,"column":47}}]},"2":{"loc":{"start":{"line":102,"column":2},"end":{"line":104,"column":3}},"type":"if","locations":[{"start":{"line":102,"column":2},"end":{"line":104,"column":3}},{"start":{},"end":{}}]},"3":{"loc":{"start":{"line":130,"column":2},"end":{"line":130,"column":30}},"type":"if","locations":[{"start":{"line":130,"column":2},"end":{"line":130,"column":30}},{"start":{},"end":{}}]},"4":{"loc":{"start":{"line":135,"column":2},"end":{"line":137,"column":3}},"type":"if","locations":[{"start":{"line":135,"column":2},"end":{"line":137,"column":3}},{"start":{},"end":{}}]},"5":{"loc":{"start":{"line":135,"column":6},"end":{"line":135,"column":57}},"type":"binary-expr","locations":[{"start":{"line":135,"column":6},"end":{"line":135,"column":23}},{"start":{"line":135,"column":27},"end":{"line":135,"column":57}}]},"6":{"loc":{"start":{"line":168,"column":6},"end":{"line":168,"column":43}},"type":"if","locations":[{"start":{"line":168,"column":6},"end":{"line":168,"column":43}},{"start":{},"end":{}}]},"7":{"loc":{"start":{"line":177,"column":6},"end":{"line":177,"column":43}},"type":"if","locations":[{"start":{"line":177,"column":6},"end":{"line":177,"column":43}},{"start":{},"end":{}}]},"8":{"loc":{"start":{"line":280,"column":2},"end":{"line":280,"column":41}},"type":"if","locations":[{"start":{"line":280,"column":2},"end":{"line":280,"column":41}},{"start":{},"end":{}}]},"9":{"loc":{"start":{"line":282,"column":9},"end":{"line":282,"column":53}},"type":"binary-expr","locations":[{"start":{"line":282,"column":9},"end":{"line":282,"column":22}},{"start":{"line":282,"column":26},"end":{"line":282,"column":53}}]},"10":{"loc":{"start":{"line":300,"column":19},"end":{"line":300,"column":59}},"type":"cond-expr","locations":[{"start":{"line":300,"column":38},"end":{"line":300,"column":54}},{"start":{"line":300,"column":57},"end":{"line":300,"column":59}}]},"11":{"loc":{"start":{"line":302,"column":2},"end":{"line":335,"column":3}},"type":"switch","locations":[{"start":{"line":303,"column":4},"end":{"line":303,"column":14}},{"start":{"line":304,"column":4},"end":{"line":304,"column":18}},{"start":{"line":305,"column":4},"end":{"line":306,"column":39}},{"start":{"line":307,"column":4},"end":{"line":307,"column":14}},{"start":{"line":308,"column":4},"end":{"line":308,"column":22}},{"start":{"line":309,"column":4},"end":{"line":310,"column":39}},{"start":{"line":311,"column":4},"end":{"line":311,"column":21}},{"start":{"line":312,"column":4},"end":{"line":313,"column":36}},{"start":{"line":314,"column":4},"end":{"line":314,"column":17}},{"start":{"line":315,"column":4},"end":{"line":316,"column":36}},{"start":{"line":317,"column":4},"end":{"line":318,"column":45}},{"start":{"line":319,"column":4},"end":{"line":320,"column":46}},{"start":{"line":321,"column":4},"end":{"line":322,"column":47}},{"start":{"line":323,"column":4},"end":{"line":324,"column":45}},{"start":{"line":325,"column":4},"end":{"line":326,"column":65}},{"start":{"line":327,"column":4},"end":{"line":328,"column":65}},{"start":{"line":329,"column":4},"end":{"line":330,"column":37}},{"start":{"line":331,"column":4},"end":{"line":332,"column":64}},{"start":{"line":333,"column":4},"end":{"line":334,"column":36}}]},"12":{"loc":{"start":{"line":326,"column":40},"end":{"line":326,"column":59}},"type":"binary-expr","locations":[{"start":{"line":326,"column":40},"end":{"line":326,"column":52}},{"start":{"line":326,"column":56},"end":{"line":326,"column":59}}]},"13":{"loc":{"start":{"line":328,"column":40},"end":{"line":328,"column":59}},"type":"binary-expr","locations":[{"start":{"line":328,"column":40},"end":{"line":328,"column":52}},{"start":{"line":328,"column":56},"end":{"line":328,"column":59}}]},"14":{"loc":{"start":{"line":332,"column":13},"end":{"line":332,"column":63}},"type":"binary-expr","locations":[{"start":{"line":332,"column":13},"end":{"line":332,"column":37}},{"start":{"line":332,"column":41},"end":{"line":332,"column":63}}]},"15":{"loc":{"start":{"line":347,"column":2},"end":{"line":349,"column":3}},"type":"if","locations":[{"start":{"line":347,"column":2},"end":{"line":349,"column":3}},{"start":{},"end":{}}]},"16":{"loc":{"start":{"line":372,"column":4},"end":{"line":405,"column":5}},"type":"if","locations":[{"start":{"line":372,"column":4},"end":{"line":405,"column":5}},{"start":{"line":376,"column":11},"end":{"line":405,"column":5}}]},"17":{"loc":{"start":{"line":372,"column":8},"end":{"line":372,"column":51}},"type":"binary-expr","locations":[{"start":{"line":372,"column":9},"end":{"line":372,"column":21}},{"start":{"line":372,"column":25},"end":{"line":372,"column":37}},{"start":{"line":372,"column":42},"end":{"line":372,"column":51}}]},"18":{"loc":{"start":{"line":376,"column":11},"end":{"line":405,"column":5}},"type":"if","locations":[{"start":{"line":376,"column":11},"end":{"line":405,"column":5}},{"start":{"line":380,"column":11},"end":{"line":405,"column":5}}]},"19":{"loc":{"start":{"line":376,"column":15},"end":{"line":376,"column":45}},"type":"binary-expr","locations":[{"start":{"line":376,"column":15},"end":{"line":376,"column":33}},{"start":{"line":376,"column":37},"end":{"line":376,"column":45}}]},"20":{"loc":{"start":{"line":380,"column":11},"end":{"line":405,"column":5}},"type":"if","locations":[{"start":{"line":380,"column":11},"end":{"line":405,"column":5}},{"start":{"line":384,"column":11},"end":{"line":405,"column":5}}]},"21":{"loc":{"start":{"line":380,"column":15},"end":{"line":380,"column":40}},"type":"binary-expr","locations":[{"start":{"line":380,"column":15},"end":{"line":380,"column":27}},{"start":{"line":380,"column":31},"end":{"line":380,"column":40}}]},"22":{"loc":{"start":{"line":381,"column":6},"end":{"line":381,"column":54}},"type":"if","locations":[{"start":{"line":381,"column":6},"end":{"line":381,"column":54}},{"start":{},"end":{}}]},"23":{"loc":{"start":{"line":384,"column":11},"end":{"line":405,"column":5}},"type":"if","locations":[{"start":{"line":384,"column":11},"end":{"line":405,"column":5}},{"start":{"line":388,"column":11},"end":{"line":405,"column":5}}]},"24":{"loc":{"start":{"line":384,"column":15},"end":{"line":384,"column":40}},"type":"binary-expr","locations":[{"start":{"line":384,"column":15},"end":{"line":384,"column":27}},{"start":{"line":384,"column":31},"end":{"line":384,"column":40}}]},"25":{"loc":{"start":{"line":385,"column":6},"end":{"line":385,"column":54}},"type":"if","locations":[{"start":{"line":385,"column":6},"end":{"line":385,"column":54}},{"start":{},"end":{}}]},"26":{"loc":{"start":{"line":388,"column":11},"end":{"line":405,"column":5}},"type":"if","locations":[{"start":{"line":388,"column":11},"end":{"line":405,"column":5}},{"start":{"line":403,"column":11},"end":{"line":405,"column":5}}]},"27":{"loc":{"start":{"line":390,"column":6},"end":{"line":402,"column":7}},"type":"if","locations":[{"start":{"line":390,"column":6},"end":{"line":402,"column":7}},{"start":{"line":395,"column":13},"end":{"line":402,"column":7}}]},"28":{"loc":{"start":{"line":391,"column":8},"end":{"line":391,"column":56}},"type":"if","locations":[{"start":{"line":391,"column":8},"end":{"line":391,"column":56}},{"start":{},"end":{}}]},"29":{"loc":{"start":{"line":395,"column":13},"end":{"line":402,"column":7}},"type":"if","locations":[{"start":{"line":395,"column":13},"end":{"line":402,"column":7}},{"start":{"line":400,"column":13},"end":{"line":402,"column":7}}]},"30":{"loc":{"start":{"line":396,"column":8},"end":{"line":396,"column":56}},"type":"if","locations":[{"start":{"line":396,"column":8},"end":{"line":396,"column":56}},{"start":{},"end":{}}]},"31":{"loc":{"start":{"line":408,"column":2},"end":{"line":408,"column":50}},"type":"if","locations":[{"start":{"line":408,"column":2},"end":{"line":408,"column":50}},{"start":{},"end":{}}]},"32":{"loc":{"start":{"line":423,"column":4},"end":{"line":431,"column":5}},"type":"if","locations":[{"start":{"line":423,"column":4},"end":{"line":431,"column":5}},{"start":{"line":425,"column":11},"end":{"line":431,"column":5}}]},"33":{"loc":{"start":{"line":423,"column":8},"end":{"line":423,"column":41}},"type":"binary-expr","locations":[{"start":{"line":423,"column":8},"end":{"line":423,"column":23}},{"start":{"line":423,"column":27},"end":{"line":423,"column":41}}]},"34":{"loc":{"start":{"line":425,"column":11},"end":{"line":431,"column":5}},"type":"if","locations":[{"start":{"line":425,"column":11},"end":{"line":431,"column":5}},{"start":{"line":427,"column":11},"end":{"line":431,"column":5}}]},"35":{"loc":{"start":{"line":427,"column":11},"end":{"line":431,"column":5}},"type":"if","locations":[{"start":{"line":427,"column":11},"end":{"line":431,"column":5}},{"start":{"line":429,"column":11},"end":{"line":431,"column":5}}]},"36":{"loc":{"start":{"line":437,"column":4},"end":{"line":442,"column":5}},"type":"if","locations":[{"start":{"line":437,"column":4},"end":{"line":442,"column":5}},{"start":{"line":440,"column":11},"end":{"line":442,"column":5}}]},"37":{"loc":{"start":{"line":438,"column":27},"end":{"line":438,"column":55}},"type":"binary-expr","locations":[{"start":{"line":438,"column":27},"end":{"line":438,"column":37}},{"start":{"line":438,"column":41},"end":{"line":438,"column":55}}]},"38":{"loc":{"start":{"line":448,"column":4},"end":{"line":453,"column":5}},"type":"if","locations":[{"start":{"line":448,"column":4},"end":{"line":453,"column":5}},{"start":{"line":451,"column":11},"end":{"line":453,"column":5}}]},"39":{"loc":{"start":{"line":449,"column":27},"end":{"line":449,"column":55}},"type":"binary-expr","locations":[{"start":{"line":449,"column":27},"end":{"line":449,"column":37}},{"start":{"line":449,"column":41},"end":{"line":449,"column":55}}]},"40":{"loc":{"start":{"line":456,"column":9},"end":{"line":456,"column":28}},"type":"cond-expr","locations":[{"start":{"line":456,"column":19},"end":{"line":456,"column":23}},{"start":{"line":456,"column":23},"end":{"line":456,"column":28}}]},"41":{"loc":{"start":{"line":456,"column":9},"end":{"line":456,"column":23}},"type":"binary-expr","locations":[{"start":{"line":456,"column":9},"end":{"line":456,"column":23}},{"start":{"line":456,"column":19},"end":{"line":456,"column":23}}]},"42":{"loc":{"start":{"line":498,"column":4},"end":{"line":507,"column":5}},"type":"if","locations":[{"start":{"line":498,"column":4},"end":{"line":507,"column":5}},{"start":{"line":501,"column":11},"end":{"line":507,"column":5}}]},"43":{"loc":{"start":{"line":501,"column":11},"end":{"line":507,"column":5}},"type":"if","locations":[{"start":{"line":501,"column":11},"end":{"line":507,"column":5}},{"start":{"line":505,"column":11},"end":{"line":507,"column":5}}]},"44":{"loc":{"start":{"line":502,"column":6},"end":{"line":502,"column":34}},"type":"if","locations":[{"start":{"line":502,"column":6},"end":{"line":502,"column":34}},{"start":{},"end":{}}]},"45":{"loc":{"start":{"line":526,"column":4},"end":{"line":529,"column":5}},"type":"if","locations":[{"start":{"line":526,"column":4},"end":{"line":529,"column":5}},{"start":{},"end":{}}]},"46":{"loc":{"start":{"line":536,"column":4},"end":{"line":539,"column":5}},"type":"if","locations":[{"start":{"line":536,"column":4},"end":{"line":539,"column":5}},{"start":{},"end":{}}]},"47":{"loc":{"start":{"line":566,"column":4},"end":{"line":600,"column":5}},"type":"if","locations":[{"start":{"line":566,"column":4},"end":{"line":600,"column":5}},{"start":{"line":569,"column":11},"end":{"line":600,"column":5}}]},"48":{"loc":{"start":{"line":569,"column":11},"end":{"line":600,"column":5}},"type":"if","locations":[{"start":{"line":569,"column":11},"end":{"line":600,"column":5}},{"start":{"line":572,"column":11},"end":{"line":600,"column":5}}]},"49":{"loc":{"start":{"line":572,"column":11},"end":{"line":600,"column":5}},"type":"if","locations":[{"start":{"line":572,"column":11},"end":{"line":600,"column":5}},{"start":{"line":598,"column":11},"end":{"line":600,"column":5}}]},"50":{"loc":{"start":{"line":574,"column":6},"end":{"line":583,"column":7}},"type":"if","locations":[{"start":{"line":574,"column":6},"end":{"line":583,"column":7}},{"start":{},"end":{}}]},"51":{"loc":{"start":{"line":586,"column":6},"end":{"line":595,"column":7}},"type":"if","locations":[{"start":{"line":586,"column":6},"end":{"line":595,"column":7}},{"start":{},"end":{}}]},"52":{"loc":{"start":{"line":614,"column":2},"end":{"line":616,"column":3}},"type":"if","locations":[{"start":{"line":614,"column":2},"end":{"line":616,"column":3}},{"start":{},"end":{}}]},"53":{"loc":{"start":{"line":627,"column":16},"end":{"line":627,"column":58}},"type":"cond-expr","locations":[{"start":{"line":627,"column":40},"end":{"line":627,"column":44}},{"start":{"line":627,"column":44},"end":{"line":627,"column":58}}]},"54":{"loc":{"start":{"line":627,"column":16},"end":{"line":627,"column":44}},"type":"binary-expr","locations":[{"start":{"line":627,"column":16},"end":{"line":627,"column":44}},{"start":{"line":627,"column":40},"end":{"line":627,"column":44}}]},"55":{"loc":{"start":{"line":627,"column":16},"end":{"line":627,"column":40}},"type":"cond-expr","locations":[{"start":{"line":627,"column":30},"end":{"line":627,"column":32}},{"start":{"line":627,"column":30},"end":{"line":627,"column":40}}]},"56":{"loc":{"start":{"line":627,"column":16},"end":{"line":627,"column":32}},"type":"binary-expr","locations":[{"start":{"line":627,"column":16},"end":{"line":627,"column":32}},{"start":{"line":627,"column":30},"end":{"line":627,"column":32}}]},"57":{"loc":{"start":{"line":630,"column":4},"end":{"line":635,"column":5}},"type":"if","locations":[{"start":{"line":630,"column":4},"end":{"line":635,"column":5}},{"start":{"line":632,"column":11},"end":{"line":635,"column":5}}]},"58":{"loc":{"start":{"line":630,"column":8},"end":{"line":630,"column":52}},"type":"binary-expr","locations":[{"start":{"line":630,"column":8},"end":{"line":630,"column":32}},{"start":{"line":630,"column":36},"end":{"line":630,"column":52}}]},"59":{"loc":{"start":{"line":632,"column":11},"end":{"line":635,"column":5}},"type":"if","locations":[{"start":{"line":632,"column":11},"end":{"line":635,"column":5}},{"start":{},"end":{}}]},"60":{"loc":{"start":{"line":655,"column":2},"end":{"line":657,"column":3}},"type":"if","locations":[{"start":{"line":655,"column":2},"end":{"line":657,"column":3}},{"start":{},"end":{}}]},"61":{"loc":{"start":{"line":660,"column":4},"end":{"line":662,"column":5}},"type":"if","locations":[{"start":{"line":660,"column":4},"end":{"line":662,"column":5}},{"start":{},"end":{}}]},"62":{"loc":{"start":{"line":665,"column":9},"end":{"line":665,"column":35}},"type":"cond-expr","locations":[{"start":{"line":665,"column":29},"end":{"line":665,"column":33}},{"start":{"line":665,"column":33},"end":{"line":665,"column":35}}]},"63":{"loc":{"start":{"line":665,"column":9},"end":{"line":665,"column":33}},"type":"binary-expr","locations":[{"start":{"line":665,"column":9},"end":{"line":665,"column":33}},{"start":{"line":665,"column":29},"end":{"line":665,"column":33}}]},"64":{"loc":{"start":{"line":680,"column":4},"end":{"line":680,"column":35}},"type":"if","locations":[{"start":{"line":680,"column":4},"end":{"line":680,"column":35}},{"start":{},"end":{}}]},"65":{"loc":{"start":{"line":688,"column":6},"end":{"line":688,"column":31}},"type":"if","locations":[{"start":{"line":688,"column":6},"end":{"line":688,"column":31}},{"start":{},"end":{}}]},"66":{"loc":{"start":{"line":695,"column":4},"end":{"line":695,"column":24}},"type":"if","locations":[{"start":{"line":695,"column":4},"end":{"line":695,"column":24}},{"start":{},"end":{}}]},"67":{"loc":{"start":{"line":725,"column":13},"end":{"line":725,"column":78}},"type":"cond-expr","locations":[{"start":{"line":725,"column":38},"end":{"line":725,"column":67}},{"start":{"line":725,"column":70},"end":{"line":725,"column":78}}]},"68":{"loc":{"start":{"line":732,"column":2},"end":{"line":738,"column":3}},"type":"if","locations":[{"start":{"line":732,"column":2},"end":{"line":738,"column":3}},{"start":{},"end":{}}]},"69":{"loc":{"start":{"line":732,"column":6},"end":{"line":732,"column":25}},"type":"cond-expr","locations":[{"start":{"line":732,"column":18},"end":{"line":732,"column":20}},{"start":{"line":732,"column":6},"end":{"line":732,"column":25}}]},"70":{"loc":{"start":{"line":732,"column":6},"end":{"line":732,"column":20}},"type":"binary-expr","locations":[{"start":{"line":732,"column":6},"end":{"line":732,"column":20}},{"start":{"line":732,"column":6},"end":{"line":732,"column":20}}]},"71":{"loc":{"start":{"line":748,"column":16},"end":{"line":748,"column":58}},"type":"cond-expr","locations":[{"start":{"line":748,"column":40},"end":{"line":748,"column":44}},{"start":{"line":748,"column":44},"end":{"line":748,"column":58}}]},"72":{"loc":{"start":{"line":748,"column":16},"end":{"line":748,"column":44}},"type":"binary-expr","locations":[{"start":{"line":748,"column":16},"end":{"line":748,"column":44}},{"start":{"line":748,"column":40},"end":{"line":748,"column":44}}]},"73":{"loc":{"start":{"line":748,"column":16},"end":{"line":748,"column":40}},"type":"cond-expr","locations":[{"start":{"line":748,"column":30},"end":{"line":748,"column":32}},{"start":{"line":748,"column":30},"end":{"line":748,"column":40}}]},"74":{"loc":{"start":{"line":748,"column":16},"end":{"line":748,"column":32}},"type":"binary-expr","locations":[{"start":{"line":748,"column":16},"end":{"line":748,"column":32}},{"start":{"line":748,"column":30},"end":{"line":748,"column":32}}]},"75":{"loc":{"start":{"line":751,"column":4},"end":{"line":755,"column":5}},"type":"if","locations":[{"start":{"line":751,"column":4},"end":{"line":755,"column":5}},{"start":{"line":753,"column":11},"end":{"line":755,"column":5}}]},"76":{"loc":{"start":{"line":751,"column":8},"end":{"line":751,"column":60}},"type":"binary-expr","locations":[{"start":{"line":751,"column":8},"end":{"line":751,"column":30}},{"start":{"line":751,"column":34},"end":{"line":751,"column":60}}]},"77":{"loc":{"start":{"line":753,"column":11},"end":{"line":755,"column":5}},"type":"if","locations":[{"start":{"line":753,"column":11},"end":{"line":755,"column":5}},{"start":{},"end":{}}]},"78":{"loc":{"start":{"line":771,"column":4},"end":{"line":773,"column":5}},"type":"if","locations":[{"start":{"line":771,"column":4},"end":{"line":773,"column":5}},{"start":{},"end":{}}]},"79":{"loc":{"start":{"line":776,"column":9},"end":{"line":776,"column":37}},"type":"cond-expr","locations":[{"start":{"line":776,"column":31},"end":{"line":776,"column":35}},{"start":{"line":776,"column":35},"end":{"line":776,"column":37}}]},"80":{"loc":{"start":{"line":776,"column":9},"end":{"line":776,"column":35}},"type":"binary-expr","locations":[{"start":{"line":776,"column":9},"end":{"line":776,"column":35}},{"start":{"line":776,"column":31},"end":{"line":776,"column":35}}]},"81":{"loc":{"start":{"line":776,"column":9},"end":{"line":776,"column":31}},"type":"cond-expr","locations":[{"start":{"line":776,"column":23},"end":{"line":776,"column":25}},{"start":{"line":776,"column":9},"end":{"line":776,"column":31}}]},"82":{"loc":{"start":{"line":776,"column":9},"end":{"line":776,"column":25}},"type":"binary-expr","locations":[{"start":{"line":776,"column":9},"end":{"line":776,"column":25}},{"start":{"line":776,"column":9},"end":{"line":776,"column":25}}]},"83":{"loc":{"start":{"line":789,"column":28},"end":{"line":789,"column":56}},"type":"cond-expr","locations":[{"start":{"line":789,"column":50},"end":{"line":789,"column":54}},{"start":{"line":789,"column":54},"end":{"line":789,"column":56}}]},"84":{"loc":{"start":{"line":789,"column":28},"end":{"line":789,"column":54}},"type":"binary-expr","locations":[{"start":{"line":789,"column":28},"end":{"line":789,"column":54}},{"start":{"line":789,"column":50},"end":{"line":789,"column":54}}]},"85":{"loc":{"start":{"line":809,"column":2},"end":{"line":819,"column":3}},"type":"if","locations":[{"start":{"line":809,"column":2},"end":{"line":819,"column":3}},{"start":{},"end":{}}]},"86":{"loc":{"start":{"line":809,"column":6},"end":{"line":809,"column":53}},"type":"binary-expr","locations":[{"start":{"line":809,"column":6},"end":{"line":809,"column":33}},{"start":{"line":809,"column":37},"end":{"line":809,"column":53}}]},"87":{"loc":{"start":{"line":811,"column":4},"end":{"line":818,"column":5}},"type":"if","locations":[{"start":{"line":811,"column":4},"end":{"line":818,"column":5}},{"start":{},"end":{}}]},"88":{"loc":{"start":{"line":811,"column":8},"end":{"line":812,"column":58}},"type":"binary-expr","locations":[{"start":{"line":811,"column":9},"end":{"line":811,"column":32}},{"start":{"line":811,"column":36},"end":{"line":811,"column":57}},{"start":{"line":812,"column":9},"end":{"line":812,"column":32}},{"start":{"line":812,"column":36},"end":{"line":812,"column":57}}]},"89":{"loc":{"start":{"line":821,"column":18},"end":{"line":821,"column":53}},"type":"binary-expr","locations":[{"start":{"line":821,"column":18},"end":{"line":821,"column":34}},{"start":{"line":821,"column":38},"end":{"line":821,"column":53}}]},"90":{"loc":{"start":{"line":823,"column":4},"end":{"line":835,"column":5}},"type":"if","locations":[{"start":{"line":823,"column":4},"end":{"line":835,"column":5}},{"start":{},"end":{}}]},"91":{"loc":{"start":{"line":825,"column":6},"end":{"line":834,"column":7}},"type":"if","locations":[{"start":{"line":825,"column":6},"end":{"line":834,"column":7}},{"start":{"line":832,"column":13},"end":{"line":834,"column":7}}]},"92":{"loc":{"start":{"line":825,"column":10},"end":{"line":826,"column":60}},"type":"binary-expr","locations":[{"start":{"line":825,"column":11},"end":{"line":825,"column":34}},{"start":{"line":825,"column":38},"end":{"line":825,"column":59}},{"start":{"line":826,"column":11},"end":{"line":826,"column":34}},{"start":{"line":826,"column":38},"end":{"line":826,"column":59}}]},"93":{"loc":{"start":{"line":837,"column":4},"end":{"line":849,"column":5}},"type":"if","locations":[{"start":{"line":837,"column":4},"end":{"line":849,"column":5}},{"start":{"line":839,"column":11},"end":{"line":849,"column":5}}]},"94":{"loc":{"start":{"line":837,"column":8},"end":{"line":837,"column":82}},"type":"binary-expr","locations":[{"start":{"line":837,"column":8},"end":{"line":837,"column":35}},{"start":{"line":837,"column":39},"end":{"line":837,"column":62}},{"start":{"line":837,"column":66},"end":{"line":837,"column":82}}]},"95":{"loc":{"start":{"line":839,"column":11},"end":{"line":849,"column":5}},"type":"if","locations":[{"start":{"line":839,"column":11},"end":{"line":849,"column":5}},{"start":{"line":847,"column":11},"end":{"line":849,"column":5}}]},"96":{"loc":{"start":{"line":842,"column":6},"end":{"line":846,"column":7}},"type":"if","locations":[{"start":{"line":842,"column":6},"end":{"line":846,"column":7}},{"start":{"line":844,"column":13},"end":{"line":846,"column":7}}]},"97":{"loc":{"start":{"line":868,"column":4},"end":{"line":870,"column":5}},"type":"if","locations":[{"start":{"line":868,"column":4},"end":{"line":870,"column":5}},{"start":{},"end":{}}]},"98":{"loc":{"start":{"line":868,"column":8},"end":{"line":868,"column":65}},"type":"binary-expr","locations":[{"start":{"line":868,"column":8},"end":{"line":868,"column":32}},{"start":{"line":868,"column":36},"end":{"line":868,"column":49}},{"start":{"line":868,"column":53},"end":{"line":868,"column":65}}]},"99":{"loc":{"start":{"line":869,"column":20},"end":{"line":869,"column":71}},"type":"cond-expr","locations":[{"start":{"line":869,"column":65},"end":{"line":869,"column":69}},{"start":{"line":869,"column":69},"end":{"line":869,"column":71}}]},"100":{"loc":{"start":{"line":869,"column":20},"end":{"line":869,"column":69}},"type":"binary-expr","locations":[{"start":{"line":869,"column":20},"end":{"line":869,"column":69}},{"start":{"line":869,"column":65},"end":{"line":869,"column":69}}]},"101":{"loc":{"start":{"line":877,"column":4},"end":{"line":877,"column":66}},"type":"cond-expr","locations":[{"start":{"line":877,"column":31},"end":{"line":877,"column":51}},{"start":{"line":877,"column":54},"end":{"line":877,"column":66}}]},"102":{"loc":{"start":{"line":900,"column":2},"end":{"line":909,"column":3}},"type":"if","locations":[{"start":{"line":900,"column":2},"end":{"line":909,"column":3}},{"start":{},"end":{}}]},"103":{"loc":{"start":{"line":902,"column":4},"end":{"line":908,"column":5}},"type":"if","locations":[{"start":{"line":902,"column":4},"end":{"line":908,"column":5}},{"start":{},"end":{}}]},"104":{"loc":{"start":{"line":902,"column":8},"end":{"line":902,"column":56}},"type":"binary-expr","locations":[{"start":{"line":902,"column":8},"end":{"line":902,"column":31}},{"start":{"line":902,"column":35},"end":{"line":902,"column":56}}]},"105":{"loc":{"start":{"line":911,"column":2},"end":{"line":911,"column":38}},"type":"if","locations":[{"start":{"line":911,"column":2},"end":{"line":911,"column":38}},{"start":{},"end":{}}]},"106":{"loc":{"start":{"line":913,"column":22},"end":{"line":913,"column":41}},"type":"binary-expr","locations":[{"start":{"line":913,"column":22},"end":{"line":913,"column":31}},{"start":{"line":913,"column":35},"end":{"line":913,"column":41}}]},"107":{"loc":{"start":{"line":960,"column":2},"end":{"line":965,"column":3}},"type":"if","locations":[{"start":{"line":960,"column":2},"end":{"line":965,"column":3}},{"start":{},"end":{}}]},"108":{"loc":{"start":{"line":961,"column":23},"end":{"line":961,"column":93}},"type":"cond-expr","locations":[{"start":{"line":961,"column":49},"end":{"line":961,"column":79}},{"start":{"line":961,"column":82},"end":{"line":961,"column":93}}]},"109":{"loc":{"start":{"line":963,"column":20},"end":{"line":963,"column":43}},"type":"binary-expr","locations":[{"start":{"line":963,"column":20},"end":{"line":963,"column":28}},{"start":{"line":963,"column":32},"end":{"line":963,"column":43}}]},"110":{"loc":{"start":{"line":963,"column":48},"end":{"line":963,"column":64}},"type":"binary-expr","locations":[{"start":{"line":963,"column":48},"end":{"line":963,"column":58}},{"start":{"line":963,"column":62},"end":{"line":963,"column":64}}]},"111":{"loc":{"start":{"line":967,"column":2},"end":{"line":969,"column":3}},"type":"if","locations":[{"start":{"line":967,"column":2},"end":{"line":969,"column":3}},{"start":{},"end":{}}]},"112":{"loc":{"start":{"line":967,"column":6},"end":{"line":967,"column":43}},"type":"binary-expr","locations":[{"start":{"line":967,"column":6},"end":{"line":967,"column":18}},{"start":{"line":967,"column":22},"end":{"line":967,"column":43}}]},"113":{"loc":{"start":{"line":971,"column":2},"end":{"line":976,"column":3}},"type":"if","locations":[{"start":{"line":971,"column":2},"end":{"line":976,"column":3}},{"start":{},"end":{}}]},"114":{"loc":{"start":{"line":972,"column":21},"end":{"line":972,"column":106}},"type":"cond-expr","locations":[{"start":{"line":972,"column":52},"end":{"line":972,"column":87}},{"start":{"line":972,"column":90},"end":{"line":972,"column":106}}]},"115":{"loc":{"start":{"line":973,"column":4},"end":{"line":975,"column":5}},"type":"if","locations":[{"start":{"line":973,"column":4},"end":{"line":975,"column":5}},{"start":{},"end":{}}]},"116":{"loc":{"start":{"line":973,"column":8},"end":{"line":973,"column":24}},"type":"cond-expr","locations":[{"start":{"line":973,"column":16},"end":{"line":973,"column":18}},{"start":{"line":973,"column":8},"end":{"line":973,"column":24}}]},"117":{"loc":{"start":{"line":973,"column":8},"end":{"line":973,"column":18}},"type":"binary-expr","locations":[{"start":{"line":973,"column":8},"end":{"line":973,"column":18}},{"start":{"line":973,"column":8},"end":{"line":973,"column":18}}]},"118":{"loc":{"start":{"line":998,"column":4},"end":{"line":1015,"column":5}},"type":"if","locations":[{"start":{"line":998,"column":4},"end":{"line":1015,"column":5}},{"start":{"line":1005,"column":11},"end":{"line":1015,"column":5}}]},"119":{"loc":{"start":{"line":1000,"column":6},"end":{"line":1004,"column":7}},"type":"if","locations":[{"start":{"line":1000,"column":6},"end":{"line":1004,"column":7}},{"start":{},"end":{}}]},"120":{"loc":{"start":{"line":1011,"column":6},"end":{"line":1014,"column":7}},"type":"if","locations":[{"start":{"line":1011,"column":6},"end":{"line":1014,"column":7}},{"start":{},"end":{}}]},"121":{"loc":{"start":{"line":1011,"column":10},"end":{"line":1011,"column":41}},"type":"binary-expr","locations":[{"start":{"line":1011,"column":10},"end":{"line":1011,"column":16}},{"start":{"line":1011,"column":20},"end":{"line":1011,"column":28}},{"start":{"line":1011,"column":32},"end":{"line":1011,"column":41}}]},"122":{"loc":{"start":{"line":1035,"column":4},"end":{"line":1038,"column":5}},"type":"if","locations":[{"start":{"line":1035,"column":4},"end":{"line":1038,"column":5}},{"start":{},"end":{}}]},"123":{"loc":{"start":{"line":1037,"column":13},"end":{"line":1037,"column":47}},"type":"cond-expr","locations":[{"start":{"line":1037,"column":29},"end":{"line":1037,"column":42}},{"start":{"line":1037,"column":45},"end":{"line":1037,"column":47}}]},"124":{"loc":{"start":{"line":1040,"column":11},"end":{"line":1040,"column":45}},"type":"cond-expr","locations":[{"start":{"line":1040,"column":27},"end":{"line":1040,"column":40}},{"start":{"line":1040,"column":43},"end":{"line":1040,"column":45}}]},"125":{"loc":{"start":{"line":1073,"column":2},"end":{"line":1075,"column":3}},"type":"if","locations":[{"start":{"line":1073,"column":2},"end":{"line":1075,"column":3}},{"start":{},"end":{}}]},"126":{"loc":{"start":{"line":1073,"column":6},"end":{"line":1073,"column":47}},"type":"binary-expr","locations":[{"start":{"line":1073,"column":6},"end":{"line":1073,"column":15}},{"start":{"line":1073,"column":19},"end":{"line":1073,"column":47}}]},"127":{"loc":{"start":{"line":1245,"column":8},"end":{"line":1251,"column":9}},"type":"if","locations":[{"start":{"line":1245,"column":8},"end":{"line":1251,"column":9}},{"start":{},"end":{}}]},"128":{"loc":{"start":{"line":1245,"column":12},"end":{"line":1245,"column":45}},"type":"cond-expr","locations":[{"start":{"line":1245,"column":37},"end":{"line":1245,"column":39}},{"start":{"line":1245,"column":37},"end":{"line":1245,"column":45}}]},"129":{"loc":{"start":{"line":1245,"column":12},"end":{"line":1245,"column":39}},"type":"binary-expr","locations":[{"start":{"line":1245,"column":12},"end":{"line":1245,"column":39}},{"start":{"line":1245,"column":37},"end":{"line":1245,"column":39}}]},"130":{"loc":{"start":{"line":1247,"column":12},"end":{"line":1249,"column":13}},"type":"if","locations":[{"start":{"line":1247,"column":12},"end":{"line":1249,"column":13}},{"start":{},"end":{}}]},"131":{"loc":{"start":{"line":1247,"column":16},"end":{"line":1247,"column":67}},"type":"binary-expr","locations":[{"start":{"line":1247,"column":16},"end":{"line":1247,"column":36}},{"start":{"line":1247,"column":40},"end":{"line":1247,"column":67}}]},"132":{"loc":{"start":{"line":1256,"column":8},"end":{"line":1263,"column":9}},"type":"if","locations":[{"start":{"line":1256,"column":8},"end":{"line":1263,"column":9}},{"start":{},"end":{}}]},"133":{"loc":{"start":{"line":1256,"column":12},"end":{"line":1256,"column":53}},"type":"binary-expr","locations":[{"start":{"line":1256,"column":12},"end":{"line":1256,"column":22}},{"start":{"line":1256,"column":26},"end":{"line":1256,"column":53}}]},"134":{"loc":{"start":{"line":1266,"column":8},"end":{"line":1270,"column":9}},"type":"if","locations":[{"start":{"line":1266,"column":8},"end":{"line":1270,"column":9}},{"start":{},"end":{}}]},"135":{"loc":{"start":{"line":1280,"column":8},"end":{"line":1287,"column":9}},"type":"if","locations":[{"start":{"line":1280,"column":8},"end":{"line":1287,"column":9}},{"start":{},"end":{}}]},"136":{"loc":{"start":{"line":1294,"column":8},"end":{"line":1300,"column":9}},"type":"if","locations":[{"start":{"line":1294,"column":8},"end":{"line":1300,"column":9}},{"start":{},"end":{}}]}},"s":{"0":1,"1":1,"2":1,"3":1,"4":1,"5":1,"6":1,"7":1,"8":1,"9":1,"10":1,"11":1,"12":1,"13":1,"14":1,"15":1,"16":1,"17":1,"18":1,"19":1,"20":1,"21":1,"22":1,"23":1,"24":1,"25":1,"26":1,"27":1,"28":1,"29":1,"30":1,"31":1,"32":1,"33":1,"34":1,"35":1,"36":1,"37":1,"38":65,"39":23,"40":3,"41":20,"42":3,"43":20,"44":22,"45":22,"46":22,"47":22,"48":22,"49":24,"50":1,"51":23,"52":23,"53":23,"54":22,"55":1,"56":24,"57":24,"58":34,"59":34,"60":17,"61":17,"62":17,"63":12,"64":14,"65":14,"66":14,"67":17,"68":17,"69":3,"70":3,"71":3,"72":3,"73":17,"74":12,"75":12,"76":12,"77":5,"78":12,"79":13,"80":13,"81":13,"82":6,"83":13,"84":13,"85":13,"86":13,"87":5,"88":13,"89":8,"90":8,"91":9,"92":8,"93":3,"94":8,"95":1,"96":8,"97":1,"98":8,"99":1,"100":8,"101":5,"102":103,"103":4,"104":99,"105":99,"106":59,"107":59,"108":59,"109":13,"110":4,"111":17,"112":4,"113":2,"114":2,"115":2,"116":2,"117":3,"118":3,"119":2,"120":3,"121":2,"122":113,"123":113,"124":91,"125":22,"126":22,"127":22,"128":22,"129":67,"130":67,"131":67,"132":67,"133":67,"134":67,"135":267,"136":267,"137":5,"138":5,"139":5,"140":262,"141":5,"142":5,"143":5,"144":257,"145":11,"146":0,"147":11,"148":11,"149":246,"150":11,"151":9,"152":11,"153":11,"154":235,"155":200,"156":200,"157":14,"158":13,"159":14,"160":14,"161":14,"162":186,"163":9,"164":6,"165":9,"166":9,"167":9,"168":177,"169":35,"170":67,"171":62,"172":67,"173":75,"174":75,"175":75,"176":124,"177":25,"178":99,"179":6,"180":93,"181":3,"182":90,"183":75,"184":75,"185":25,"186":14,"187":14,"188":11,"189":75,"190":75,"191":11,"192":11,"193":11,"194":0,"195":75,"196":57,"197":57,"198":57,"199":7,"200":7,"201":7,"202":7,"203":7,"204":57,"205":41,"206":41,"207":41,"208":415,"209":415,"210":49,"211":49,"212":366,"213":47,"214":39,"215":8,"216":8,"217":319,"218":2,"219":68,"220":68,"221":68,"222":925,"223":925,"224":925,"225":888,"226":888,"227":37,"228":37,"229":37,"230":37,"231":37,"232":1,"233":1,"234":36,"235":36,"236":68,"237":46,"238":46,"239":46,"240":46,"241":361,"242":361,"243":7,"244":7,"245":354,"246":7,"247":7,"248":347,"249":322,"250":322,"251":13,"252":13,"253":13,"254":309,"255":309,"256":9,"257":9,"258":9,"259":300,"260":25,"261":46,"262":40,"263":40,"264":28,"265":12,"266":12,"267":12,"268":17,"269":17,"270":17,"271":17,"272":17,"273":10,"274":7,"275":7,"276":7,"277":12,"278":36,"279":36,"280":22,"281":14,"282":7,"283":6,"284":8,"285":33,"286":33,"287":33,"288":63,"289":63,"290":33,"291":30,"292":1,"293":30,"294":30,"295":31,"296":31,"297":0,"298":31,"299":31,"300":31,"301":30,"302":0,"303":30,"304":33,"305":25,"306":25,"307":25,"308":35,"309":25,"310":25,"311":6,"312":25,"313":16,"314":25,"315":25,"316":25,"317":25,"318":41,"319":41,"320":41,"321":41,"322":41,"323":35,"324":6,"325":6,"326":25,"327":18,"328":18,"329":24,"330":15,"331":3,"332":21,"333":21,"334":11,"335":11,"336":51,"337":51,"338":51,"339":11,"340":11,"341":9,"342":9,"343":51,"344":51,"345":27,"346":4,"347":4,"348":2,"349":2,"350":1,"351":2,"352":24,"353":22,"354":2,"355":2,"356":2,"357":2,"358":0,"359":0,"360":48,"361":53,"362":53,"363":53,"364":12,"365":11,"366":1,"367":53,"368":53,"369":53,"370":28,"371":28,"372":6,"373":6,"374":4,"375":4,"376":1,"377":27,"378":3,"379":24,"380":24,"381":47,"382":28,"383":28,"384":28,"385":47,"386":47,"387":47,"388":21,"389":47,"390":28,"391":15,"392":15,"393":15,"394":14,"395":14,"396":15,"397":13,"398":2,"399":2,"400":2,"401":0,"402":2,"403":20,"404":20,"405":20,"406":20,"407":20,"408":20,"409":46,"410":46,"411":12,"412":12,"413":11,"414":11,"415":11,"416":34,"417":34,"418":34,"419":34,"420":2,"421":2,"422":20,"423":39,"424":41,"425":15,"426":15,"427":26,"428":26,"429":22,"430":17,"431":3,"432":14,"433":14,"434":14,"435":14,"436":14,"437":14,"438":14,"439":1,"440":1,"441":2,"442":2,"443":1,"444":0,"445":0,"446":0,"447":0,"448":0,"449":0,"450":0,"451":0,"452":0,"453":0,"454":0,"455":0,"456":0,"457":0,"458":0,"459":0,"460":0,"461":0,"462":0,"463":0,"464":0,"465":0,"466":0,"467":0,"468":0,"469":0,"470":0,"471":0,"472":0,"473":0,"474":0,"475":0,"476":0,"477":0,"478":1},"f":{"0":65,"1":23,"2":22,"3":24,"4":24,"5":34,"6":34,"7":17,"8":12,"9":13,"10":13,"11":8,"12":5,"13":103,"14":59,"15":113,"16":67,"17":75,"18":57,"19":41,"20":68,"21":46,"22":40,"23":36,"24":33,"25":1,"26":25,"27":16,"28":18,"29":21,"30":11,"31":51,"32":53,"33":12,"34":28,"35":47,"36":28,"37":21,"38":15,"39":20,"40":39,"41":41,"42":22,"43":17,"44":1,"45":2,"46":2,"47":0,"48":0,"49":0},"b":{"0":[3,20],"1":[23,22],"2":[3,17],"3":[1,23],"4":[22,1],"5":[23,23],"6":[14,0],"7":[3,0],"8":[4,99],"9":[99,97],"10":[57,2],"11":[11,12,13,2,3,4,16,17,3,4,2,2,2,2,3,3,2,3,2],"12":[3,0],"13":[3,1],"14":[3,2],"15":[91,22],"16":[5,262],"17":[267,259,10],"18":[5,257],"19":[262,5],"20":[11,246],"21":[257,11],"22":[0,11],"23":[11,235],"24":[246,11],"25":[9,2],"26":[200,35],"27":[14,186],"28":[13,1],"29":[9,177],"30":[6,3],"31":[62,5],"32":[25,99],"33":[124,110],"34":[6,93],"35":[3,90],"36":[14,11],"37":[14,10],"38":[11,0],"39":[11,7],"40":[74,1],"41":[75,75],"42":[49,366],"43":[47,319],"44":[39,8],"45":[888,37],"46":[1,36],"47":[7,354],"48":[7,347],"49":[322,25],"50":[13,309],"51":[9,300],"52":[28,12],"53":[5,12],"54":[17,17],"55":[12,5],"56":[17,17],"57":[10,7],"58":[17,10],"59":[7,0],"60":[22,14],"61":[6,1],"62":[3,5],"63":[8,3],"64":[33,30],"65":[0,31],"66":[0,30],"67":[33,2],"68":[6,19],"69":[19,6],"70":[25,6],"71":[16,25],"72":[41,41],"73":[25,16],"74":[41,41],"75":[35,6],"76":[41,35],"77":[6,0],"78":[15,9],"79":[2,1],"80":[3,3],"81":[1,2],"82":[3,2],"83":[10,1],"84":[11,11],"85":[11,40],"86":[51,18],"87":[9,2],"88":[11,7,4,2],"89":[75,29],"90":[4,23],"91":[2,2],"92":[4,2,2,0],"93":[22,2],"94":[24,24,22],"95":[2,0],"96":[2,0],"97":[11,1],"98":[12,12,12],"99":[10,1],"100":[11,10],"101":[12,41],"102":[6,22],"103":[4,2],"104":[6,4],"105":[3,24],"106":[24,2],"107":[14,1],"108":[0,14],"109":[14,14],"110":[14,14],"111":[13,2],"112":[15,13],"113":[2,0],"114":[0,2],"115":[0,2],"116":[2,0],"117":[2,2],"118":[12,34],"119":[11,1],"120":[2,32],"121":[34,4,2],"122":[15,26],"123":[12,3],"124":[23,3],"125":[3,14],"126":[17,14],"127":[0,0],"128":[0,0],"129":[0,0],"130":[0,0],"131":[0,0],"132":[0,0],"133":[0,0],"134":[0,0],"135":[0,0],"136":[0,0]}}
}
