{"E:\\JLS Projects\\TemplateProcessor Rebuild\\temp-n8n-node\\nodes\\TemplateResolver\\TemplateResolver.node.ts": {"path":"E:\\JLS Projects\\TemplateProcessor Rebuild\\temp-n8n-node\\nodes\\TemplateResolver\\TemplateResolver.node.ts","statementMap":{"0":{"start":{"line":89,"column":0},"end":{"line":89,"column":16}},"1":{"start":{"line":99,"column":0},"end":{"line":99,"column":16}},"2":{"start":{"line":113,"column":0},"end":{"line":113,"column":16}},"3":{"start":{"line":129,"column":0},"end":{"line":129,"column":16}},"4":{"start":{"line":146,"column":0},"end":{"line":146,"column":16}},"5":{"start":{"line":159,"column":0},"end":{"line":159,"column":16}},"6":{"start":{"line":189,"column":0},"end":{"line":189,"column":16}},"7":{"start":{"line":205,"column":0},"end":{"line":205,"column":16}},"8":{"start":{"line":221,"column":0},"end":{"line":221,"column":16}},"9":{"start":{"line":237,"column":0},"end":{"line":237,"column":16}},"10":{"start":{"line":269,"column":0},"end":{"line":269,"column":16}},"11":{"start":{"line":279,"column":0},"end":{"line":279,"column":16}},"12":{"start":{"line":293,"column":0},"end":{"line":293,"column":16}},"13":{"start":{"line":344,"column":0},"end":{"line":344,"column":16}},"14":{"start":{"line":363,"column":0},"end":{"line":363,"column":16}},"15":{"start":{"line":418,"column":0},"end":{"line":418,"column":16}},"16":{"start":{"line":465,"column":0},"end":{"line":465,"column":16}},"17":{"start":{"line":491,"column":0},"end":{"line":491,"column":16}},"18":{"start":{"line":518,"column":0},"end":{"line":518,"column":16}},"19":{"start":{"line":558,"column":0},"end":{"line":558,"column":16}},"20":{"start":{"line":611,"column":0},"end":{"line":611,"column":16}},"21":{"start":{"line":648,"column":0},"end":{"line":648,"column":16}},"22":{"start":{"line":674,"column":0},"end":{"line":674,"column":16}},"23":{"start":{"line":711,"column":0},"end":{"line":711,"column":16}},"24":{"start":{"line":767,"column":0},"end":{"line":767,"column":16}},"25":{"start":{"line":785,"column":0},"end":{"line":785,"column":16}},"26":{"start":{"line":804,"column":0},"end":{"line":804,"column":16}},"27":{"start":{"line":826,"column":0},"end":{"line":826,"column":16}},"28":{"start":{"line":855,"column":0},"end":{"line":855,"column":16}},"29":{"start":{"line":874,"column":0},"end":{"line":874,"column":16}},"30":{"start":{"line":903,"column":0},"end":{"line":903,"column":16}},"31":{"start":{"line":938,"column":0},"end":{"line":938,"column":16}},"32":{"start":{"line":982,"column":0},"end":{"line":982,"column":16}},"33":{"start":{"line":998,"column":0},"end":{"line":998,"column":16}},"34":{"start":{"line":1017,"column":0},"end":{"line":1017,"column":16}},"35":{"start":{"line":1,"column":0},"end":{"line":1,"column":null}},"36":{"start":{"line":77,"column":26},"end":{"line":77,"column":28}},"37":{"start":{"line":78,"column":18},"end":{"line":78,"column":29}},"38":{"start":{"line":90,"column":2},"end":{"line":90,"column":48}},"39":{"start":{"line":100,"column":2},"end":{"line":100,"column":56}},"40":{"start":{"line":100,"column":49},"end":{"line":100,"column":56}},"41":{"start":{"line":102,"column":2},"end":{"line":104,"column":3}},"42":{"start":{"line":103,"column":4},"end":{"line":103,"column":41}},"43":{"start":{"line":105,"column":2},"end":{"line":105,"column":25}},"44":{"start":{"line":114,"column":30},"end":{"line":114,"column":32}},"45":{"start":{"line":115,"column":16},"end":{"line":115,"column":44}},"46":{"start":{"line":118,"column":2},"end":{"line":120,"column":3}},"47":{"start":{"line":119,"column":4},"end":{"line":119,"column":29}},"48":{"start":{"line":121,"column":2},"end":{"line":121,"column":19}},"49":{"start":{"line":130,"column":2},"end":{"line":130,"column":30}},"50":{"start":{"line":130,"column":18},"end":{"line":130,"column":30}},"51":{"start":{"line":132,"column":24},"end":{"line":132,"column":54}},"52":{"start":{"line":133,"column":17},"end":{"line":133,"column":43}},"53":{"start":{"line":135,"column":2},"end":{"line":137,"column":3}},"54":{"start":{"line":136,"column":4},"end":{"line":136,"column":21}},"55":{"start":{"line":138,"column":2},"end":{"line":138,"column":14}},"56":{"start":{"line":147,"column":24},"end":{"line":147,"column":56}},"57":{"start":{"line":148,"column":2},"end":{"line":151,"column":31}},"58":{"start":{"line":150,"column":14},"end":{"line":150,"column":22}},"59":{"start":{"line":151,"column":17},"end":{"line":151,"column":29}},"60":{"start":{"line":160,"column":30},"end":{"line":160,"column":32}},"61":{"start":{"line":163,"column":18},"end":{"line":163,"column":41}},"62":{"start":{"line":165,"column":2},"end":{"line":170,"column":3}},"63":{"start":{"line":166,"column":4},"end":{"line":169,"column":5}},"64":{"start":{"line":167,"column":22},"end":{"line":167,"column":61}},"65":{"start":{"line":168,"column":6},"end":{"line":168,"column":43}},"66":{"start":{"line":168,"column":19},"end":{"line":168,"column":43}},"67":{"start":{"line":173,"column":22},"end":{"line":173,"column":54}},"68":{"start":{"line":174,"column":2},"end":{"line":179,"column":3}},"69":{"start":{"line":175,"column":4},"end":{"line":178,"column":5}},"70":{"start":{"line":176,"column":22},"end":{"line":176,"column":61}},"71":{"start":{"line":177,"column":6},"end":{"line":177,"column":43}},"72":{"start":{"line":177,"column":19},"end":{"line":177,"column":43}},"73":{"start":{"line":181,"column":2},"end":{"line":181,"column":19}},"74":{"start":{"line":190,"column":30},"end":{"line":190,"column":32}},"75":{"start":{"line":191,"column":16},"end":{"line":191,"column":49}},"76":{"start":{"line":194,"column":2},"end":{"line":196,"column":3}},"77":{"start":{"line":195,"column":4},"end":{"line":195,"column":29}},"78":{"start":{"line":197,"column":2},"end":{"line":197,"column":19}},"79":{"start":{"line":206,"column":30},"end":{"line":206,"column":32}},"80":{"start":{"line":207,"column":16},"end":{"line":207,"column":64}},"81":{"start":{"line":210,"column":2},"end":{"line":212,"column":3}},"82":{"start":{"line":211,"column":4},"end":{"line":211,"column":29}},"83":{"start":{"line":213,"column":2},"end":{"line":213,"column":19}},"84":{"start":{"line":222,"column":30},"end":{"line":222,"column":32}},"85":{"start":{"line":223,"column":16},"end":{"line":223,"column":49}},"86":{"start":{"line":226,"column":2},"end":{"line":228,"column":3}},"87":{"start":{"line":227,"column":4},"end":{"line":227,"column":29}},"88":{"start":{"line":229,"column":2},"end":{"line":229,"column":19}},"89":{"start":{"line":238,"column":20},"end":{"line":238,"column":37}},"90":{"start":{"line":240,"column":2},"end":{"line":242,"column":3}},"91":{"start":{"line":241,"column":4},"end":{"line":241,"column":35}},"92":{"start":{"line":243,"column":2},"end":{"line":245,"column":3}},"93":{"start":{"line":244,"column":4},"end":{"line":244,"column":35}},"94":{"start":{"line":246,"column":2},"end":{"line":248,"column":3}},"95":{"start":{"line":247,"column":4},"end":{"line":247,"column":35}},"96":{"start":{"line":249,"column":2},"end":{"line":251,"column":3}},"97":{"start":{"line":250,"column":4},"end":{"line":250,"column":35}},"98":{"start":{"line":252,"column":2},"end":{"line":254,"column":3}},"99":{"start":{"line":253,"column":4},"end":{"line":253,"column":35}},"100":{"start":{"line":256,"column":2},"end":{"line":256,"column":38}},"101":{"start":{"line":270,"column":2},"end":{"line":270,"column":29}},"102":{"start":{"line":280,"column":2},"end":{"line":280,"column":41}},"103":{"start":{"line":280,"column":28},"end":{"line":280,"column":41}},"104":{"start":{"line":281,"column":16},"end":{"line":281,"column":35}},"105":{"start":{"line":282,"column":2},"end":{"line":282,"column":54}},"106":{"start":{"line":299,"column":19},"end":{"line":299,"column":41}},"107":{"start":{"line":300,"column":19},"end":{"line":300,"column":59}},"108":{"start":{"line":302,"column":2},"end":{"line":335,"column":3}},"109":{"start":{"line":306,"column":6},"end":{"line":306,"column":39}},"110":{"start":{"line":310,"column":6},"end":{"line":310,"column":39}},"111":{"start":{"line":313,"column":6},"end":{"line":313,"column":36}},"112":{"start":{"line":316,"column":6},"end":{"line":316,"column":36}},"113":{"start":{"line":318,"column":6},"end":{"line":318,"column":45}},"114":{"start":{"line":320,"column":6},"end":{"line":320,"column":46}},"115":{"start":{"line":322,"column":6},"end":{"line":322,"column":47}},"116":{"start":{"line":324,"column":6},"end":{"line":324,"column":45}},"117":{"start":{"line":326,"column":6},"end":{"line":326,"column":65}},"118":{"start":{"line":328,"column":6},"end":{"line":328,"column":65}},"119":{"start":{"line":330,"column":6},"end":{"line":330,"column":37}},"120":{"start":{"line":332,"column":6},"end":{"line":332,"column":64}},"121":{"start":{"line":334,"column":6},"end":{"line":334,"column":36}},"122":{"start":{"line":345,"column":17},"end":{"line":345,"column":46}},"123":{"start":{"line":347,"column":2},"end":{"line":349,"column":3}},"124":{"start":{"line":348,"column":4},"end":{"line":348,"column":50}},"125":{"start":{"line":351,"column":18},"end":{"line":351,"column":27}},"126":{"start":{"line":352,"column":19},"end":{"line":352,"column":28}},"127":{"start":{"line":353,"column":23},"end":{"line":353,"column":76}},"128":{"start":{"line":355,"column":2},"end":{"line":355,"column":72}},"129":{"start":{"line":364,"column":27},"end":{"line":364,"column":29}},"130":{"start":{"line":365,"column":16},"end":{"line":365,"column":18}},"131":{"start":{"line":366,"column":17},"end":{"line":366,"column":22}},"132":{"start":{"line":367,"column":18},"end":{"line":367,"column":20}},"133":{"start":{"line":369,"column":2},"end":{"line":406,"column":3}},"134":{"start":{"line":369,"column":15},"end":{"line":369,"column":16}},"135":{"start":{"line":370,"column":17},"end":{"line":370,"column":30}},"136":{"start":{"line":372,"column":4},"end":{"line":405,"column":5}},"137":{"start":{"line":373,"column":6},"end":{"line":373,"column":22}},"138":{"start":{"line":374,"column":6},"end":{"line":374,"column":23}},"139":{"start":{"line":375,"column":6},"end":{"line":375,"column":22}},"140":{"start":{"line":376,"column":11},"end":{"line":405,"column":5}},"141":{"start":{"line":377,"column":6},"end":{"line":377,"column":23}},"142":{"start":{"line":378,"column":6},"end":{"line":378,"column":21}},"143":{"start":{"line":379,"column":6},"end":{"line":379,"column":22}},"144":{"start":{"line":380,"column":11},"end":{"line":405,"column":5}},"145":{"start":{"line":381,"column":6},"end":{"line":381,"column":54}},"146":{"start":{"line":381,"column":26},"end":{"line":381,"column":54}},"147":{"start":{"line":382,"column":6},"end":{"line":382,"column":23}},"148":{"start":{"line":383,"column":6},"end":{"line":383,"column":19}},"149":{"start":{"line":384,"column":11},"end":{"line":405,"column":5}},"150":{"start":{"line":385,"column":6},"end":{"line":385,"column":54}},"151":{"start":{"line":385,"column":26},"end":{"line":385,"column":54}},"152":{"start":{"line":386,"column":6},"end":{"line":386,"column":23}},"153":{"start":{"line":387,"column":6},"end":{"line":387,"column":19}},"154":{"start":{"line":388,"column":11},"end":{"line":405,"column":5}},"155":{"start":{"line":389,"column":24},"end":{"line":389,"column":57}},"156":{"start":{"line":390,"column":6},"end":{"line":402,"column":7}},"157":{"start":{"line":391,"column":8},"end":{"line":391,"column":56}},"158":{"start":{"line":391,"column":28},"end":{"line":391,"column":56}},"159":{"start":{"line":392,"column":8},"end":{"line":392,"column":27}},"160":{"start":{"line":393,"column":8},"end":{"line":393,"column":21}},"161":{"start":{"line":394,"column":8},"end":{"line":394,"column":15}},"162":{"start":{"line":395,"column":13},"end":{"line":402,"column":7}},"163":{"start":{"line":396,"column":8},"end":{"line":396,"column":56}},"164":{"start":{"line":396,"column":28},"end":{"line":396,"column":56}},"165":{"start":{"line":397,"column":8},"end":{"line":397,"column":26}},"166":{"start":{"line":398,"column":8},"end":{"line":398,"column":21}},"167":{"start":{"line":399,"column":8},"end":{"line":399,"column":15}},"168":{"start":{"line":401,"column":8},"end":{"line":401,"column":24}},"169":{"start":{"line":404,"column":6},"end":{"line":404,"column":22}},"170":{"start":{"line":408,"column":2},"end":{"line":408,"column":50}},"171":{"start":{"line":408,"column":22},"end":{"line":408,"column":50}},"172":{"start":{"line":409,"column":2},"end":{"line":409,"column":16}},"173":{"start":{"line":419,"column":29},"end":{"line":419,"column":31}},"174":{"start":{"line":420,"column":30},"end":{"line":420,"column":32}},"175":{"start":{"line":422,"column":2},"end":{"line":432,"column":3}},"176":{"start":{"line":423,"column":4},"end":{"line":431,"column":5}},"177":{"start":{"line":424,"column":6},"end":{"line":424,"column":28}},"178":{"start":{"line":425,"column":11},"end":{"line":431,"column":5}},"179":{"start":{"line":426,"column":6},"end":{"line":426,"column":25}},"180":{"start":{"line":427,"column":11},"end":{"line":431,"column":5}},"181":{"start":{"line":428,"column":6},"end":{"line":428,"column":26}},"182":{"start":{"line":430,"column":6},"end":{"line":430,"column":62}},"183":{"start":{"line":435,"column":10},"end":{"line":435,"column":11}},"184":{"start":{"line":436,"column":2},"end":{"line":443,"column":3}},"185":{"start":{"line":437,"column":4},"end":{"line":442,"column":5}},"186":{"start":{"line":438,"column":6},"end":{"line":438,"column":57}},"187":{"start":{"line":439,"column":6},"end":{"line":439,"column":29}},"188":{"start":{"line":441,"column":6},"end":{"line":441,"column":10}},"189":{"start":{"line":446,"column":2},"end":{"line":446,"column":8}},"190":{"start":{"line":447,"column":2},"end":{"line":454,"column":3}},"191":{"start":{"line":448,"column":4},"end":{"line":453,"column":5}},"192":{"start":{"line":449,"column":6},"end":{"line":449,"column":57}},"193":{"start":{"line":450,"column":6},"end":{"line":450,"column":29}},"194":{"start":{"line":452,"column":6},"end":{"line":452,"column":10}},"195":{"start":{"line":456,"column":2},"end":{"line":456,"column":29}},"196":{"start":{"line":466,"column":17},"end":{"line":466,"column":47}},"197":{"start":{"line":467,"column":18},"end":{"line":467,"column":29}},"198":{"start":{"line":470,"column":2},"end":{"line":476,"column":3}},"199":{"start":{"line":471,"column":17},"end":{"line":471,"column":41}},"200":{"start":{"line":472,"column":18},"end":{"line":472,"column":44}},"201":{"start":{"line":473,"column":16},"end":{"line":473,"column":46}},"202":{"start":{"line":474,"column":19},"end":{"line":474,"column":57}},"203":{"start":{"line":475,"column":4},"end":{"line":475,"column":59}},"204":{"start":{"line":478,"column":2},"end":{"line":478,"column":52}},"205":{"start":{"line":492,"column":12},"end":{"line":492,"column":19}},"206":{"start":{"line":493,"column":14},"end":{"line":493,"column":15}},"207":{"start":{"line":495,"column":2},"end":{"line":508,"column":3}},"208":{"start":{"line":496,"column":22},"end":{"line":496,"column":42}},"209":{"start":{"line":498,"column":4},"end":{"line":507,"column":5}},"210":{"start":{"line":499,"column":6},"end":{"line":499,"column":14}},"211":{"start":{"line":500,"column":6},"end":{"line":500,"column":63}},"212":{"start":{"line":501,"column":11},"end":{"line":507,"column":5}},"213":{"start":{"line":502,"column":6},"end":{"line":502,"column":34}},"214":{"start":{"line":502,"column":23},"end":{"line":502,"column":34}},"215":{"start":{"line":503,"column":6},"end":{"line":503,"column":14}},"216":{"start":{"line":504,"column":6},"end":{"line":504,"column":30}},"217":{"start":{"line":506,"column":6},"end":{"line":506,"column":12}},"218":{"start":{"line":510,"column":2},"end":{"line":510,"column":12}},"219":{"start":{"line":519,"column":34},"end":{"line":519,"column":36}},"220":{"start":{"line":520,"column":12},"end":{"line":520,"column":13}},"221":{"start":{"line":522,"column":2},"end":{"line":548,"column":3}},"222":{"start":{"line":523,"column":22},"end":{"line":523,"column":42}},"223":{"start":{"line":524,"column":20},"end":{"line":524,"column":60}},"224":{"start":{"line":526,"column":4},"end":{"line":529,"column":5}},"225":{"start":{"line":527,"column":6},"end":{"line":527,"column":12}},"226":{"start":{"line":528,"column":6},"end":{"line":528,"column":15}},"227":{"start":{"line":531,"column":18},"end":{"line":531,"column":21}},"228":{"start":{"line":532,"column":23},"end":{"line":532,"column":33}},"229":{"start":{"line":533,"column":25},"end":{"line":533,"column":48}},"230":{"start":{"line":534,"column":21},"end":{"line":534,"column":52}},"231":{"start":{"line":536,"column":4},"end":{"line":539,"column":5}},"232":{"start":{"line":537,"column":6},"end":{"line":537,"column":31}},"233":{"start":{"line":538,"column":6},"end":{"line":538,"column":15}},"234":{"start":{"line":541,"column":4},"end":{"line":545,"column":7}},"235":{"start":{"line":547,"column":4},"end":{"line":547,"column":38}},"236":{"start":{"line":550,"column":2},"end":{"line":550,"column":16}},"237":{"start":{"line":559,"column":34},"end":{"line":559,"column":36}},"238":{"start":{"line":560,"column":12},"end":{"line":560,"column":13}},"239":{"start":{"line":561,"column":14},"end":{"line":561,"column":15}},"240":{"start":{"line":563,"column":2},"end":{"line":601,"column":3}},"241":{"start":{"line":564,"column":22},"end":{"line":564,"column":44}},"242":{"start":{"line":566,"column":4},"end":{"line":600,"column":5}},"243":{"start":{"line":567,"column":6},"end":{"line":567,"column":14}},"244":{"start":{"line":568,"column":6},"end":{"line":568,"column":61}},"245":{"start":{"line":569,"column":11},"end":{"line":600,"column":5}},"246":{"start":{"line":570,"column":6},"end":{"line":570,"column":14}},"247":{"start":{"line":571,"column":6},"end":{"line":571,"column":30}},"248":{"start":{"line":572,"column":11},"end":{"line":600,"column":5}},"249":{"start":{"line":573,"column":26},"end":{"line":573,"column":75}},"250":{"start":{"line":574,"column":6},"end":{"line":583,"column":7}},"251":{"start":{"line":575,"column":8},"end":{"line":580,"column":11}},"252":{"start":{"line":581,"column":8},"end":{"line":581,"column":37}},"253":{"start":{"line":582,"column":8},"end":{"line":582,"column":17}},"254":{"start":{"line":585,"column":24},"end":{"line":585,"column":57}},"255":{"start":{"line":586,"column":6},"end":{"line":595,"column":7}},"256":{"start":{"line":587,"column":8},"end":{"line":592,"column":11}},"257":{"start":{"line":593,"column":8},"end":{"line":593,"column":35}},"258":{"start":{"line":594,"column":8},"end":{"line":594,"column":17}},"259":{"start":{"line":597,"column":6},"end":{"line":597,"column":12}},"260":{"start":{"line":599,"column":6},"end":{"line":599,"column":12}},"261":{"start":{"line":603,"column":2},"end":{"line":603,"column":17}},"262":{"start":{"line":612,"column":18},"end":{"line":612,"column":44}},"263":{"start":{"line":614,"column":2},"end":{"line":616,"column":3}},"264":{"start":{"line":615,"column":4},"end":{"line":615,"column":73}},"265":{"start":{"line":618,"column":38},"end":{"line":622,"column":4}},"266":{"start":{"line":624,"column":2},"end":{"line":636,"column":3}},"267":{"start":{"line":624,"column":15},"end":{"line":624,"column":16}},"268":{"start":{"line":625,"column":19},"end":{"line":625,"column":29}},"269":{"start":{"line":626,"column":18},"end":{"line":626,"column":49}},"270":{"start":{"line":627,"column":16},"end":{"line":627,"column":58}},"271":{"start":{"line":628,"column":26},"end":{"line":628,"column":55}},"272":{"start":{"line":630,"column":4},"end":{"line":635,"column":5}},"273":{"start":{"line":631,"column":6},"end":{"line":631,"column":90}},"274":{"start":{"line":632,"column":11},"end":{"line":635,"column":5}},"275":{"start":{"line":633,"column":6},"end":{"line":633,"column":41}},"276":{"start":{"line":634,"column":6},"end":{"line":634,"column":12}},"277":{"start":{"line":638,"column":2},"end":{"line":638,"column":16}},"278":{"start":{"line":653,"column":19},"end":{"line":653,"column":52}},"279":{"start":{"line":655,"column":2},"end":{"line":657,"column":3}},"280":{"start":{"line":656,"column":4},"end":{"line":656,"column":30}},"281":{"start":{"line":659,"column":2},"end":{"line":663,"column":3}},"282":{"start":{"line":660,"column":4},"end":{"line":662,"column":5}},"283":{"start":{"line":661,"column":6},"end":{"line":661,"column":28}},"284":{"start":{"line":665,"column":2},"end":{"line":665,"column":36}},"285":{"start":{"line":675,"column":15},"end":{"line":675,"column":23}},"286":{"start":{"line":676,"column":19},"end":{"line":676,"column":20}},"287":{"start":{"line":678,"column":2},"end":{"line":697,"column":3}},"288":{"start":{"line":679,"column":19},"end":{"line":679,"column":39}},"289":{"start":{"line":680,"column":4},"end":{"line":680,"column":35}},"290":{"start":{"line":680,"column":29},"end":{"line":680,"column":35}},"291":{"start":{"line":683,"column":4},"end":{"line":683,"column":63}},"292":{"start":{"line":683,"column":26},"end":{"line":683,"column":61}},"293":{"start":{"line":685,"column":18},"end":{"line":685,"column":23}},"294":{"start":{"line":686,"column":4},"end":{"line":693,"column":5}},"295":{"start":{"line":687,"column":18},"end":{"line":687,"column":49}},"296":{"start":{"line":688,"column":6},"end":{"line":688,"column":31}},"297":{"start":{"line":688,"column":22},"end":{"line":688,"column":31}},"298":{"start":{"line":690,"column":26},"end":{"line":690,"column":94}},"299":{"start":{"line":691,"column":6},"end":{"line":691,"column":60}},"300":{"start":{"line":692,"column":6},"end":{"line":692,"column":21}},"301":{"start":{"line":695,"column":4},"end":{"line":695,"column":24}},"302":{"start":{"line":695,"column":18},"end":{"line":695,"column":24}},"303":{"start":{"line":696,"column":4},"end":{"line":696,"column":17}},"304":{"start":{"line":699,"column":2},"end":{"line":699,"column":16}},"305":{"start":{"line":717,"column":7},"end":{"line":717,"column":9}},"306":{"start":{"line":719,"column":20},"end":{"line":719,"column":67}},"307":{"start":{"line":722,"column":2},"end":{"line":729,"column":3}},"308":{"start":{"line":723,"column":4},"end":{"line":728,"column":7}},"309":{"start":{"line":731,"column":23},"end":{"line":731,"column":55}},"310":{"start":{"line":732,"column":2},"end":{"line":738,"column":3}},"311":{"start":{"line":733,"column":4},"end":{"line":737,"column":7}},"312":{"start":{"line":740,"column":2},"end":{"line":740,"column":50}},"313":{"start":{"line":740,"column":25},"end":{"line":740,"column":48}},"314":{"start":{"line":742,"column":36},"end":{"line":742,"column":38}},"315":{"start":{"line":743,"column":38},"end":{"line":743,"column":42}},"316":{"start":{"line":745,"column":2},"end":{"line":756,"column":3}},"317":{"start":{"line":745,"column":15},"end":{"line":745,"column":16}},"318":{"start":{"line":746,"column":19},"end":{"line":746,"column":29}},"319":{"start":{"line":747,"column":18},"end":{"line":747,"column":49}},"320":{"start":{"line":748,"column":16},"end":{"line":748,"column":58}},"321":{"start":{"line":749,"column":26},"end":{"line":749,"column":55}},"322":{"start":{"line":751,"column":4},"end":{"line":755,"column":5}},"323":{"start":{"line":752,"column":6},"end":{"line":752,"column":72}},"324":{"start":{"line":753,"column":11},"end":{"line":755,"column":5}},"325":{"start":{"line":754,"column":6},"end":{"line":754,"column":37}},"326":{"start":{"line":758,"column":2},"end":{"line":758,"column":41}},"327":{"start":{"line":768,"column":42},"end":{"line":768,"column":67}},"328":{"start":{"line":770,"column":2},"end":{"line":774,"column":3}},"329":{"start":{"line":771,"column":4},"end":{"line":773,"column":5}},"330":{"start":{"line":772,"column":6},"end":{"line":772,"column":35}},"331":{"start":{"line":776,"column":2},"end":{"line":776,"column":38}},"332":{"start":{"line":786,"column":16},"end":{"line":786,"column":64}},"333":{"start":{"line":788,"column":2},"end":{"line":791,"column":5}},"334":{"start":{"line":789,"column":21},"end":{"line":789,"column":57}},"335":{"start":{"line":790,"column":4},"end":{"line":790,"column":48}},"336":{"start":{"line":805,"column":16},"end":{"line":805,"column":31}},"337":{"start":{"line":806,"column":31},"end":{"line":806,"column":54}},"338":{"start":{"line":808,"column":2},"end":{"line":814,"column":3}},"339":{"start":{"line":808,"column":15},"end":{"line":808,"column":16}},"340":{"start":{"line":809,"column":4},"end":{"line":813,"column":5}},"341":{"start":{"line":810,"column":6},"end":{"line":810,"column":69}},"342":{"start":{"line":812,"column":6},"end":{"line":812,"column":23}},"343":{"start":{"line":816,"column":2},"end":{"line":816,"column":17}},"344":{"start":{"line":827,"column":15},"end":{"line":827,"column":19}},"345":{"start":{"line":830,"column":19},"end":{"line":830,"column":76}},"346":{"start":{"line":831,"column":2},"end":{"line":836,"column":5}},"347":{"start":{"line":832,"column":4},"end":{"line":834,"column":5}},"348":{"start":{"line":833,"column":6},"end":{"line":833,"column":73}},"349":{"start":{"line":835,"column":4},"end":{"line":835,"column":14}},"350":{"start":{"line":839,"column":22},"end":{"line":839,"column":70}},"351":{"start":{"line":840,"column":2},"end":{"line":842,"column":4}},"352":{"start":{"line":844,"column":2},"end":{"line":844,"column":16}},"353":{"start":{"line":861,"column":15},"end":{"line":861,"column":54}},"354":{"start":{"line":862,"column":2},"end":{"line":862,"column":38}},"355":{"start":{"line":862,"column":28},"end":{"line":862,"column":38}},"356":{"start":{"line":864,"column":22},"end":{"line":864,"column":41}},"357":{"start":{"line":865,"column":2},"end":{"line":865,"column":76}},"358":{"start":{"line":865,"column":26},"end":{"line":865,"column":65}},"359":{"start":{"line":875,"column":15},"end":{"line":875,"column":23}},"360":{"start":{"line":876,"column":16},"end":{"line":876,"column":20}},"361":{"start":{"line":878,"column":2},"end":{"line":887,"column":3}},"362":{"start":{"line":879,"column":19},"end":{"line":879,"column":25}},"363":{"start":{"line":880,"column":18},"end":{"line":880,"column":97}},"364":{"start":{"line":882,"column":4},"end":{"line":884,"column":6}},"365":{"start":{"line":883,"column":6},"end":{"line":883,"column":50}},"366":{"start":{"line":886,"column":4},"end":{"line":886,"column":32}},"367":{"start":{"line":889,"column":2},"end":{"line":889,"column":16}},"368":{"start":{"line":908,"column":107},"end":{"line":908,"column":112}},"369":{"start":{"line":910,"column":21},"end":{"line":910,"column":25}},"370":{"start":{"line":911,"column":2},"end":{"line":916,"column":3}},"371":{"start":{"line":912,"column":23},"end":{"line":912,"column":93}},"372":{"start":{"line":913,"column":4},"end":{"line":915,"column":6}},"373":{"start":{"line":918,"column":2},"end":{"line":920,"column":3}},"374":{"start":{"line":919,"column":4},"end":{"line":919,"column":64}},"375":{"start":{"line":922,"column":2},"end":{"line":927,"column":3}},"376":{"start":{"line":923,"column":21},"end":{"line":923,"column":106}},"377":{"start":{"line":924,"column":4},"end":{"line":926,"column":5}},"378":{"start":{"line":925,"column":6},"end":{"line":925,"column":60}},"379":{"start":{"line":929,"column":2},"end":{"line":929,"column":26}},"380":{"start":{"line":939,"column":24},"end":{"line":939,"column":162}},"381":{"start":{"line":941,"column":16},"end":{"line":941,"column":36}},"382":{"start":{"line":942,"column":27},"end":{"line":942,"column":29}},"383":{"start":{"line":943,"column":16},"end":{"line":943,"column":17}},"384":{"start":{"line":944,"column":15},"end":{"line":944,"column":20}},"385":{"start":{"line":946,"column":2},"end":{"line":967,"column":3}},"386":{"start":{"line":947,"column":18},"end":{"line":947,"column":43}},"387":{"start":{"line":949,"column":4},"end":{"line":966,"column":5}},"388":{"start":{"line":950,"column":21},"end":{"line":950,"column":67}},"389":{"start":{"line":951,"column":6},"end":{"line":955,"column":7}},"390":{"start":{"line":952,"column":8},"end":{"line":952,"column":35}},"391":{"start":{"line":953,"column":8},"end":{"line":953,"column":18}},"392":{"start":{"line":954,"column":8},"end":{"line":954,"column":22}},"393":{"start":{"line":957,"column":6},"end":{"line":957,"column":24}},"394":{"start":{"line":959,"column":23},"end":{"line":959,"column":47}},"395":{"start":{"line":960,"column":22},"end":{"line":960,"column":40}},"396":{"start":{"line":962,"column":6},"end":{"line":965,"column":7}},"397":{"start":{"line":963,"column":8},"end":{"line":963,"column":20}},"398":{"start":{"line":964,"column":8},"end":{"line":964,"column":23}},"399":{"start":{"line":969,"column":2},"end":{"line":969,"column":27}},"400":{"start":{"line":983,"column":2},"end":{"line":986,"column":5}},"401":{"start":{"line":984,"column":18},"end":{"line":984,"column":40}},"402":{"start":{"line":985,"column":4},"end":{"line":985,"column":46}},"403":{"start":{"line":999,"column":2},"end":{"line":1004,"column":33}},"404":{"start":{"line":1018,"column":2},"end":{"line":1020,"column":3}},"405":{"start":{"line":1019,"column":4},"end":{"line":1019,"column":14}},"406":{"start":{"line":1022,"column":15},"end":{"line":1022,"column":46}},"407":{"start":{"line":1025,"column":2},"end":{"line":1025,"column":46}},"408":{"start":{"line":1026,"column":2},"end":{"line":1026,"column":48}},"409":{"start":{"line":1027,"column":2},"end":{"line":1027,"column":47}},"410":{"start":{"line":1028,"column":2},"end":{"line":1028,"column":47}},"411":{"start":{"line":1029,"column":2},"end":{"line":1029,"column":50}},"412":{"start":{"line":1031,"column":2},"end":{"line":1031,"column":37}},"413":{"start":{"line":1044,"column":4},"end":{"line":1044,"column":41}},"414":{"start":{"line":1042,"column":0},"end":{"line":1042,"column":13}},"415":{"start":{"line":1056,"column":4},"end":{"line":1056,"column":31}},"416":{"start":{"line":1060,"column":4},"end":{"line":1060,"column":53}},"417":{"start":{"line":1052,"column":0},"end":{"line":1052,"column":13}},"418":{"start":{"line":1069,"column":2},"end":{"line":1167,"column":4}},"419":{"start":{"line":1170,"column":18},"end":{"line":1170,"column":37}},"420":{"start":{"line":1171,"column":45},"end":{"line":1171,"column":47}},"421":{"start":{"line":1173,"column":4},"end":{"line":1247,"column":5}},"422":{"start":{"line":1173,"column":25},"end":{"line":1173,"column":26}},"423":{"start":{"line":1174,"column":6},"end":{"line":1246,"column":7}},"424":{"start":{"line":1176,"column":25},"end":{"line":1176,"column":79}},"425":{"start":{"line":1177,"column":33},"end":{"line":1179,"column":40}},"426":{"start":{"line":1180,"column":27},"end":{"line":1180,"column":84}},"427":{"start":{"line":1181,"column":38},"end":{"line":1181,"column":106}},"428":{"start":{"line":1182,"column":28},"end":{"line":1182,"column":85}},"429":{"start":{"line":1185,"column":34},"end":{"line":1185,"column":63}},"430":{"start":{"line":1188,"column":39},"end":{"line":1188,"column":48}},"431":{"start":{"line":1189,"column":8},"end":{"line":1195,"column":9}},"432":{"start":{"line":1190,"column":10},"end":{"line":1194,"column":11}},"433":{"start":{"line":1191,"column":12},"end":{"line":1193,"column":13}},"434":{"start":{"line":1192,"column":14},"end":{"line":1192,"column":65}},"435":{"start":{"line":1198,"column":33},"end":{"line":1198,"column":81}},"436":{"start":{"line":1198,"column":63},"end":{"line":1198,"column":80}},"437":{"start":{"line":1200,"column":8},"end":{"line":1207,"column":9}},"438":{"start":{"line":1201,"column":10},"end":{"line":1206,"column":12}},"439":{"start":{"line":1210,"column":8},"end":{"line":1214,"column":9}},"440":{"start":{"line":1211,"column":10},"end":{"line":1213,"column":11}},"441":{"start":{"line":1212,"column":12},"end":{"line":1212,"column":33}},"442":{"start":{"line":1217,"column":25},"end":{"line":1217,"column":61}},"443":{"start":{"line":1220,"column":73},"end":{"line":1222,"column":10}},"444":{"start":{"line":1224,"column":8},"end":{"line":1231,"column":9}},"445":{"start":{"line":1225,"column":10},"end":{"line":1230,"column":12}},"446":{"start":{"line":1233,"column":8},"end":{"line":1236,"column":11}},"447":{"start":{"line":1238,"column":8},"end":{"line":1244,"column":9}},"448":{"start":{"line":1239,"column":10},"end":{"line":1242,"column":13}},"449":{"start":{"line":1243,"column":10},"end":{"line":1243,"column":19}},"450":{"start":{"line":1245,"column":8},"end":{"line":1245,"column":20}},"451":{"start":{"line":1249,"column":4},"end":{"line":1249,"column":24}},"452":{"start":{"line":1068,"column":0},"end":{"line":1068,"column":13}}},"fnMap":{"0":{"name":"isValidVariableName","decl":{"start":{"line":89,"column":16},"end":{"line":89,"column":35}},"loc":{"start":{"line":89,"column":48},"end":{"line":91,"column":1}}},"1":{"name":"addVariableToSet","decl":{"start":{"line":99,"column":16},"end":{"line":99,"column":32}},"loc":{"start":{"line":99,"column":72},"end":{"line":106,"column":1}}},"2":{"name":"extractSubstitutionVariables","decl":{"start":{"line":113,"column":16},"end":{"line":113,"column":44}},"loc":{"start":{"line":113,"column":61},"end":{"line":122,"column":1}}},"3":{"name":"extractVariableFromCondition","decl":{"start":{"line":129,"column":16},"end":{"line":129,"column":44}},"loc":{"start":{"line":129,"column":62},"end":{"line":139,"column":1}}},"4":{"name":"splitConditionExpression","decl":{"start":{"line":146,"column":16},"end":{"line":146,"column":40}},"loc":{"start":{"line":146,"column":59},"end":{"line":152,"column":1}}},"5":{"name":"(anonymous_5)","decl":{"start":{"line":150,"column":9},"end":{"line":150,"column":10}},"loc":{"start":{"line":150,"column":14},"end":{"line":150,"column":22}}},"6":{"name":"(anonymous_6)","decl":{"start":{"line":151,"column":12},"end":{"line":151,"column":13}},"loc":{"start":{"line":151,"column":17},"end":{"line":151,"column":29}}},"7":{"name":"extractIfVariables","decl":{"start":{"line":159,"column":16},"end":{"line":159,"column":34}},"loc":{"start":{"line":159,"column":51},"end":{"line":182,"column":1}}},"8":{"name":"extractCaseVariables","decl":{"start":{"line":189,"column":16},"end":{"line":189,"column":36}},"loc":{"start":{"line":189,"column":53},"end":{"line":198,"column":1}}},"9":{"name":"extractForVariables","decl":{"start":{"line":205,"column":16},"end":{"line":205,"column":35}},"loc":{"start":{"line":205,"column":52},"end":{"line":214,"column":1}}},"10":{"name":"extractListItemVariables","decl":{"start":{"line":221,"column":16},"end":{"line":221,"column":40}},"loc":{"start":{"line":221,"column":57},"end":{"line":230,"column":1}}},"11":{"name":"extractAllVariables","decl":{"start":{"line":237,"column":16},"end":{"line":237,"column":35}},"loc":{"start":{"line":237,"column":52},"end":{"line":257,"column":1}}},"12":{"name":"getVariable","decl":{"start":{"line":269,"column":16},"end":{"line":269,"column":27}},"loc":{"start":{"line":269,"column":64},"end":{"line":271,"column":1}}},"13":{"name":"isVariableTruthy","decl":{"start":{"line":279,"column":16},"end":{"line":279,"column":32}},"loc":{"start":{"line":279,"column":69},"end":{"line":283,"column":1}}},"14":{"name":"evaluateComparison","decl":{"start":{"line":293,"column":16},"end":{"line":293,"column":34}},"loc":{"start":{"line":297,"column":22},"end":{"line":336,"column":1}}},"15":{"name":"evaluateSingleCondition","decl":{"start":{"line":344,"column":16},"end":{"line":344,"column":39}},"loc":{"start":{"line":344,"column":81},"end":{"line":356,"column":1}}},"16":{"name":"tokenizeExpression","decl":{"start":{"line":363,"column":16},"end":{"line":363,"column":34}},"loc":{"start":{"line":363,"column":53},"end":{"line":410,"column":1}}},"17":{"name":"evaluateFlatExpression","decl":{"start":{"line":418,"column":16},"end":{"line":418,"column":38}},"loc":{"start":{"line":418,"column":79},"end":{"line":457,"column":1}}},"18":{"name":"evaluateExpression","decl":{"start":{"line":465,"column":16},"end":{"line":465,"column":34}},"loc":{"start":{"line":465,"column":77},"end":{"line":479,"column":1}}},"19":{"name":"findMatchingEndif","decl":{"start":{"line":491,"column":16},"end":{"line":491,"column":33}},"loc":{"start":{"line":491,"column":64},"end":{"line":511,"column":1}}},"20":{"name":"findIfBlocks","decl":{"start":{"line":518,"column":16},"end":{"line":518,"column":28}},"loc":{"start":{"line":518,"column":42},"end":{"line":551,"column":1}}},"21":{"name":"findBranchMarkers","decl":{"start":{"line":558,"column":16},"end":{"line":558,"column":33}},"loc":{"start":{"line":558,"column":49},"end":{"line":604,"column":1}}},"22":{"name":"parseConditionalBranches","decl":{"start":{"line":611,"column":16},"end":{"line":611,"column":40}},"loc":{"start":{"line":611,"column":56},"end":{"line":639,"column":1}}},"23":{"name":"evaluateConditionalBlock","decl":{"start":{"line":648,"column":16},"end":{"line":648,"column":40}},"loc":{"start":{"line":651,"column":17},"end":{"line":666,"column":1}}},"24":{"name":"processIfBlocks","decl":{"start":{"line":674,"column":16},"end":{"line":674,"column":31}},"loc":{"start":{"line":674,"column":72},"end":{"line":700,"column":1}}},"25":{"name":"(anonymous_25)","decl":{"start":{"line":683,"column":16},"end":{"line":683,"column":17}},"loc":{"start":{"line":683,"column":26},"end":{"line":683,"column":61}}},"26":{"name":"parseWhenClauses","decl":{"start":{"line":711,"column":16},"end":{"line":711,"column":32}},"loc":{"start":{"line":711,"column":48},"end":{"line":759,"column":1}}},"27":{"name":"(anonymous_27)","decl":{"start":{"line":740,"column":15},"end":{"line":740,"column":16}},"loc":{"start":{"line":740,"column":25},"end":{"line":740,"column":48}}},"28":{"name":"evaluateCaseBlock","decl":{"start":{"line":767,"column":16},"end":{"line":767,"column":33}},"loc":{"start":{"line":767,"column":67},"end":{"line":777,"column":1}}},"29":{"name":"processCaseBlocks","decl":{"start":{"line":785,"column":16},"end":{"line":785,"column":33}},"loc":{"start":{"line":785,"column":74},"end":{"line":792,"column":1}}},"30":{"name":"(anonymous_30)","decl":{"start":{"line":788,"column":33},"end":{"line":788,"column":34}},"loc":{"start":{"line":788,"column":62},"end":{"line":791,"column":3}}},"31":{"name":"resolveVariablePath","decl":{"start":{"line":804,"column":16},"end":{"line":804,"column":35}},"loc":{"start":{"line":804,"column":72},"end":{"line":817,"column":1}}},"32":{"name":"expandLoopItem","decl":{"start":{"line":826,"column":16},"end":{"line":826,"column":30}},"loc":{"start":{"line":826,"column":85},"end":{"line":845,"column":1}}},"33":{"name":"(anonymous_33)","decl":{"start":{"line":831,"column":36},"end":{"line":831,"column":37}},"loc":{"start":{"line":831,"column":49},"end":{"line":836,"column":3}}},"34":{"name":"processForLoop","decl":{"start":{"line":855,"column":16},"end":{"line":855,"column":30}},"loc":{"start":{"line":859,"column":14},"end":{"line":866,"column":1}}},"35":{"name":"(anonymous_35)","decl":{"start":{"line":865,"column":18},"end":{"line":865,"column":22}},"loc":{"start":{"line":865,"column":26},"end":{"line":865,"column":65}}},"36":{"name":"processForBlocks","decl":{"start":{"line":874,"column":16},"end":{"line":874,"column":32}},"loc":{"start":{"line":874,"column":73},"end":{"line":890,"column":1}}},"37":{"name":"(anonymous_37)","decl":{"start":{"line":882,"column":35},"end":{"line":882,"column":36}},"loc":{"start":{"line":883,"column":6},"end":{"line":883,"column":50}}},"38":{"name":"processListItemLine","decl":{"start":{"line":903,"column":16},"end":{"line":903,"column":35}},"loc":{"start":{"line":906,"column":17},"end":{"line":930,"column":1}}},"39":{"name":"processListItems","decl":{"start":{"line":938,"column":16},"end":{"line":938,"column":32}},"loc":{"start":{"line":938,"column":73},"end":{"line":970,"column":1}}},"40":{"name":"substituteVariables","decl":{"start":{"line":982,"column":16},"end":{"line":982,"column":35}},"loc":{"start":{"line":982,"column":76},"end":{"line":987,"column":1}}},"41":{"name":"(anonymous_41)","decl":{"start":{"line":983,"column":46},"end":{"line":983,"column":47}},"loc":{"start":{"line":983,"column":62},"end":{"line":986,"column":3}}},"42":{"name":"normalizeWhitespace","decl":{"start":{"line":998,"column":16},"end":{"line":998,"column":35}},"loc":{"start":{"line":998,"column":51},"end":{"line":1005,"column":1}}},"43":{"name":"resolveTemplate","decl":{"start":{"line":1017,"column":16},"end":{"line":1017,"column":31}},"loc":{"start":{"line":1017,"column":72},"end":{"line":1032,"column":1}}},"44":{"name":"(anonymous_44)","decl":{"start":{"line":1043,"column":2},"end":{"line":1043,"column":22}},"loc":{"start":{"line":1043,"column":39},"end":{"line":1045,"column":3}}},"45":{"name":"(anonymous_45)","decl":{"start":{"line":1055,"column":2},"end":{"line":1055,"column":14}},"loc":{"start":{"line":1055,"column":36},"end":{"line":1057,"column":3}}},"46":{"name":"(anonymous_46)","decl":{"start":{"line":1059,"column":2},"end":{"line":1059,"column":9}},"loc":{"start":{"line":1059,"column":26},"end":{"line":1061,"column":3}}},"47":{"name":"(anonymous_47)","decl":{"start":{"line":1068,"column":0},"end":{"line":1068,"column":13}},"loc":{"start":{"line":1068,"column":0},"end":{"line":1251,"column":1}}},"48":{"name":"(anonymous_48)","decl":{"start":{"line":1169,"column":2},"end":{"line":1169,"column":7}},"loc":{"start":{"line":1169,"column":15},"end":{"line":1250,"column":3}}},"49":{"name":"(anonymous_49)","decl":{"start":{"line":1198,"column":58},"end":{"line":1198,"column":59}},"loc":{"start":{"line":1198,"column":63},"end":{"line":1198,"column":80}}}},"branchMap":{"0":{"loc":{"start":{"line":100,"column":2},"end":{"line":100,"column":56}},"type":"if","locations":[{"start":{"line":100,"column":2},"end":{"line":100,"column":56}},{"start":{},"end":{}}]},"1":{"loc":{"start":{"line":100,"column":6},"end":{"line":100,"column":47}},"type":"binary-expr","locations":[{"start":{"line":100,"column":6},"end":{"line":100,"column":14}},{"start":{"line":100,"column":18},"end":{"line":100,"column":47}}]},"2":{"loc":{"start":{"line":102,"column":2},"end":{"line":104,"column":3}},"type":"if","locations":[{"start":{"line":102,"column":2},"end":{"line":104,"column":3}},{"start":{},"end":{}}]},"3":{"loc":{"start":{"line":130,"column":2},"end":{"line":130,"column":30}},"type":"if","locations":[{"start":{"line":130,"column":2},"end":{"line":130,"column":30}},{"start":{},"end":{}}]},"4":{"loc":{"start":{"line":135,"column":2},"end":{"line":137,"column":3}},"type":"if","locations":[{"start":{"line":135,"column":2},"end":{"line":137,"column":3}},{"start":{},"end":{}}]},"5":{"loc":{"start":{"line":135,"column":6},"end":{"line":135,"column":57}},"type":"binary-expr","locations":[{"start":{"line":135,"column":6},"end":{"line":135,"column":23}},{"start":{"line":135,"column":27},"end":{"line":135,"column":57}}]},"6":{"loc":{"start":{"line":168,"column":6},"end":{"line":168,"column":43}},"type":"if","locations":[{"start":{"line":168,"column":6},"end":{"line":168,"column":43}},{"start":{},"end":{}}]},"7":{"loc":{"start":{"line":177,"column":6},"end":{"line":177,"column":43}},"type":"if","locations":[{"start":{"line":177,"column":6},"end":{"line":177,"column":43}},{"start":{},"end":{}}]},"8":{"loc":{"start":{"line":280,"column":2},"end":{"line":280,"column":41}},"type":"if","locations":[{"start":{"line":280,"column":2},"end":{"line":280,"column":41}},{"start":{},"end":{}}]},"9":{"loc":{"start":{"line":282,"column":9},"end":{"line":282,"column":53}},"type":"binary-expr","locations":[{"start":{"line":282,"column":9},"end":{"line":282,"column":22}},{"start":{"line":282,"column":26},"end":{"line":282,"column":53}}]},"10":{"loc":{"start":{"line":300,"column":19},"end":{"line":300,"column":59}},"type":"cond-expr","locations":[{"start":{"line":300,"column":38},"end":{"line":300,"column":54}},{"start":{"line":300,"column":57},"end":{"line":300,"column":59}}]},"11":{"loc":{"start":{"line":302,"column":2},"end":{"line":335,"column":3}},"type":"switch","locations":[{"start":{"line":303,"column":4},"end":{"line":303,"column":14}},{"start":{"line":304,"column":4},"end":{"line":304,"column":18}},{"start":{"line":305,"column":4},"end":{"line":306,"column":39}},{"start":{"line":307,"column":4},"end":{"line":307,"column":14}},{"start":{"line":308,"column":4},"end":{"line":308,"column":22}},{"start":{"line":309,"column":4},"end":{"line":310,"column":39}},{"start":{"line":311,"column":4},"end":{"line":311,"column":21}},{"start":{"line":312,"column":4},"end":{"line":313,"column":36}},{"start":{"line":314,"column":4},"end":{"line":314,"column":17}},{"start":{"line":315,"column":4},"end":{"line":316,"column":36}},{"start":{"line":317,"column":4},"end":{"line":318,"column":45}},{"start":{"line":319,"column":4},"end":{"line":320,"column":46}},{"start":{"line":321,"column":4},"end":{"line":322,"column":47}},{"start":{"line":323,"column":4},"end":{"line":324,"column":45}},{"start":{"line":325,"column":4},"end":{"line":326,"column":65}},{"start":{"line":327,"column":4},"end":{"line":328,"column":65}},{"start":{"line":329,"column":4},"end":{"line":330,"column":37}},{"start":{"line":331,"column":4},"end":{"line":332,"column":64}},{"start":{"line":333,"column":4},"end":{"line":334,"column":36}}]},"12":{"loc":{"start":{"line":326,"column":40},"end":{"line":326,"column":59}},"type":"binary-expr","locations":[{"start":{"line":326,"column":40},"end":{"line":326,"column":52}},{"start":{"line":326,"column":56},"end":{"line":326,"column":59}}]},"13":{"loc":{"start":{"line":328,"column":40},"end":{"line":328,"column":59}},"type":"binary-expr","locations":[{"start":{"line":328,"column":40},"end":{"line":328,"column":52}},{"start":{"line":328,"column":56},"end":{"line":328,"column":59}}]},"14":{"loc":{"start":{"line":332,"column":13},"end":{"line":332,"column":63}},"type":"binary-expr","locations":[{"start":{"line":332,"column":13},"end":{"line":332,"column":37}},{"start":{"line":332,"column":41},"end":{"line":332,"column":63}}]},"15":{"loc":{"start":{"line":347,"column":2},"end":{"line":349,"column":3}},"type":"if","locations":[{"start":{"line":347,"column":2},"end":{"line":349,"column":3}},{"start":{},"end":{}}]},"16":{"loc":{"start":{"line":372,"column":4},"end":{"line":405,"column":5}},"type":"if","locations":[{"start":{"line":372,"column":4},"end":{"line":405,"column":5}},{"start":{"line":376,"column":11},"end":{"line":405,"column":5}}]},"17":{"loc":{"start":{"line":372,"column":8},"end":{"line":372,"column":51}},"type":"binary-expr","locations":[{"start":{"line":372,"column":9},"end":{"line":372,"column":21}},{"start":{"line":372,"column":25},"end":{"line":372,"column":37}},{"start":{"line":372,"column":42},"end":{"line":372,"column":51}}]},"18":{"loc":{"start":{"line":376,"column":11},"end":{"line":405,"column":5}},"type":"if","locations":[{"start":{"line":376,"column":11},"end":{"line":405,"column":5}},{"start":{"line":380,"column":11},"end":{"line":405,"column":5}}]},"19":{"loc":{"start":{"line":376,"column":15},"end":{"line":376,"column":45}},"type":"binary-expr","locations":[{"start":{"line":376,"column":15},"end":{"line":376,"column":33}},{"start":{"line":376,"column":37},"end":{"line":376,"column":45}}]},"20":{"loc":{"start":{"line":380,"column":11},"end":{"line":405,"column":5}},"type":"if","locations":[{"start":{"line":380,"column":11},"end":{"line":405,"column":5}},{"start":{"line":384,"column":11},"end":{"line":405,"column":5}}]},"21":{"loc":{"start":{"line":380,"column":15},"end":{"line":380,"column":40}},"type":"binary-expr","locations":[{"start":{"line":380,"column":15},"end":{"line":380,"column":27}},{"start":{"line":380,"column":31},"end":{"line":380,"column":40}}]},"22":{"loc":{"start":{"line":381,"column":6},"end":{"line":381,"column":54}},"type":"if","locations":[{"start":{"line":381,"column":6},"end":{"line":381,"column":54}},{"start":{},"end":{}}]},"23":{"loc":{"start":{"line":384,"column":11},"end":{"line":405,"column":5}},"type":"if","locations":[{"start":{"line":384,"column":11},"end":{"line":405,"column":5}},{"start":{"line":388,"column":11},"end":{"line":405,"column":5}}]},"24":{"loc":{"start":{"line":384,"column":15},"end":{"line":384,"column":40}},"type":"binary-expr","locations":[{"start":{"line":384,"column":15},"end":{"line":384,"column":27}},{"start":{"line":384,"column":31},"end":{"line":384,"column":40}}]},"25":{"loc":{"start":{"line":385,"column":6},"end":{"line":385,"column":54}},"type":"if","locations":[{"start":{"line":385,"column":6},"end":{"line":385,"column":54}},{"start":{},"end":{}}]},"26":{"loc":{"start":{"line":388,"column":11},"end":{"line":405,"column":5}},"type":"if","locations":[{"start":{"line":388,"column":11},"end":{"line":405,"column":5}},{"start":{"line":403,"column":11},"end":{"line":405,"column":5}}]},"27":{"loc":{"start":{"line":390,"column":6},"end":{"line":402,"column":7}},"type":"if","locations":[{"start":{"line":390,"column":6},"end":{"line":402,"column":7}},{"start":{"line":395,"column":13},"end":{"line":402,"column":7}}]},"28":{"loc":{"start":{"line":391,"column":8},"end":{"line":391,"column":56}},"type":"if","locations":[{"start":{"line":391,"column":8},"end":{"line":391,"column":56}},{"start":{},"end":{}}]},"29":{"loc":{"start":{"line":395,"column":13},"end":{"line":402,"column":7}},"type":"if","locations":[{"start":{"line":395,"column":13},"end":{"line":402,"column":7}},{"start":{"line":400,"column":13},"end":{"line":402,"column":7}}]},"30":{"loc":{"start":{"line":396,"column":8},"end":{"line":396,"column":56}},"type":"if","locations":[{"start":{"line":396,"column":8},"end":{"line":396,"column":56}},{"start":{},"end":{}}]},"31":{"loc":{"start":{"line":408,"column":2},"end":{"line":408,"column":50}},"type":"if","locations":[{"start":{"line":408,"column":2},"end":{"line":408,"column":50}},{"start":{},"end":{}}]},"32":{"loc":{"start":{"line":423,"column":4},"end":{"line":431,"column":5}},"type":"if","locations":[{"start":{"line":423,"column":4},"end":{"line":431,"column":5}},{"start":{"line":425,"column":11},"end":{"line":431,"column":5}}]},"33":{"loc":{"start":{"line":423,"column":8},"end":{"line":423,"column":41}},"type":"binary-expr","locations":[{"start":{"line":423,"column":8},"end":{"line":423,"column":23}},{"start":{"line":423,"column":27},"end":{"line":423,"column":41}}]},"34":{"loc":{"start":{"line":425,"column":11},"end":{"line":431,"column":5}},"type":"if","locations":[{"start":{"line":425,"column":11},"end":{"line":431,"column":5}},{"start":{"line":427,"column":11},"end":{"line":431,"column":5}}]},"35":{"loc":{"start":{"line":427,"column":11},"end":{"line":431,"column":5}},"type":"if","locations":[{"start":{"line":427,"column":11},"end":{"line":431,"column":5}},{"start":{"line":429,"column":11},"end":{"line":431,"column":5}}]},"36":{"loc":{"start":{"line":437,"column":4},"end":{"line":442,"column":5}},"type":"if","locations":[{"start":{"line":437,"column":4},"end":{"line":442,"column":5}},{"start":{"line":440,"column":11},"end":{"line":442,"column":5}}]},"37":{"loc":{"start":{"line":438,"column":27},"end":{"line":438,"column":55}},"type":"binary-expr","locations":[{"start":{"line":438,"column":27},"end":{"line":438,"column":37}},{"start":{"line":438,"column":41},"end":{"line":438,"column":55}}]},"38":{"loc":{"start":{"line":448,"column":4},"end":{"line":453,"column":5}},"type":"if","locations":[{"start":{"line":448,"column":4},"end":{"line":453,"column":5}},{"start":{"line":451,"column":11},"end":{"line":453,"column":5}}]},"39":{"loc":{"start":{"line":449,"column":27},"end":{"line":449,"column":55}},"type":"binary-expr","locations":[{"start":{"line":449,"column":27},"end":{"line":449,"column":37}},{"start":{"line":449,"column":41},"end":{"line":449,"column":55}}]},"40":{"loc":{"start":{"line":456,"column":9},"end":{"line":456,"column":28}},"type":"cond-expr","locations":[{"start":{"line":456,"column":19},"end":{"line":456,"column":23}},{"start":{"line":456,"column":23},"end":{"line":456,"column":28}}]},"41":{"loc":{"start":{"line":456,"column":9},"end":{"line":456,"column":23}},"type":"binary-expr","locations":[{"start":{"line":456,"column":9},"end":{"line":456,"column":23}},{"start":{"line":456,"column":19},"end":{"line":456,"column":23}}]},"42":{"loc":{"start":{"line":498,"column":4},"end":{"line":507,"column":5}},"type":"if","locations":[{"start":{"line":498,"column":4},"end":{"line":507,"column":5}},{"start":{"line":501,"column":11},"end":{"line":507,"column":5}}]},"43":{"loc":{"start":{"line":501,"column":11},"end":{"line":507,"column":5}},"type":"if","locations":[{"start":{"line":501,"column":11},"end":{"line":507,"column":5}},{"start":{"line":505,"column":11},"end":{"line":507,"column":5}}]},"44":{"loc":{"start":{"line":502,"column":6},"end":{"line":502,"column":34}},"type":"if","locations":[{"start":{"line":502,"column":6},"end":{"line":502,"column":34}},{"start":{},"end":{}}]},"45":{"loc":{"start":{"line":526,"column":4},"end":{"line":529,"column":5}},"type":"if","locations":[{"start":{"line":526,"column":4},"end":{"line":529,"column":5}},{"start":{},"end":{}}]},"46":{"loc":{"start":{"line":536,"column":4},"end":{"line":539,"column":5}},"type":"if","locations":[{"start":{"line":536,"column":4},"end":{"line":539,"column":5}},{"start":{},"end":{}}]},"47":{"loc":{"start":{"line":566,"column":4},"end":{"line":600,"column":5}},"type":"if","locations":[{"start":{"line":566,"column":4},"end":{"line":600,"column":5}},{"start":{"line":569,"column":11},"end":{"line":600,"column":5}}]},"48":{"loc":{"start":{"line":569,"column":11},"end":{"line":600,"column":5}},"type":"if","locations":[{"start":{"line":569,"column":11},"end":{"line":600,"column":5}},{"start":{"line":572,"column":11},"end":{"line":600,"column":5}}]},"49":{"loc":{"start":{"line":572,"column":11},"end":{"line":600,"column":5}},"type":"if","locations":[{"start":{"line":572,"column":11},"end":{"line":600,"column":5}},{"start":{"line":598,"column":11},"end":{"line":600,"column":5}}]},"50":{"loc":{"start":{"line":574,"column":6},"end":{"line":583,"column":7}},"type":"if","locations":[{"start":{"line":574,"column":6},"end":{"line":583,"column":7}},{"start":{},"end":{}}]},"51":{"loc":{"start":{"line":586,"column":6},"end":{"line":595,"column":7}},"type":"if","locations":[{"start":{"line":586,"column":6},"end":{"line":595,"column":7}},{"start":{},"end":{}}]},"52":{"loc":{"start":{"line":614,"column":2},"end":{"line":616,"column":3}},"type":"if","locations":[{"start":{"line":614,"column":2},"end":{"line":616,"column":3}},{"start":{},"end":{}}]},"53":{"loc":{"start":{"line":627,"column":16},"end":{"line":627,"column":58}},"type":"cond-expr","locations":[{"start":{"line":627,"column":40},"end":{"line":627,"column":44}},{"start":{"line":627,"column":44},"end":{"line":627,"column":58}}]},"54":{"loc":{"start":{"line":627,"column":16},"end":{"line":627,"column":44}},"type":"binary-expr","locations":[{"start":{"line":627,"column":16},"end":{"line":627,"column":44}},{"start":{"line":627,"column":40},"end":{"line":627,"column":44}}]},"55":{"loc":{"start":{"line":627,"column":16},"end":{"line":627,"column":40}},"type":"cond-expr","locations":[{"start":{"line":627,"column":30},"end":{"line":627,"column":32}},{"start":{"line":627,"column":30},"end":{"line":627,"column":40}}]},"56":{"loc":{"start":{"line":627,"column":16},"end":{"line":627,"column":32}},"type":"binary-expr","locations":[{"start":{"line":627,"column":16},"end":{"line":627,"column":32}},{"start":{"line":627,"column":30},"end":{"line":627,"column":32}}]},"57":{"loc":{"start":{"line":630,"column":4},"end":{"line":635,"column":5}},"type":"if","locations":[{"start":{"line":630,"column":4},"end":{"line":635,"column":5}},{"start":{"line":632,"column":11},"end":{"line":635,"column":5}}]},"58":{"loc":{"start":{"line":630,"column":8},"end":{"line":630,"column":52}},"type":"binary-expr","locations":[{"start":{"line":630,"column":8},"end":{"line":630,"column":32}},{"start":{"line":630,"column":36},"end":{"line":630,"column":52}}]},"59":{"loc":{"start":{"line":632,"column":11},"end":{"line":635,"column":5}},"type":"if","locations":[{"start":{"line":632,"column":11},"end":{"line":635,"column":5}},{"start":{},"end":{}}]},"60":{"loc":{"start":{"line":655,"column":2},"end":{"line":657,"column":3}},"type":"if","locations":[{"start":{"line":655,"column":2},"end":{"line":657,"column":3}},{"start":{},"end":{}}]},"61":{"loc":{"start":{"line":660,"column":4},"end":{"line":662,"column":5}},"type":"if","locations":[{"start":{"line":660,"column":4},"end":{"line":662,"column":5}},{"start":{},"end":{}}]},"62":{"loc":{"start":{"line":665,"column":9},"end":{"line":665,"column":35}},"type":"cond-expr","locations":[{"start":{"line":665,"column":29},"end":{"line":665,"column":33}},{"start":{"line":665,"column":33},"end":{"line":665,"column":35}}]},"63":{"loc":{"start":{"line":665,"column":9},"end":{"line":665,"column":33}},"type":"binary-expr","locations":[{"start":{"line":665,"column":9},"end":{"line":665,"column":33}},{"start":{"line":665,"column":29},"end":{"line":665,"column":33}}]},"64":{"loc":{"start":{"line":680,"column":4},"end":{"line":680,"column":35}},"type":"if","locations":[{"start":{"line":680,"column":4},"end":{"line":680,"column":35}},{"start":{},"end":{}}]},"65":{"loc":{"start":{"line":688,"column":6},"end":{"line":688,"column":31}},"type":"if","locations":[{"start":{"line":688,"column":6},"end":{"line":688,"column":31}},{"start":{},"end":{}}]},"66":{"loc":{"start":{"line":695,"column":4},"end":{"line":695,"column":24}},"type":"if","locations":[{"start":{"line":695,"column":4},"end":{"line":695,"column":24}},{"start":{},"end":{}}]},"67":{"loc":{"start":{"line":725,"column":13},"end":{"line":725,"column":78}},"type":"cond-expr","locations":[{"start":{"line":725,"column":38},"end":{"line":725,"column":67}},{"start":{"line":725,"column":70},"end":{"line":725,"column":78}}]},"68":{"loc":{"start":{"line":732,"column":2},"end":{"line":738,"column":3}},"type":"if","locations":[{"start":{"line":732,"column":2},"end":{"line":738,"column":3}},{"start":{},"end":{}}]},"69":{"loc":{"start":{"line":732,"column":6},"end":{"line":732,"column":25}},"type":"cond-expr","locations":[{"start":{"line":732,"column":18},"end":{"line":732,"column":20}},{"start":{"line":732,"column":6},"end":{"line":732,"column":25}}]},"70":{"loc":{"start":{"line":732,"column":6},"end":{"line":732,"column":20}},"type":"binary-expr","locations":[{"start":{"line":732,"column":6},"end":{"line":732,"column":20}},{"start":{"line":732,"column":6},"end":{"line":732,"column":20}}]},"71":{"loc":{"start":{"line":748,"column":16},"end":{"line":748,"column":58}},"type":"cond-expr","locations":[{"start":{"line":748,"column":40},"end":{"line":748,"column":44}},{"start":{"line":748,"column":44},"end":{"line":748,"column":58}}]},"72":{"loc":{"start":{"line":748,"column":16},"end":{"line":748,"column":44}},"type":"binary-expr","locations":[{"start":{"line":748,"column":16},"end":{"line":748,"column":44}},{"start":{"line":748,"column":40},"end":{"line":748,"column":44}}]},"73":{"loc":{"start":{"line":748,"column":16},"end":{"line":748,"column":40}},"type":"cond-expr","locations":[{"start":{"line":748,"column":30},"end":{"line":748,"column":32}},{"start":{"line":748,"column":30},"end":{"line":748,"column":40}}]},"74":{"loc":{"start":{"line":748,"column":16},"end":{"line":748,"column":32}},"type":"binary-expr","locations":[{"start":{"line":748,"column":16},"end":{"line":748,"column":32}},{"start":{"line":748,"column":30},"end":{"line":748,"column":32}}]},"75":{"loc":{"start":{"line":751,"column":4},"end":{"line":755,"column":5}},"type":"if","locations":[{"start":{"line":751,"column":4},"end":{"line":755,"column":5}},{"start":{"line":753,"column":11},"end":{"line":755,"column":5}}]},"76":{"loc":{"start":{"line":751,"column":8},"end":{"line":751,"column":60}},"type":"binary-expr","locations":[{"start":{"line":751,"column":8},"end":{"line":751,"column":30}},{"start":{"line":751,"column":34},"end":{"line":751,"column":60}}]},"77":{"loc":{"start":{"line":753,"column":11},"end":{"line":755,"column":5}},"type":"if","locations":[{"start":{"line":753,"column":11},"end":{"line":755,"column":5}},{"start":{},"end":{}}]},"78":{"loc":{"start":{"line":771,"column":4},"end":{"line":773,"column":5}},"type":"if","locations":[{"start":{"line":771,"column":4},"end":{"line":773,"column":5}},{"start":{},"end":{}}]},"79":{"loc":{"start":{"line":776,"column":9},"end":{"line":776,"column":37}},"type":"cond-expr","locations":[{"start":{"line":776,"column":31},"end":{"line":776,"column":35}},{"start":{"line":776,"column":35},"end":{"line":776,"column":37}}]},"80":{"loc":{"start":{"line":776,"column":9},"end":{"line":776,"column":35}},"type":"binary-expr","locations":[{"start":{"line":776,"column":9},"end":{"line":776,"column":35}},{"start":{"line":776,"column":31},"end":{"line":776,"column":35}}]},"81":{"loc":{"start":{"line":776,"column":9},"end":{"line":776,"column":31}},"type":"cond-expr","locations":[{"start":{"line":776,"column":23},"end":{"line":776,"column":25}},{"start":{"line":776,"column":9},"end":{"line":776,"column":31}}]},"82":{"loc":{"start":{"line":776,"column":9},"end":{"line":776,"column":25}},"type":"binary-expr","locations":[{"start":{"line":776,"column":9},"end":{"line":776,"column":25}},{"start":{"line":776,"column":9},"end":{"line":776,"column":25}}]},"83":{"loc":{"start":{"line":789,"column":28},"end":{"line":789,"column":56}},"type":"cond-expr","locations":[{"start":{"line":789,"column":50},"end":{"line":789,"column":54}},{"start":{"line":789,"column":54},"end":{"line":789,"column":56}}]},"84":{"loc":{"start":{"line":789,"column":28},"end":{"line":789,"column":54}},"type":"binary-expr","locations":[{"start":{"line":789,"column":28},"end":{"line":789,"column":54}},{"start":{"line":789,"column":50},"end":{"line":789,"column":54}}]},"85":{"loc":{"start":{"line":808,"column":18},"end":{"line":808,"column":53}},"type":"binary-expr","locations":[{"start":{"line":808,"column":18},"end":{"line":808,"column":34}},{"start":{"line":808,"column":38},"end":{"line":808,"column":53}}]},"86":{"loc":{"start":{"line":809,"column":4},"end":{"line":813,"column":5}},"type":"if","locations":[{"start":{"line":809,"column":4},"end":{"line":813,"column":5}},{"start":{"line":811,"column":11},"end":{"line":813,"column":5}}]},"87":{"loc":{"start":{"line":809,"column":8},"end":{"line":809,"column":62}},"type":"binary-expr","locations":[{"start":{"line":809,"column":8},"end":{"line":809,"column":35}},{"start":{"line":809,"column":39},"end":{"line":809,"column":62}}]},"88":{"loc":{"start":{"line":832,"column":4},"end":{"line":834,"column":5}},"type":"if","locations":[{"start":{"line":832,"column":4},"end":{"line":834,"column":5}},{"start":{},"end":{}}]},"89":{"loc":{"start":{"line":832,"column":8},"end":{"line":832,"column":65}},"type":"binary-expr","locations":[{"start":{"line":832,"column":8},"end":{"line":832,"column":32}},{"start":{"line":832,"column":36},"end":{"line":832,"column":49}},{"start":{"line":832,"column":53},"end":{"line":832,"column":65}}]},"90":{"loc":{"start":{"line":833,"column":20},"end":{"line":833,"column":71}},"type":"cond-expr","locations":[{"start":{"line":833,"column":65},"end":{"line":833,"column":69}},{"start":{"line":833,"column":69},"end":{"line":833,"column":71}}]},"91":{"loc":{"start":{"line":833,"column":20},"end":{"line":833,"column":69}},"type":"binary-expr","locations":[{"start":{"line":833,"column":20},"end":{"line":833,"column":69}},{"start":{"line":833,"column":65},"end":{"line":833,"column":69}}]},"92":{"loc":{"start":{"line":841,"column":4},"end":{"line":841,"column":66}},"type":"cond-expr","locations":[{"start":{"line":841,"column":31},"end":{"line":841,"column":51}},{"start":{"line":841,"column":54},"end":{"line":841,"column":66}}]},"93":{"loc":{"start":{"line":862,"column":2},"end":{"line":862,"column":38}},"type":"if","locations":[{"start":{"line":862,"column":2},"end":{"line":862,"column":38}},{"start":{},"end":{}}]},"94":{"loc":{"start":{"line":864,"column":22},"end":{"line":864,"column":41}},"type":"binary-expr","locations":[{"start":{"line":864,"column":22},"end":{"line":864,"column":31}},{"start":{"line":864,"column":35},"end":{"line":864,"column":41}}]},"95":{"loc":{"start":{"line":911,"column":2},"end":{"line":916,"column":3}},"type":"if","locations":[{"start":{"line":911,"column":2},"end":{"line":916,"column":3}},{"start":{},"end":{}}]},"96":{"loc":{"start":{"line":912,"column":23},"end":{"line":912,"column":93}},"type":"cond-expr","locations":[{"start":{"line":912,"column":49},"end":{"line":912,"column":79}},{"start":{"line":912,"column":82},"end":{"line":912,"column":93}}]},"97":{"loc":{"start":{"line":914,"column":20},"end":{"line":914,"column":43}},"type":"binary-expr","locations":[{"start":{"line":914,"column":20},"end":{"line":914,"column":28}},{"start":{"line":914,"column":32},"end":{"line":914,"column":43}}]},"98":{"loc":{"start":{"line":914,"column":48},"end":{"line":914,"column":64}},"type":"binary-expr","locations":[{"start":{"line":914,"column":48},"end":{"line":914,"column":58}},{"start":{"line":914,"column":62},"end":{"line":914,"column":64}}]},"99":{"loc":{"start":{"line":918,"column":2},"end":{"line":920,"column":3}},"type":"if","locations":[{"start":{"line":918,"column":2},"end":{"line":920,"column":3}},{"start":{},"end":{}}]},"100":{"loc":{"start":{"line":918,"column":6},"end":{"line":918,"column":43}},"type":"binary-expr","locations":[{"start":{"line":918,"column":6},"end":{"line":918,"column":18}},{"start":{"line":918,"column":22},"end":{"line":918,"column":43}}]},"101":{"loc":{"start":{"line":922,"column":2},"end":{"line":927,"column":3}},"type":"if","locations":[{"start":{"line":922,"column":2},"end":{"line":927,"column":3}},{"start":{},"end":{}}]},"102":{"loc":{"start":{"line":923,"column":21},"end":{"line":923,"column":106}},"type":"cond-expr","locations":[{"start":{"line":923,"column":52},"end":{"line":923,"column":87}},{"start":{"line":923,"column":90},"end":{"line":923,"column":106}}]},"103":{"loc":{"start":{"line":924,"column":4},"end":{"line":926,"column":5}},"type":"if","locations":[{"start":{"line":924,"column":4},"end":{"line":926,"column":5}},{"start":{},"end":{}}]},"104":{"loc":{"start":{"line":924,"column":8},"end":{"line":924,"column":24}},"type":"cond-expr","locations":[{"start":{"line":924,"column":16},"end":{"line":924,"column":18}},{"start":{"line":924,"column":8},"end":{"line":924,"column":24}}]},"105":{"loc":{"start":{"line":924,"column":8},"end":{"line":924,"column":18}},"type":"binary-expr","locations":[{"start":{"line":924,"column":8},"end":{"line":924,"column":18}},{"start":{"line":924,"column":8},"end":{"line":924,"column":18}}]},"106":{"loc":{"start":{"line":949,"column":4},"end":{"line":966,"column":5}},"type":"if","locations":[{"start":{"line":949,"column":4},"end":{"line":966,"column":5}},{"start":{"line":956,"column":11},"end":{"line":966,"column":5}}]},"107":{"loc":{"start":{"line":951,"column":6},"end":{"line":955,"column":7}},"type":"if","locations":[{"start":{"line":951,"column":6},"end":{"line":955,"column":7}},{"start":{},"end":{}}]},"108":{"loc":{"start":{"line":962,"column":6},"end":{"line":965,"column":7}},"type":"if","locations":[{"start":{"line":962,"column":6},"end":{"line":965,"column":7}},{"start":{},"end":{}}]},"109":{"loc":{"start":{"line":962,"column":10},"end":{"line":962,"column":41}},"type":"binary-expr","locations":[{"start":{"line":962,"column":10},"end":{"line":962,"column":16}},{"start":{"line":962,"column":20},"end":{"line":962,"column":28}},{"start":{"line":962,"column":32},"end":{"line":962,"column":41}}]},"110":{"loc":{"start":{"line":985,"column":11},"end":{"line":985,"column":45}},"type":"cond-expr","locations":[{"start":{"line":985,"column":27},"end":{"line":985,"column":40}},{"start":{"line":985,"column":43},"end":{"line":985,"column":45}}]},"111":{"loc":{"start":{"line":1018,"column":2},"end":{"line":1020,"column":3}},"type":"if","locations":[{"start":{"line":1018,"column":2},"end":{"line":1020,"column":3}},{"start":{},"end":{}}]},"112":{"loc":{"start":{"line":1018,"column":6},"end":{"line":1018,"column":47}},"type":"binary-expr","locations":[{"start":{"line":1018,"column":6},"end":{"line":1018,"column":15}},{"start":{"line":1018,"column":19},"end":{"line":1018,"column":47}}]},"113":{"loc":{"start":{"line":1189,"column":8},"end":{"line":1195,"column":9}},"type":"if","locations":[{"start":{"line":1189,"column":8},"end":{"line":1195,"column":9}},{"start":{},"end":{}}]},"114":{"loc":{"start":{"line":1189,"column":12},"end":{"line":1189,"column":45}},"type":"cond-expr","locations":[{"start":{"line":1189,"column":37},"end":{"line":1189,"column":39}},{"start":{"line":1189,"column":37},"end":{"line":1189,"column":45}}]},"115":{"loc":{"start":{"line":1189,"column":12},"end":{"line":1189,"column":39}},"type":"binary-expr","locations":[{"start":{"line":1189,"column":12},"end":{"line":1189,"column":39}},{"start":{"line":1189,"column":37},"end":{"line":1189,"column":39}}]},"116":{"loc":{"start":{"line":1191,"column":12},"end":{"line":1193,"column":13}},"type":"if","locations":[{"start":{"line":1191,"column":12},"end":{"line":1193,"column":13}},{"start":{},"end":{}}]},"117":{"loc":{"start":{"line":1191,"column":16},"end":{"line":1191,"column":67}},"type":"binary-expr","locations":[{"start":{"line":1191,"column":16},"end":{"line":1191,"column":36}},{"start":{"line":1191,"column":40},"end":{"line":1191,"column":67}}]},"118":{"loc":{"start":{"line":1200,"column":8},"end":{"line":1207,"column":9}},"type":"if","locations":[{"start":{"line":1200,"column":8},"end":{"line":1207,"column":9}},{"start":{},"end":{}}]},"119":{"loc":{"start":{"line":1200,"column":12},"end":{"line":1200,"column":53}},"type":"binary-expr","locations":[{"start":{"line":1200,"column":12},"end":{"line":1200,"column":22}},{"start":{"line":1200,"column":26},"end":{"line":1200,"column":53}}]},"120":{"loc":{"start":{"line":1210,"column":8},"end":{"line":1214,"column":9}},"type":"if","locations":[{"start":{"line":1210,"column":8},"end":{"line":1214,"column":9}},{"start":{},"end":{}}]},"121":{"loc":{"start":{"line":1224,"column":8},"end":{"line":1231,"column":9}},"type":"if","locations":[{"start":{"line":1224,"column":8},"end":{"line":1231,"column":9}},{"start":{},"end":{}}]},"122":{"loc":{"start":{"line":1238,"column":8},"end":{"line":1244,"column":9}},"type":"if","locations":[{"start":{"line":1238,"column":8},"end":{"line":1244,"column":9}},{"start":{},"end":{}}]}},"s":{"0":1,"1":1,"2":1,"3":1,"4":1,"5":1,"6":1,"7":1,"8":1,"9":1,"10":1,"11":1,"12":1,"13":1,"14":1,"15":1,"16":1,"17":1,"18":1,"19":1,"20":1,"21":1,"22":1,"23":1,"24":1,"25":1,"26":1,"27":1,"28":1,"29":1,"30":1,"31":1,"32":1,"33":1,"34":1,"35":1,"36":1,"37":1,"38":65,"39":23,"40":3,"41":20,"42":3,"43":20,"44":22,"45":22,"46":22,"47":22,"48":22,"49":24,"50":1,"51":23,"52":23,"53":23,"54":22,"55":1,"56":24,"57":24,"58":34,"59":34,"60":17,"61":17,"62":17,"63":12,"64":14,"65":14,"66":14,"67":17,"68":17,"69":3,"70":3,"71":3,"72":3,"73":17,"74":12,"75":12,"76":12,"77":5,"78":12,"79":13,"80":13,"81":13,"82":6,"83":13,"84":13,"85":13,"86":13,"87":5,"88":13,"89":8,"90":8,"91":9,"92":8,"93":3,"94":8,"95":1,"96":8,"97":1,"98":8,"99":1,"100":8,"101":5,"102":103,"103":4,"104":99,"105":99,"106":59,"107":59,"108":59,"109":13,"110":4,"111":17,"112":4,"113":2,"114":2,"115":2,"116":2,"117":3,"118":3,"119":2,"120":3,"121":2,"122":113,"123":113,"124":91,"125":22,"126":22,"127":22,"128":22,"129":67,"130":67,"131":67,"132":67,"133":67,"134":67,"135":267,"136":267,"137":5,"138":5,"139":5,"140":262,"141":5,"142":5,"143":5,"144":257,"145":11,"146":0,"147":11,"148":11,"149":246,"150":11,"151":9,"152":11,"153":11,"154":235,"155":200,"156":200,"157":14,"158":13,"159":14,"160":14,"161":14,"162":186,"163":9,"164":6,"165":9,"166":9,"167":9,"168":177,"169":35,"170":67,"171":62,"172":67,"173":75,"174":75,"175":75,"176":124,"177":25,"178":99,"179":6,"180":93,"181":3,"182":90,"183":75,"184":75,"185":25,"186":14,"187":14,"188":11,"189":75,"190":75,"191":11,"192":11,"193":11,"194":0,"195":75,"196":57,"197":57,"198":57,"199":7,"200":7,"201":7,"202":7,"203":7,"204":57,"205":41,"206":41,"207":41,"208":415,"209":415,"210":49,"211":49,"212":366,"213":47,"214":39,"215":8,"216":8,"217":319,"218":2,"219":67,"220":67,"221":67,"222":789,"223":789,"224":789,"225":752,"226":752,"227":37,"228":37,"229":37,"230":37,"231":37,"232":1,"233":1,"234":36,"235":36,"236":67,"237":46,"238":46,"239":46,"240":46,"241":361,"242":361,"243":7,"244":7,"245":354,"246":7,"247":7,"248":347,"249":322,"250":322,"251":13,"252":13,"253":13,"254":309,"255":309,"256":9,"257":9,"258":9,"259":300,"260":25,"261":46,"262":40,"263":40,"264":28,"265":12,"266":12,"267":12,"268":17,"269":17,"270":17,"271":17,"272":17,"273":10,"274":7,"275":7,"276":7,"277":12,"278":36,"279":36,"280":22,"281":14,"282":7,"283":6,"284":8,"285":32,"286":32,"287":32,"288":62,"289":62,"290":32,"291":30,"292":1,"293":30,"294":30,"295":31,"296":31,"297":0,"298":31,"299":31,"300":31,"301":30,"302":0,"303":30,"304":32,"305":25,"306":25,"307":25,"308":35,"309":25,"310":25,"311":6,"312":25,"313":16,"314":25,"315":25,"316":25,"317":25,"318":41,"319":41,"320":41,"321":41,"322":41,"323":35,"324":6,"325":6,"326":25,"327":18,"328":18,"329":24,"330":15,"331":3,"332":20,"333":20,"334":11,"335":11,"336":31,"337":31,"338":31,"339":31,"340":7,"341":6,"342":1,"343":30,"344":45,"345":45,"346":45,"347":10,"348":9,"349":1,"350":45,"351":45,"352":45,"353":23,"354":23,"355":2,"356":21,"357":21,"358":39,"359":23,"360":23,"361":23,"362":37,"363":37,"364":37,"365":16,"366":37,"367":23,"368":15,"369":15,"370":15,"371":14,"372":14,"373":15,"374":13,"375":2,"376":2,"377":2,"378":0,"379":2,"380":19,"381":19,"382":19,"383":19,"384":19,"385":19,"386":42,"387":42,"388":12,"389":12,"390":11,"391":11,"392":11,"393":30,"394":30,"395":30,"396":30,"397":2,"398":2,"399":19,"400":27,"401":27,"402":27,"403":21,"404":16,"405":3,"406":13,"407":13,"408":13,"409":13,"410":13,"411":13,"412":13,"413":1,"414":1,"415":2,"416":2,"417":1,"418":0,"419":0,"420":0,"421":0,"422":0,"423":0,"424":0,"425":0,"426":0,"427":0,"428":0,"429":0,"430":0,"431":0,"432":0,"433":0,"434":0,"435":0,"436":0,"437":0,"438":0,"439":0,"440":0,"441":0,"442":0,"443":0,"444":0,"445":0,"446":0,"447":0,"448":0,"449":0,"450":0,"451":0,"452":1},"f":{"0":65,"1":23,"2":22,"3":24,"4":24,"5":34,"6":34,"7":17,"8":12,"9":13,"10":13,"11":8,"12":5,"13":103,"14":59,"15":113,"16":67,"17":75,"18":57,"19":41,"20":67,"21":46,"22":40,"23":36,"24":32,"25":1,"26":25,"27":16,"28":18,"29":20,"30":11,"31":31,"32":45,"33":10,"34":23,"35":39,"36":23,"37":16,"38":15,"39":19,"40":27,"41":27,"42":21,"43":16,"44":1,"45":2,"46":2,"47":0,"48":0,"49":0},"b":{"0":[3,20],"1":[23,22],"2":[3,17],"3":[1,23],"4":[22,1],"5":[23,23],"6":[14,0],"7":[3,0],"8":[4,99],"9":[99,97],"10":[57,2],"11":[11,12,13,2,3,4,16,17,3,4,2,2,2,2,3,3,2,3,2],"12":[3,0],"13":[3,1],"14":[3,2],"15":[91,22],"16":[5,262],"17":[267,259,10],"18":[5,257],"19":[262,5],"20":[11,246],"21":[257,11],"22":[0,11],"23":[11,235],"24":[246,11],"25":[9,2],"26":[200,35],"27":[14,186],"28":[13,1],"29":[9,177],"30":[6,3],"31":[62,5],"32":[25,99],"33":[124,110],"34":[6,93],"35":[3,90],"36":[14,11],"37":[14,10],"38":[11,0],"39":[11,7],"40":[74,1],"41":[75,75],"42":[49,366],"43":[47,319],"44":[39,8],"45":[752,37],"46":[1,36],"47":[7,354],"48":[7,347],"49":[322,25],"50":[13,309],"51":[9,300],"52":[28,12],"53":[5,12],"54":[17,17],"55":[12,5],"56":[17,17],"57":[10,7],"58":[17,10],"59":[7,0],"60":[22,14],"61":[6,1],"62":[3,5],"63":[8,3],"64":[32,30],"65":[0,31],"66":[0,30],"67":[33,2],"68":[6,19],"69":[19,6],"70":[25,6],"71":[16,25],"72":[41,41],"73":[25,16],"74":[41,41],"75":[35,6],"76":[41,35],"77":[6,0],"78":[15,9],"79":[2,1],"80":[3,3],"81":[1,2],"82":[3,2],"83":[10,1],"84":[11,11],"85":[37,9],"86":[6,1],"87":[7,6],"88":[9,1],"89":[10,10,10],"90":[8,1],"91":[9,8],"92":[10,35],"93":[2,21],"94":[21,2],"95":[14,1],"96":[0,14],"97":[14,14],"98":[14,14],"99":[13,2],"100":[15,13],"101":[2,0],"102":[0,2],"103":[0,2],"104":[2,0],"105":[2,2],"106":[12,30],"107":[11,1],"108":[2,28],"109":[30,4,2],"110":[24,3],"111":[3,13],"112":[16,13],"113":[0,0],"114":[0,0],"115":[0,0],"116":[0,0],"117":[0,0],"118":[0,0],"119":[0,0],"120":[0,0],"121":[0,0],"122":[0,0]}}
}
