TN:
SF:nodes\TemplateResolver\TemplateResolver.node.ts
FN:89,isValidVariableName
FN:99,addVariableToSet
FN:113,extractSubstitutionVariables
FN:129,extractVariableFromCondition
FN:146,splitConditionExpression
FN:150,(anonymous_5)
FN:151,(anonymous_6)
FN:159,extractIfVariables
FN:189,extractCaseVariables
FN:205,extractForVariables
FN:221,extractListItemVariables
FN:237,extractAllVariables
FN:269,getVariable
FN:279,isVariableTruthy
FN:293,evaluateComparison
FN:344,evaluateSingleCondition
FN:363,tokenizeExpression
FN:418,evaluateFlatExpression
FN:465,evaluateExpression
FN:491,findMatchingEndif
FN:518,findIfBlocks
FN:558,findBranchMarkers
FN:611,parseConditionalBranches
FN:648,evaluateConditionalBlock
FN:674,processIfBlocks
FN:683,(anonymous_25)
FN:711,parseWhenClauses
FN:740,(anonymous_27)
FN:767,evaluateCaseBlock
FN:785,processCaseBlocks
FN:788,(anonymous_30)
FN:804,resolveVariablePath
FN:862,expandLoopItem
FN:867,(anonymous_33)
FN:891,processForLoop
FN:914,(anonymous_35)
FN:923,processForBlocks
FN:931,(anonymous_37)
FN:952,processListItemLine
FN:987,processListItems
FN:1031,substituteVariables
FN:1033,(anonymous_41)
FN:1053,normalizeWhitespace
FN:1072,resolveTemplate
FN:1098,(anonymous_44)
FN:1110,(anonymous_45)
FN:1114,(anonymous_46)
FN:1123,(anonymous_47)
FN:1225,(anonymous_48)
FN:1254,(anonymous_49)
FNF:50
FNH:47
FNDA:65,isValidVariableName
FNDA:23,addVariableToSet
FNDA:22,extractSubstitutionVariables
FNDA:24,extractVariableFromCondition
FNDA:24,splitConditionExpression
FNDA:34,(anonymous_5)
FNDA:34,(anonymous_6)
FNDA:17,extractIfVariables
FNDA:12,extractCaseVariables
FNDA:13,extractForVariables
FNDA:13,extractListItemVariables
FNDA:8,extractAllVariables
FNDA:5,getVariable
FNDA:103,isVariableTruthy
FNDA:59,evaluateComparison
FNDA:113,evaluateSingleCondition
FNDA:67,tokenizeExpression
FNDA:75,evaluateFlatExpression
FNDA:57,evaluateExpression
FNDA:41,findMatchingEndif
FNDA:68,findIfBlocks
FNDA:46,findBranchMarkers
FNDA:40,parseConditionalBranches
FNDA:36,evaluateConditionalBlock
FNDA:33,processIfBlocks
FNDA:1,(anonymous_25)
FNDA:25,parseWhenClauses
FNDA:16,(anonymous_27)
FNDA:18,evaluateCaseBlock
FNDA:21,processCaseBlocks
FNDA:11,(anonymous_30)
FNDA:51,resolveVariablePath
FNDA:53,expandLoopItem
FNDA:12,(anonymous_33)
FNDA:28,processForLoop
FNDA:47,(anonymous_35)
FNDA:28,processForBlocks
FNDA:21,(anonymous_37)
FNDA:15,processListItemLine
FNDA:20,processListItems
FNDA:39,substituteVariables
FNDA:41,(anonymous_41)
FNDA:22,normalizeWhitespace
FNDA:17,resolveTemplate
FNDA:1,(anonymous_44)
FNDA:2,(anonymous_45)
FNDA:2,(anonymous_46)
FNDA:0,(anonymous_47)
FNDA:0,(anonymous_48)
FNDA:0,(anonymous_49)
DA:1,1
DA:77,1
DA:78,1
DA:89,1
DA:90,65
DA:99,1
DA:100,23
DA:102,20
DA:103,3
DA:105,20
DA:113,1
DA:114,22
DA:115,22
DA:118,22
DA:119,22
DA:121,22
DA:129,1
DA:130,24
DA:132,23
DA:133,23
DA:135,23
DA:136,22
DA:138,1
DA:146,1
DA:147,24
DA:148,24
DA:150,34
DA:151,34
DA:159,1
DA:160,17
DA:163,17
DA:165,17
DA:166,12
DA:167,14
DA:168,14
DA:173,17
DA:174,17
DA:175,3
DA:176,3
DA:177,3
DA:181,17
DA:189,1
DA:190,12
DA:191,12
DA:194,12
DA:195,5
DA:197,12
DA:205,1
DA:206,13
DA:207,13
DA:210,13
DA:211,6
DA:213,13
DA:221,1
DA:222,13
DA:223,13
DA:226,13
DA:227,5
DA:229,13
DA:237,1
DA:238,8
DA:240,8
DA:241,9
DA:243,8
DA:244,3
DA:246,8
DA:247,1
DA:249,8
DA:250,1
DA:252,8
DA:253,1
DA:256,8
DA:269,1
DA:270,5
DA:279,1
DA:280,103
DA:281,99
DA:282,99
DA:293,1
DA:299,59
DA:300,59
DA:302,59
DA:306,13
DA:310,4
DA:313,17
DA:316,4
DA:318,2
DA:320,2
DA:322,2
DA:324,2
DA:326,3
DA:328,3
DA:330,2
DA:332,3
DA:334,2
DA:344,1
DA:345,113
DA:347,113
DA:348,91
DA:351,22
DA:352,22
DA:353,22
DA:355,22
DA:363,1
DA:364,67
DA:365,67
DA:366,67
DA:367,67
DA:369,67
DA:370,267
DA:372,267
DA:373,5
DA:374,5
DA:375,5
DA:376,262
DA:377,5
DA:378,5
DA:379,5
DA:380,257
DA:381,11
DA:382,11
DA:383,11
DA:384,246
DA:385,11
DA:386,11
DA:387,11
DA:388,235
DA:389,200
DA:390,200
DA:391,14
DA:392,14
DA:393,14
DA:394,14
DA:395,186
DA:396,9
DA:397,9
DA:398,9
DA:399,9
DA:401,177
DA:404,35
DA:408,67
DA:409,67
DA:418,1
DA:419,75
DA:420,75
DA:422,75
DA:423,124
DA:424,25
DA:425,99
DA:426,6
DA:427,93
DA:428,3
DA:430,90
DA:435,75
DA:436,75
DA:437,25
DA:438,14
DA:439,14
DA:441,11
DA:446,75
DA:447,75
DA:448,11
DA:449,11
DA:450,11
DA:452,0
DA:456,75
DA:465,1
DA:466,57
DA:467,57
DA:470,57
DA:471,7
DA:472,7
DA:473,7
DA:474,7
DA:475,7
DA:478,57
DA:491,1
DA:492,41
DA:493,41
DA:495,41
DA:496,415
DA:498,415
DA:499,49
DA:500,49
DA:501,366
DA:502,47
DA:503,8
DA:504,8
DA:506,319
DA:510,2
DA:518,1
DA:519,68
DA:520,68
DA:522,68
DA:523,925
DA:524,925
DA:526,925
DA:527,888
DA:528,888
DA:531,37
DA:532,37
DA:533,37
DA:534,37
DA:536,37
DA:537,1
DA:538,1
DA:541,36
DA:547,36
DA:550,68
DA:558,1
DA:559,46
DA:560,46
DA:561,46
DA:563,46
DA:564,361
DA:566,361
DA:567,7
DA:568,7
DA:569,354
DA:570,7
DA:571,7
DA:572,347
DA:573,322
DA:574,322
DA:575,13
DA:581,13
DA:582,13
DA:585,309
DA:586,309
DA:587,9
DA:593,9
DA:594,9
DA:597,300
DA:599,25
DA:603,46
DA:611,1
DA:612,40
DA:614,40
DA:615,28
DA:618,12
DA:624,12
DA:625,17
DA:626,17
DA:627,17
DA:628,17
DA:630,17
DA:631,10
DA:632,7
DA:633,7
DA:634,7
DA:638,12
DA:648,1
DA:653,36
DA:655,36
DA:656,22
DA:659,14
DA:660,7
DA:661,6
DA:665,8
DA:674,1
DA:675,33
DA:676,33
DA:678,33
DA:679,63
DA:680,63
DA:683,30
DA:685,30
DA:686,30
DA:687,31
DA:688,31
DA:690,31
DA:691,31
DA:692,31
DA:695,30
DA:696,30
DA:699,33
DA:711,1
DA:717,25
DA:719,25
DA:722,25
DA:723,35
DA:731,25
DA:732,25
DA:733,6
DA:740,25
DA:742,25
DA:743,25
DA:745,25
DA:746,41
DA:747,41
DA:748,41
DA:749,41
DA:751,41
DA:752,35
DA:753,6
DA:754,6
DA:758,25
DA:767,1
DA:768,18
DA:770,18
DA:771,24
DA:772,15
DA:776,3
DA:785,1
DA:786,21
DA:788,21
DA:789,11
DA:790,11
DA:804,1
DA:805,51
DA:806,51
DA:809,51
DA:810,11
DA:811,11
DA:813,9
DA:814,9
DA:821,51
DA:823,27
DA:824,4
DA:825,4
DA:827,2
DA:828,2
DA:830,1
DA:833,2
DA:837,24
DA:838,22
DA:839,2
DA:841,2
DA:842,2
DA:843,2
DA:845,0
DA:848,0
DA:852,48
DA:862,1
DA:863,53
DA:866,53
DA:867,53
DA:868,12
DA:869,11
DA:871,1
DA:875,53
DA:876,53
DA:880,53
DA:891,1
DA:897,28
DA:900,28
DA:901,6
DA:902,6
DA:903,4
DA:904,4
DA:906,1
DA:911,27
DA:913,24
DA:914,47
DA:923,1
DA:924,28
DA:925,28
DA:927,28
DA:928,47
DA:929,47
DA:931,47
DA:932,21
DA:935,47
DA:938,28
DA:952,1
DA:957,15
DA:959,15
DA:960,15
DA:961,14
DA:962,14
DA:967,15
DA:968,13
DA:971,2
DA:972,2
DA:973,2
DA:974,0
DA:978,2
DA:987,1
DA:988,20
DA:990,20
DA:991,20
DA:992,20
DA:993,20
DA:995,20
DA:996,46
DA:998,46
DA:999,12
DA:1000,12
DA:1001,11
DA:1002,11
DA:1003,11
DA:1006,34
DA:1008,34
DA:1009,34
DA:1011,34
DA:1012,2
DA:1013,2
DA:1018,20
DA:1031,1
DA:1033,39
DA:1035,41
DA:1036,15
DA:1037,15
DA:1039,26
DA:1040,26
DA:1053,1
DA:1054,22
DA:1072,1
DA:1073,17
DA:1074,3
DA:1077,14
DA:1080,14
DA:1081,14
DA:1082,14
DA:1083,14
DA:1084,14
DA:1086,14
DA:1097,1
DA:1099,1
DA:1107,1
DA:1111,2
DA:1115,2
DA:1123,1
DA:1124,0
DA:1226,0
DA:1227,0
DA:1229,0
DA:1230,0
DA:1232,0
DA:1233,0
DA:1236,0
DA:1237,0
DA:1238,0
DA:1241,0
DA:1244,0
DA:1245,0
DA:1246,0
DA:1247,0
DA:1248,0
DA:1254,0
DA:1256,0
DA:1257,0
DA:1266,0
DA:1267,0
DA:1268,0
DA:1273,0
DA:1276,0
DA:1280,0
DA:1281,0
DA:1289,0
DA:1294,0
DA:1295,0
DA:1299,0
DA:1301,0
DA:1305,0
LF:455
LH:419
BRDA:100,0,0,3
BRDA:100,0,1,20
BRDA:100,1,0,23
BRDA:100,1,1,22
BRDA:102,2,0,3
BRDA:102,2,1,17
BRDA:130,3,0,1
BRDA:130,3,1,23
BRDA:135,4,0,22
BRDA:135,4,1,1
BRDA:135,5,0,23
BRDA:135,5,1,23
BRDA:168,6,0,14
BRDA:168,6,1,0
BRDA:177,7,0,3
BRDA:177,7,1,0
BRDA:280,8,0,4
BRDA:280,8,1,99
BRDA:282,9,0,99
BRDA:282,9,1,97
BRDA:300,10,0,57
BRDA:300,10,1,2
BRDA:302,11,0,11
BRDA:302,11,1,12
BRDA:302,11,2,13
BRDA:302,11,3,2
BRDA:302,11,4,3
BRDA:302,11,5,4
BRDA:302,11,6,16
BRDA:302,11,7,17
BRDA:302,11,8,3
BRDA:302,11,9,4
BRDA:302,11,10,2
BRDA:302,11,11,2
BRDA:302,11,12,2
BRDA:302,11,13,2
BRDA:302,11,14,3
BRDA:302,11,15,3
BRDA:302,11,16,2
BRDA:302,11,17,3
BRDA:302,11,18,2
BRDA:326,12,0,3
BRDA:326,12,1,0
BRDA:328,13,0,3
BRDA:328,13,1,1
BRDA:332,14,0,3
BRDA:332,14,1,2
BRDA:347,15,0,91
BRDA:347,15,1,22
BRDA:372,16,0,5
BRDA:372,16,1,262
BRDA:372,17,0,267
BRDA:372,17,1,259
BRDA:372,17,2,10
BRDA:376,18,0,5
BRDA:376,18,1,257
BRDA:376,19,0,262
BRDA:376,19,1,5
BRDA:380,20,0,11
BRDA:380,20,1,246
BRDA:380,21,0,257
BRDA:380,21,1,11
BRDA:381,22,0,0
BRDA:381,22,1,11
BRDA:384,23,0,11
BRDA:384,23,1,235
BRDA:384,24,0,246
BRDA:384,24,1,11
BRDA:385,25,0,9
BRDA:385,25,1,2
BRDA:388,26,0,200
BRDA:388,26,1,35
BRDA:390,27,0,14
BRDA:390,27,1,186
BRDA:391,28,0,13
BRDA:391,28,1,1
BRDA:395,29,0,9
BRDA:395,29,1,177
BRDA:396,30,0,6
BRDA:396,30,1,3
BRDA:408,31,0,62
BRDA:408,31,1,5
BRDA:423,32,0,25
BRDA:423,32,1,99
BRDA:423,33,0,124
BRDA:423,33,1,110
BRDA:425,34,0,6
BRDA:425,34,1,93
BRDA:427,35,0,3
BRDA:427,35,1,90
BRDA:437,36,0,14
BRDA:437,36,1,11
BRDA:438,37,0,14
BRDA:438,37,1,10
BRDA:448,38,0,11
BRDA:448,38,1,0
BRDA:449,39,0,11
BRDA:449,39,1,7
BRDA:456,40,0,74
BRDA:456,40,1,1
BRDA:456,41,0,75
BRDA:456,41,1,75
BRDA:498,42,0,49
BRDA:498,42,1,366
BRDA:501,43,0,47
BRDA:501,43,1,319
BRDA:502,44,0,39
BRDA:502,44,1,8
BRDA:526,45,0,888
BRDA:526,45,1,37
BRDA:536,46,0,1
BRDA:536,46,1,36
BRDA:566,47,0,7
BRDA:566,47,1,354
BRDA:569,48,0,7
BRDA:569,48,1,347
BRDA:572,49,0,322
BRDA:572,49,1,25
BRDA:574,50,0,13
BRDA:574,50,1,309
BRDA:586,51,0,9
BRDA:586,51,1,300
BRDA:614,52,0,28
BRDA:614,52,1,12
BRDA:627,53,0,5
BRDA:627,53,1,12
BRDA:627,54,0,17
BRDA:627,54,1,17
BRDA:627,55,0,12
BRDA:627,55,1,5
BRDA:627,56,0,17
BRDA:627,56,1,17
BRDA:630,57,0,10
BRDA:630,57,1,7
BRDA:630,58,0,17
BRDA:630,58,1,10
BRDA:632,59,0,7
BRDA:632,59,1,0
BRDA:655,60,0,22
BRDA:655,60,1,14
BRDA:660,61,0,6
BRDA:660,61,1,1
BRDA:665,62,0,3
BRDA:665,62,1,5
BRDA:665,63,0,8
BRDA:665,63,1,3
BRDA:680,64,0,33
BRDA:680,64,1,30
BRDA:688,65,0,0
BRDA:688,65,1,31
BRDA:695,66,0,0
BRDA:695,66,1,30
BRDA:725,67,0,33
BRDA:725,67,1,2
BRDA:732,68,0,6
BRDA:732,68,1,19
BRDA:732,69,0,19
BRDA:732,69,1,6
BRDA:732,70,0,25
BRDA:732,70,1,6
BRDA:748,71,0,16
BRDA:748,71,1,25
BRDA:748,72,0,41
BRDA:748,72,1,41
BRDA:748,73,0,25
BRDA:748,73,1,16
BRDA:748,74,0,41
BRDA:748,74,1,41
BRDA:751,75,0,35
BRDA:751,75,1,6
BRDA:751,76,0,41
BRDA:751,76,1,35
BRDA:753,77,0,6
BRDA:753,77,1,0
BRDA:771,78,0,15
BRDA:771,78,1,9
BRDA:776,79,0,2
BRDA:776,79,1,1
BRDA:776,80,0,3
BRDA:776,80,1,3
BRDA:776,81,0,1
BRDA:776,81,1,2
BRDA:776,82,0,3
BRDA:776,82,1,2
BRDA:789,83,0,10
BRDA:789,83,1,1
BRDA:789,84,0,11
BRDA:789,84,1,11
BRDA:809,85,0,11
BRDA:809,85,1,40
BRDA:809,86,0,51
BRDA:809,86,1,18
BRDA:811,87,0,9
BRDA:811,87,1,2
BRDA:811,88,0,11
BRDA:811,88,1,7
BRDA:811,88,2,4
BRDA:811,88,3,2
BRDA:821,89,0,75
BRDA:821,89,1,29
BRDA:823,90,0,4
BRDA:823,90,1,23
BRDA:825,91,0,2
BRDA:825,91,1,2
BRDA:825,92,0,4
BRDA:825,92,1,2
BRDA:825,92,2,2
BRDA:825,92,3,0
BRDA:837,93,0,22
BRDA:837,93,1,2
BRDA:837,94,0,24
BRDA:837,94,1,24
BRDA:837,94,2,22
BRDA:839,95,0,2
BRDA:839,95,1,0
BRDA:842,96,0,2
BRDA:842,96,1,0
BRDA:868,97,0,11
BRDA:868,97,1,1
BRDA:868,98,0,12
BRDA:868,98,1,12
BRDA:868,98,2,12
BRDA:869,99,0,10
BRDA:869,99,1,1
BRDA:869,100,0,11
BRDA:869,100,1,10
BRDA:877,101,0,12
BRDA:877,101,1,41
BRDA:900,102,0,6
BRDA:900,102,1,22
BRDA:902,103,0,4
BRDA:902,103,1,2
BRDA:902,104,0,6
BRDA:902,104,1,4
BRDA:911,105,0,3
BRDA:911,105,1,24
BRDA:913,106,0,24
BRDA:913,106,1,2
BRDA:960,107,0,14
BRDA:960,107,1,1
BRDA:961,108,0,0
BRDA:961,108,1,14
BRDA:963,109,0,14
BRDA:963,109,1,14
BRDA:963,110,0,14
BRDA:963,110,1,14
BRDA:967,111,0,13
BRDA:967,111,1,2
BRDA:967,112,0,15
BRDA:967,112,1,13
BRDA:971,113,0,2
BRDA:971,113,1,0
BRDA:972,114,0,0
BRDA:972,114,1,2
BRDA:973,115,0,0
BRDA:973,115,1,2
BRDA:973,116,0,2
BRDA:973,116,1,0
BRDA:973,117,0,2
BRDA:973,117,1,2
BRDA:998,118,0,12
BRDA:998,118,1,34
BRDA:1000,119,0,11
BRDA:1000,119,1,1
BRDA:1011,120,0,2
BRDA:1011,120,1,32
BRDA:1011,121,0,34
BRDA:1011,121,1,4
BRDA:1011,121,2,2
BRDA:1035,122,0,15
BRDA:1035,122,1,26
BRDA:1037,123,0,12
BRDA:1037,123,1,3
BRDA:1040,124,0,23
BRDA:1040,124,1,3
BRDA:1073,125,0,3
BRDA:1073,125,1,14
BRDA:1073,126,0,17
BRDA:1073,126,1,14
BRDA:1245,127,0,0
BRDA:1245,127,1,0
BRDA:1245,128,0,0
BRDA:1245,128,1,0
BRDA:1245,129,0,0
BRDA:1245,129,1,0
BRDA:1247,130,0,0
BRDA:1247,130,1,0
BRDA:1247,131,0,0
BRDA:1247,131,1,0
BRDA:1256,132,0,0
BRDA:1256,132,1,0
BRDA:1256,133,0,0
BRDA:1256,133,1,0
BRDA:1266,134,0,0
BRDA:1266,134,1,0
BRDA:1280,135,0,0
BRDA:1280,135,1,0
BRDA:1294,136,0,0
BRDA:1294,136,1,0
BRF:299
BRH:262
end_of_record
